9835114225834;Log Opened: Mark IV Field System Version 9.3.17
9835114225835;location,WETTZELL,W,-12.88,49.15,609.5,72247801,100,30,70,1990
9835114225835;horizon1,0.,10.,360.
9835114225835;head0,all,odd,odd,odd,adaptive,no,5.0000,1
9835114225835;head1,940.5,84.9,-356.8,1179.9,92.9,13.6,116.73,116.73
9835114225835;head2,826.5,75.4,180.7,1115.4,93.1,16.7,164.33,164.33
9835114225836;antenna,20.0,180.0,90.0,270.0,90.0,0.0,90.0,azel
9835114225836;equip1,100,330,240,8450.0,70,30,mk3,mk3,101
9835114225836;equip2,10.000,0.000,0.000,0.000,0.000,268,54625,500.10,2,a/d,0.000,0
9835114225836;time,4.419,21.617,rate
9835114225836;sw,no
9835114225836:" i98351    1998 WETTZELL  V   Wz
9835114225837:" V  WETTZELL AZEL 0.0000 180.0     0 270.0 810.0 90.0     0 2.0 89.0 20.0 Wz 33
9835114225837:" Wz WETTZELL  4075539.89941   931735.27025  4801629.35185 72247801
9835114225837:"  33   WETTZELL 12 2900
9835114225837:source=0014+813,001404.5,811828.2,1950.0,cw
9835114225871:nw2a1=1
9835114225871&nw2a1/tapefrmnwa
9835114225871&nw2a1/pass=$,same
9835114225871&nw2a1/form=a,4.000
9835114225872&nw2a1/form=reset
9835114225872&nw2a1/vcnw2
9835114225872&nw2a1/ifdnw
9835114225872&nw2a1/tape=low
9835114225872&nw2a1/enable=g1,g2,g3,g4
9835114225872&nw2a1/repro=byp,5,17
9835114225872&nw2a1/decode=a,crc
9835114225873&nw2a1/decode
9835114225873&tapefrmnwa/tapeforma
9835114225874&tapeforma/tapeform= 1,-350, 2,  0, 3,-295,  4, 55,  5,-240,  6,110
9835114225874&tapeforma/tapeform= 7,-185, 8,165, 9,-130, 10,220, 11, -75, 12,275
9835114225884  check_onso: FS_time - Antenna_time = 51700.1 sec.
 
9835114225945/pass/1,1,auto,-350.0,-350.0,-350.0,-349.2,0.0,0.8
9835114230051&vcnw2/vc01=102.99,2.000
9835114230051&vcnw2/vc02=142.99,2.000
9835114230052&vcnw2/vc03=342.99,2.000
9835114230052&vcnw2/vc04=482.99,2.000
9835114230052&vcnw2/vc05=102.89,2.000
9835114230052&vcnw2/vc06=202.89,2.000
9835114230052&vcnw2/vc07=262.89,2.000
9835114230052&vcnw2/vc08=282.89,2.000
9835114230053&vcnw2/vc09=192.99,2.000
9835114230053&vcnw2/vc10=202.99,2.000
9835114230053&vcnw2/vc11=237.99,2.000
9835114230053&vcnw2/vc12=277.99,2.000
9835114230053&vcnw2/vc13=297.99,2.000
9835114230053&vcnw2/vc14=302.99,2.000
9835114230053&vcnw2/!+1s
9835114230054&vcnw2/valarm
9835114230219&valarm/vc01=alarm
9835114230220&valarm/vc02=alarm
9835114230220&valarm/vc03=alarm
9835114230220&valarm/vc04=alarm
9835114230220&valarm/vc05=alarm
9835114230220&valarm/vc06=alarm
9835114230220&valarm/vc07=alarm
9835114230220&valarm/vc08=alarm
9835114230221&valarm/vc09=alarm
9835114230221&valarm/vc10=alarm
9835114230221&valarm/vc11=alarm
9835114230221&valarm/vc12=alarm
9835114230221&valarm/vc13=alarm
9835114230221&valarm/vc14=alarm
9835114230294&ifdnw/ifd=9,25,nor,nor
9835114230294&ifdnw/if3=5,in,1,1
9835114230294&ifdnw/if3=alarm
9835114230294&ifdnw/lo=8080.00,2020.00,8580.10
9835114230294&ifdnw/upconv=0,0,0
9835114230294&ifdnw/patch=lo1,1l,2l,3h,4h
9835114230294&ifdnw/patch=lo2,9l,10l,11h,12h,13h,14h
9835114230295&ifdnw/patch=lo3,5h,6h,7h,8h
9835114230370/decode/a,crc,pass
9835114230370:ready
9835114230370&ready/sxcts
9835114230371&ready/rxmon
9835114230371&ready/newtape
9835114230371&ready/st=for,135,off
9835114230371&ready/!+11s
9835114230371&ready/et
9835114230371&ready/!+3s
9835114230372&ready/label
9835114230372&ready/check=*,tp
9835114230372&sxcts/tpi=v1,v2,v3,v4,v5,v6,v7,v8,if1,if3
9835114230373&sxcts/tpi=v9,v10,v11,v12,v13,v14,if2
9835114230373&sxcts/ifd=max,max,*,*
9835114230373&sxcts/if3=max,*,*,*,*,*
9835114230373&sxcts/!+2s
9835114230373&sxcts/tpzero=v1,v2,v3,v4,v5,v6,v7,v8,if1,if3
9835114230373&sxcts/tpzero=v9,v10,v11,v12,v13,v14,if2
9835114230374&sxcts/ifd=old,old,*,*
9835114230374&sxcts/if3=old,*,*,*,*,*
9835114230374&sxcts/calon
9835114230374&sxcts/!+2s
9835114230374&sxcts/tpical=v1,v2,v3,v4,v5,v6,v7,v8,if1,if3
9835114230374&sxcts/tpical=v9,v10,v11,v12,v13,v14,if2
9835114230374&sxcts/caloff
9835114230375&sxcts/caltemps
9835114230375&sxcts/tsys1=v1,v2,v3,v4,v5,v6,v7,v8,if1,if3
9835114230375&sxcts/tsys2=v9,v10,v11,v12,v13,v14,if2
9835114230414/tpi/19372,14644,16883,9749,6628,6045,10055,11731,14797,14088
9835114230439/tpi/20573,15655,12552,12813,16357,26733,29543
9835114230683/tpzero/1205,834,94,190,1055,200,731,476,417,75
9835114230707/tpzero/464,231,508,323,791,1308,470
9835114230717&calon/rx=*,*,*,*,*,*,on
9835114230958/tpical/25994,19806,23823,13746,16611,15775,14238,16667,20537,20319
9835114230982/tpical/29434,22559,17302,16514,23090,37003,40428
9835114230982&caloff/rx=*,*,*,*,*,*,off
9835114230992&caltemps/caltemp1=20.8
9835114230992&caltemps/caltemp2=21.4
9835114230992&caltemps/caltemp3=20.8
9835114230995/tsys1/57.1,55.6,50.3,49.7,11.6,12.5,46.4,47.4,52.1,46.8
9835114230997/tsys2/48.6,47.8,54.3,72.2,49.5,53.0,57.2
9835114230997&rxmon/rx=02,*,*,*,*,*,*
9835114230997&rxmon/rx
9835114230998&rxmon/rx=03,*,*,*,*,*,*
9835114230998&rxmon/rx
9835114230998&rxmon/rx=0e,*,*,*,*,*,*
9835114230998&rxmon/rx
9835114230998&rxmon/rx=17,*,*,*,*,*,*
9835114230998&rxmon/rx
9835114230999&rxmon/rx=1e,*,*,*,*,*,*
9835114230999&rxmon/rx
9835114230999&rxmon/rx=1f,*,*,*,*,*,*
9835114231012/rx/02(LO),on,a,on,on,on,off,locked,33.02
9835114231024/rx/03(DCAL),on,a,on,on,on,off,locked,47.43
9835114231035/rx/0E(LO5MHZ),on,a,on,on,on,off,locked,2.203
9835114231046/rx/17(PRES),on,a,on,on,on,off,locked,0.464
9835114231057/rx/1E(20K),on,a,on,on,on,off,locked,24.11
9835114231065/newtape/"to continue, use label command"
9835114235064;label=wesa1072,efc3
9835114240494/label/WESA1072,EFC3
9835114240495:!351144843
9835114241556;check=all,-v15,-rx
9835114244084;"session i98351, thu, dec 17th, 1998.
9835114284565;wxz
9835114291805;"wx/ 10% clouds, warm, no wind, no precipitation.
9835114292000;status
9835114300891;"delta {ut(c;wz) - ut(efos-01)} = +27.665 micsec at 351/11:45ut.
9835114305211;"delta {ut(c;wz)-ut(gps;sv#18)} = + 2.398 micsec at 351/08:38ut.
9835114484301:preob
9835114484301&preob/onsource
9835114484301&preob/calon
9835114484302&preob/!+2s
9835114484302&preob/tpical=v1,v2,v3,v4,v5,v6,v7,v8,if1,if3
9835114484302&preob/tpical=v9,v10,v11,v12,v13,v14,if2
9835114484302&preob/caloff
9835114484309/onsource/TRACKING
9835114484549/tpical/25958,19785,23728,13705,16666,15848,14319,16731,20538,20434
9835114484571/tpical/29217,22358,16794,14286,22910,36721,39547
9835114484579:!351144913
9835114485754?ERROR ch -352 Tape head 2 is not in requested position.
9835114491301:tape
9835114491311/tape/off,00116,norm,moving,stop,unlock,ready,rem
9835114491311:st=for,135
9835114491324:"data start"
9835114491324:midob
9835114491325&midob/sy=run setcl &
9835114491325&midob/onsource
9835114491325&midob/antenna=check
9835114491325&midob/wx
9835114491325&midob/cable
9835114491325&midob/counter2
9835114491326&midob/ifd
9835114491326&midob/if3
9835114491326&midob/vc02
9835114491326&midob/vc06
9835114491326&midob/vc11
9835114491326&midob/tpi=v1,v2,v3,v4,v5,v6,v7,v8,if1,if3
9835114491326&midob/tpi=v9,v10,v11,v12,v13,v14,if2
9835114491327&midob/caltemps
9835114491327&midob/tsys1=v1,v2,v3,v4,v5,v6,v7,v8,if1,if3
9835114491327&midob/tsys2=v9,v10,v11,v12,v13,v14,if2
9835114491353/onsource/TRACKING
9835114491354#antcn#Received message for antenna: CHECK
9835114491355/wx/ 4.2,958.3,79.4
9835114491443/cable/+3.163E-04
9835114491614/gps-fmout/+2.53E-05
9835114491620/ifd/9,25,nor,nor,rem,14873,27845
9835114491627/if3/5,in,,1,,,present,500.10,rem,lock,14637
9835114491634/vc02/142.99,2.000,u,10,10,rem,lock,14656
9835114491641/vc06/202.89,2.000,u,10,10,rem,lock,11442
9835114491648/vc11/237.99,2.000,u,10,10,rem,lock,11597
9835114491678/tpi/19431,14656,16956,9759,12105,11442,10445,12156,14873,14637
9835114491700/tpi/19921,15060,11597,10138,15763,25882,27845
9835114491704/tsys1/58.1,56.1,51.8,50.4,50.4,53.1,52.2,53.1,53.1,52.2
9835114491705/tsys2/44.8,43.5,45.7,50.6,44.8,48.5,50.1
9835114491705:!351145143
9835114491705;"the system runs as usually, no techn. problem detected presently.
9835114491714#setcl#time/2232590,5,1998,351,14,49,17.06,4.399,6.165,-2
9835114491714#setcl#model/old,913883963,-13297,13133,4.419,21.617,rate
9835114492299;pass
9835114492325/pass/1,1,auto,-350.0,-350.0,-349.4,-347.6,0.6,2.4
9835114492938;nw2a1=1
9835114492939&nw2a1/tapefrmnwa
9835114492939&nw2a1/pass=$,same
9835114492939&nw2a1/form=a,4.000
9835114492939&nw2a1/form=reset
9835114492939&nw2a1/vcnw2
9835114492939&nw2a1/ifdnw
9835114492940&nw2a1/tape=low
9835114492940&nw2a1/enable=g1,g2,g3,g4
9835114492940&nw2a1/repro=byp,5,17
9835114492940&nw2a1/decode=a,crc
9835114492940&nw2a1/decode
9835114492941&tapefrmnwa/tapeforma
9835114492942&tapeforma/tapeform= 1,-350, 2,  0, 3,-295,  4, 55,  5,-240,  6,110
9835114492942&tapeforma/tapeform= 7,-185, 8,165, 9,-130, 10,220, 11, -75, 12,275
9835114493031/pass/1,1,auto,-350.0,-350.0,-348.8,-349.2,1.2,0.8
9835114493441/decode/a,crc,pass
9835114493538;pass
9835114493567/pass/1,1,auto,-350.0,-350.0,-349.4,-350.0,0.6,-0.0
9835114514301:"data stop"
9835114514301:et
9835114514313:!+3s
9835114514615:tape
9835114514625/tape/off,01794,norm,moving,stop,unlock,ready,rem
9835114514625:postob
9835114514626&postob/cable
9835114514626&postob/counter2
9835114514626&postob/onsource
9835114514626&postob/antenna=nocheck
9835114514755/cable/+3.171E-04
9835114514812/gps-fmout/+2.52E-05
9835114514819/onsource/TRACKING
9835114514820#antcn#Received message for antenna: NOCHECK
9835114514821:source=1741-038,174120.6,-034848.9,1950.0,neutral
9835114514863:check2a1
9835114514863&check2a1/check2c1
9835114514864&check2c1/check=*,-tp,-hd
9835114514864&check2c1/enable=
9835114514864&check2c1/decode=a,crc,byte
9835114514864&check2c1/parity=,,ab,on,g1,g3
9835114514864&check2c1/fastr=15s
9835114514865&check2c1/!+6s
9835114514865&check2c1/!*
9835114514865&check2c1/st=for,135,off
9835114514865&check2c1/!+4s
9835114514865&check2c1/repro=raw,1,3
9835114514865&check2c1/parity
9835114514865&check2c1/repro=byp,0,0
9835114514866&check2c1/!*+29.20s
9835114514866&check2c1/et
9835114514866&check2c1/!+3s
9835114514866&check2c1/check=*,tp,hd
9835114514876&fastr/rw
9835114514876&fastr/!+$
9835114514877&fastr/et
9835114522905/parity/0.,0.,0.,0.,0.,33.,0.,0.,0.,0.,0.,33.,0.,0.
9835114522906/parity/0,0,0,0,0,0,0,0,0,0,0,0,0,0
9835114524245:nw2a1=1
9835114524316/pass/1,1,auto,-350.0,-350.0,-349.4,-350.0,0.6,-0.0
9835114524729/decode/a,crc,pass
9835114524730:!351145326
9835114532601:preob
9835114532609/onsource/TRACKING
9835114532850/tpical/28278,21536,26024,14885,18126,17193,15422,18038,22432,22146
9835114532872/tpical/34666,26791,20963,17970,26193,41830,47898
9835114532880:!351145356
9835114535601:tape
9835114535611/tape/off,01791,norm,moving,stop,unlock,ready,rem
9835114535611:st=for,135
9835114535623:"data start"
9835114535624:midob
9835114535650/onsource/TRACKING
9835114535651#antcn#Received message for antenna: CHECK
9835114535652/wx/ 4.1,958.3,80.3
9835114535747/cable/+3.167E-04
9835114535813/gps-fmout/+2.51E-05
9835114535820/ifd/9,25,nor,nor,rem,16783,36352
9835114535827/if3/5,in,,1,,,present,500.10,rem,lock,16358
9835114535834/vc02/142.99,2.000,u,10,10,rem,lock,16449
9835114535840/vc06/202.89,2.000,u,10,10,rem,lock,12826
9835114535847/vc11/237.99,2.000,u,10,10,rem,lock,15863
9835114535878/tpi/21793,16449,19304,10972,13562,12826,11538,13482,16783,16358
9835114535900/tpi/25485,19584,15863,13978,20099,32801,36352
9835114535904/tsys1/66.0,63.8,59.5,57.3,57.0,60.1,57.9,59.4,60.3,58.5
9835114535905/tsys2/58.3,57.5,64.4,73.2,67.8,74.6,66.5
9835114535906:!351145536
9835114535914#setcl#time/2260789,4,1998,351,14,53,59.06,4.382,6.243,-2
9835114535914#setcl#model/old,913883963,-13297,13133,4.419,21.617,rate
9835114553601:"data stop"
9835114553601:et
9835114553613:!+3s
9835114553915:tape
9835114553925/tape/off,02907,norm,stopped,stop,unlock,ready,rem
9835114553925:postob
9835114553955/cable/+3.173E-04
9835114554012/gps-fmout/+2.51E-05
9835114554020/onsource/TRACKING
9835114554021#antcn#Received message for antenna: NOCHECK
9835114554021:source=nrao512,163848.2,395230.3,1950.0,cw
9835114554245:midtp
9835114554246&midtp/ifd=max,max,*,*
9835114554246&midtp/if3=max,*,*,*,*,*
9835114554246&midtp/!+2s
9835114554246&midtp/tpzero=v1,v2,v3,v4,v5,v6,v7,v8,if1,if3
9835114554246&midtp/tpzero=v9,v10,v11,v12,v13,v14,if2
9835114554247&midtp/ifd=old,old,*,*
9835114554247&midtp/if3=old,*,*,*,*,*
9835114554247&midtp/rxmon
9835114554247&midtp/
9835114554489/tpzero/1209,836,94,190,1054,198,726,472,411,75
9835114554512/tpzero/470,218,512,318,780,1303,506
9835114554532/rx/02(LO),on,a,on,on,on,off,locked,33.51
9835114554542/rx/03(DCAL),on,a,on,on,on,off,locked,47.19
9835114554553/rx/0E(LO5MHZ),on,a,on,on,on,off,locked,2.203
9835114554564/rx/17(PRES),on,a,on,on,on,off,locked,0.464
9835114554575/rx/1E(20K),on,a,on,on,on,off,locked,24.42
9835114554582:nw2a1=2
9835114554849/pass/2,2,auto,0.0,0.0,-0.5,-1.2,-0.5,-1.2
9835114555256/decode/a,crc,pass
9835114555257:fastf=0m6s
9835114555257&fastf/ff
9835114555257&fastf/!+$
9835114555257&fastf/et
9835114555890:!351145621
9835114562101:preob
9835114562111/onsource/TRACKING
9835114562351/tpical/26355,20043,24024,13886,16975,16122,14522,16982,20784,20727
9835114562373/tpical/29821,22637,17431,15285,22365,35737,41235
9835114562381:!351145651
9835114565101:tape
9835114565111/tape/low,02979,norm,stopped,stop,unlock,ready,rem
9835114565111:st=rev,135
9835114565124:"data start"
9835114565125:midob
9835114565142/onsource/TRACKING
9835114565143#antcn#Received message for antenna: CHECK
9835114565144/wx/ 4.0,958.3,82.1
9835114565263/cable/+3.163E-04
9835114565413/gps-fmout/+2.52E-05
9835114565420/ifd/9,25,nor,nor,rem,15131,30137
9835114565427/if3/5,in,,1,,,present,500.10,rem,lock,14924
9835114565434/vc02/142.99,2.000,u,10,10,rem,lock,14923
9835114565440/vc06/202.89,2.000,u,10,10,rem,lock,11734
9835114565447/vc11/237.99,2.000,u,10,10,rem,lock,12526
9835114565477/tpi/19802,14923,17284,9941,12378,11734,10645,12387,15131,14924
9835114565499/tpi/20527,15334,12526,12072,15845,25930,30137
9835114565503/tsys1/59.0,57.2,53.0,51.4,51.2,54.7,53.2,53.9,54.2,53.2
9835114565504/tsys2/46.2,44.3,52.4,78.3,49.4,53.7,57.1
9835114565505:!351145831
9835114565513#setcl#time/2278387,4,1998,351,14,56,55.05,4.386,6.292,-2
9835114565513#setcl#model/old,913883963,-13297,13133,4.419,21.617,rate
9835114583101:"data stop"
9835114583101:et
9835114583113:!+3s
9835114583415:tape
9835114583425/tape/off,01863,norm,moving,stop,unlock,ready,rem
9835114583425:postob
9835114583471/cable/+3.176E-04
9835114583614/gps-fmout/+2.53E-05
9835114583622/onsource/TRACKING
9835114583623#antcn#Received message for antenna: NOCHECK
9835114583624:source=2201+315,220101.5,313105.7,1950.0,neutral
9835114583662:check2a2
9835114583662&check2a2/check2c2
9835114583663&check2c2/check=*,-tp,-hd
9835114583663&check2c2/enable=
9835114583663&check2c2/decode=a,crc,byte
9835114583663&check2c2/parity=,,ab,on,g2,g4
9835114583663&check2c2/fastf=15s
9835114583664&check2c2/!+6s
9835114583664&check2c2/!*
9835114583664&check2c2/st=rev,135,off
9835114583664&check2c2/!+4s
9835114583664&check2c2/repro=raw,2,4
9835114583664&check2c2/parity
9835114583665&check2c2/repro=byp,0,0
9835114583665&check2c2/!*+29.20s
9835114583665&check2c2/et
9835114583665&check2c2/!+3s
9835114583665&check2c2/check=*,tp,hd
9835114591707/parity/0.,0.,0.,33.,0.,0.,0.,49.,0.,163.,0.,16.,0.,0.
9835114591707/parity/0,0,0,0,0,0,0,0,0,0,0,0,0,0
9835114593045:nw2a1=2
9835114593105/pass/2,2,auto,0.0,0.0,-0.5,-0.4,-0.5,-0.4
9835114593520/decode/a,crc,pass
9835114593521:!351150014
9835115001401:preob
9835115001410/onsource/TRACKING
9835115001650/tpical/25861,19703,23556,13643,16589,15783,14298,16700,20417,20344
9835115001673/tpical/29300,22459,16795,14637,21739,34769,39894
9835115001681:!351150044
9835115004401:tape
9835115004411/tape/off,01866,norm,moving,stop,unlock,ready,rem
9835115004411:st=rev,135
9835115004424:"data start"
9835115004424:midob
9835115004452/onsource/TRACKING
9835115004453#antcn#Received message for antenna: CHECK
9835115004454/wx/ 3.9,958.3,82.1
9835115004579/cable/+3.179E-04
9835115004613/gps-fmout/+2.50E-05
9835115004620/ifd/9,25,nor,nor,rem,14765,28088
9835115004626/if3/5,in,,1,,,present,500.10,rem,lock,14526
9835115004633/vc02/142.99,2.000,u,10,10,rem,lock,14580
9835115004640/vc06/202.89,2.000,u,10,10,rem,lock,11393
9835115004647/vc11/237.99,2.000,u,10,10,rem,lock,11588
9835115004677/tpi/19284,14580,16792,9695,11993,11393,10379,12094,14765,14526
9835115004699/tpi/20028,15148,11588,10631,14900,24472,28088
9835115004703/tsys1/57.2,55.8,51.3,50.1,49.5,53.0,51.2,52.5,52.8,51.7
9835115004704/tsys2/45.1,43.7,45.5,55.1,44.2,48.2,50.0
9835115004704:!351150224
9835115004712#setcl#time/2301586,4,1998,351,15,00,47.05,4.380,6.357,-2
9835115004712#setcl#model/old,913883963,-13297,13133,4.419,21.617,rate
9835115022401:"data stop"
9835115022401:et
9835115022413:!+3s
9835115022715:tape
9835115022725/tape/off,00751,norm,moving,stop,unlock,ready,rem
9835115022725:postob
9835115022788/cable/+3.185E-04
9835115022815/gps-fmout/+2.54E-05
9835115022822/onsource/TRACKING
9835115022823#antcn#Received message for antenna: NOCHECK
9835115022823:source=0804+499,080458.4,495923.2,1950.0,ccw
9835115022863:midtp
9835115023104/tpzero/1208,841,91,190,1066,201,729,485,427,74
9835115023126/tpzero/480,227,521,317,791,1300,546
9835115023146/rx/02(LO),on,a,on,on,on,off,locked,32.05
9835115023157/rx/03(DCAL),on,a,on,on,on,off,locked,47.31
9835115023168/rx/0E(LO5MHZ),on,a,on,on,on,off,locked,2.203
9835115023179/rx/17(PRES),on,a,on,on,on,off,locked,0.389
9835115023190/rx/1E(20K),on,a,on,on,on,off,locked,24.08
9835115023198:nw2a1=3
9835115023497/pass/3,3,auto,-295.0,-295.0,-295.8,-293.8,-0.8,1.2
9835115023903/decode/a,crc,pass
9835115023904:fastr=0m31s
9835115031036:!351150407
9835115040701:preob
9835115040710/onsource/TRACKING
9835115040950/tpical/30933,23711,29045,16463,19903,18936,16772,19748,24955,24367
9835115040972/tpical/37642,29009,22541,18536,28557,45390,51587
9835115040980:!351150437
9835115043701:tape
9835115043711/tape/low,00120,norm,stopped,stop,unlock,ready,rem
9835115043711:st=for,135
9835115043724:"data start"
9835115043724:midob
9835115043742/onsource/TRACKING
9835115043743#antcn#Received message for antenna: CHECK
9835115043744/wx/ 3.7,958.3,83.0
9835115043779/cable/+3.198E-04
9835115043814/gps-fmout/+2.50E-05
9835115043820/ifd/9,25,nor,nor,rem,19275,39805
9835115043827/if3/5,in,,1,,,present,500.10,rem,lock,18533
9835115043834/vc02/142.99,2.000,u,10,10,rem,lock,18638
9835115043841/vc06/202.89,2.000,u,10,10,rem,lock,14536
9835115043848/vc11/237.99,2.000,u,10,10,rem,lock,17371
9835115043878/tpi/24411,18638,22372,12526,15303,14536,12870,15150,19275,18533
9835115043900/tpi/28437,21654,17371,14546,21834,35259,39805
9835115043904/tsys1/74.0,73.0,69.5,65.2,64.4,67.8,64.7,66.3,69.0,65.8
9835115043905/tsys2/65.0,62.3,69.7,76.3,67.0,71.7,71.3
9835115043905:!351150757
9835115043913#setcl#time/2324786,4,1998,351,15,04,39.06,4.373,6.421,-2
9835115043913#setcl#model/old,913883963,-13297,13133,4.419,21.617,rate
9835115075701:"data stop"
9835115075701:et
9835115075713:!+3s
9835115080015:tape
9835115080025/tape/off,02360,norm,moving,stop,unlock,ready,rem
9835115080025:postob
9835115080079/cable/+3.190E-04
9835115080212/gps-fmout/+2.53E-05
9835115080221/onsource/TRACKING
9835115080222#antcn#Received message for antenna: NOCHECK
9835115080222:source=1418+546,141806.2,543658.4,1950.0,ccw
9835115080262:midtp
9835115080502/tpzero/1237,839,97,200,1063,204,728,485,424,75
9835115080524/tpzero/477,229,516,334,792,1305,526
9835115080544/rx/02(LO),on,a,on,on,on,off,locked,33.63
9835115080555/rx/03(DCAL),on,a,on,on,on,off,locked,47.19
9835115080566/rx/0E(LO5MHZ),on,a,on,on,on,off,locked,2.205
9835115080577/rx/17(PRES),on,a,on,on,on,off,locked,0.389
9835115080588/rx/1E(20K),on,a,on,on,on,off,locked,24.42
9835115080596:check2a1
9835115084640/parity/0.,0.,0.,0.,0.,0.,0.,0.,0.,0.,0.,0.,0.,49.
9835115084640/parity/0,0,0,0,0,0,0,0,0,0,0,0,0,0
9835115085974:nw2a1=4
9835115090221/pass/4,4,auto,55.0,55.0,54.2,54.1,-0.8,-0.9
9835115090636/decode/a,crc,pass
9835115090636:fastf=0m31s
9835115093769:!351151017
9835115094360;pass
9835115094385/pass/4,4,auto,55.0,55.0,54.2,54.1,-0.8,-0.9
9835115101701:preob
9835115101712/onsource/TRACKING
9835115101951/tpical/26748,20354,24504,14101,17209,16372,14735,17208,21214,21118
9835115101973/tpical/31236,23634,18124,15139,23569,36907,43480
9835115101981:!351151047
9835115104701:tape
9835115104711/tape/low,02977,norm,stopped,stop,unlock,ready,rem
9835115104711:st=rev,135
9835115104723:"data start"
9835115104723:midob
9835115104742/onsource/TRACKING
9835115104742#antcn#Received message for antenna: CHECK
9835115104743/wx/ 3.5,958.2,83.9
9835115104784/cable/+3.183E-04
9835115104814/gps-fmout/+2.51E-05
9835115104820/ifd/9,25,nor,nor,rem,15549,31661
9835115104827/if3/5,in,,1,,,present,500.10,rem,lock,15309
9835115104834/vc02/142.99,2.000,u,10,10,rem,lock,15275
9835115104841/vc06/202.89,2.000,u,10,10,rem,lock,11993
9835115104847/vc11/237.99,2.000,u,10,10,rem,lock,12930
9835115104878/tpi/20232,15275,17744,10181,12647,11993,10854,12637,15549,15309
9835115104900/tpi/21943,16302,12930,11055,16835,26775,31661
9835115104904/tsys1/60.6,59.1,54.3,53.0,52.8,56.0,54.3,55.3,55.5,54.5
9835115104905/tsys2/49.4,46.9,51.1,56.2,51.0,53.8,56.4
9835115104905:!351151317
9835115104922#setcl#time/2361788,12,1998,351,15,10,49.06,4.231,6.524,-6
9835115104922#setcl#model/old,913883963,-13297,13133,4.419,21.617,rate
9835115131701:"data stop"
9835115131701:et
9835115131713:!+3s
9835115132015:tape
9835115132027/tape/off,01299,norm,stopped,stop,unlock,ready,rem
9835115132028:postob
9835115132096/cable/+3.188E-04
9835115132214/gps-fmout/+2.54E-05
9835115132222/onsource/TRACKING
9835115132222#antcn#Received message for antenna: NOCHECK
9835115132223:source=0059+581,005943.5,580804.5,1950.0,ccw
9835115132276:check2a2
9835115140313/parity/0.,16.,0.,0.,0.,0.,0.,0.,0.,33.,0.,196.,0.,16.
9835115140313/parity/0,0,0,0,0,0,0,0,0,0,0,0,0,0
9835115141655:nw2a1=4
9835115141714/pass/4,4,auto,55.0,55.0,54.8,54.1,-0.2,-0.9
9835115142128/decode/a,crc,pass
9835115142128:!351151500
9835115150001:preob
9835115150012/onsource/TRACKING
9835115150252/tpical/25973,19749,23633,13635,16649,15873,14337,16764,20521,20488
9835115150274/tpical/29434,22531,16833,13766,21659,34626,39739
9835115150282:!351151530
9835115153001:tape
9835115153011/tape/off,01302,norm,stopped,stop,unlock,ready,rem
9835115153011:st=rev,135
9835115153024:"data start"
9835115153024:midob
9835115153042/onsource/TRACKING
9835115153043#antcn#Received message for antenna: CHECK
9835115153044/wx/ 3.4,958.2,82.5
9835115153088/cable/+3.190E-04
9835115153214/gps-fmout/+2.54E-05
9835115153221/ifd/9,25,nor,nor,rem,14845,27991
9835115153228/if3/5,in,,1,,,present,500.10,rem,lock,14654
9835115153234/vc02/142.99,2.000,u,10,10,rem,lock,14638
9835115153241/vc06/202.89,2.000,u,10,10,rem,lock,11465
9835115153248/vc11/237.99,2.000,u,10,10,rem,lock,11615
9835115153279/tpi/19430,14638,16884,9735,12048,11465,10439,12175,14845,14654
9835115153300/tpi/20105,15192,11615,9806,14899,24443,27991
9835115153304/tsys1/57.8,56.2,51.7,50.9,49.7,53.1,51.8,53.0,52.8,52.0
9835115153305/tsys2/45.0,43.6,45.5,51.2,44.7,48.6,50.0
9835115153305:!351151710
9835115153314#setcl#time/2390182,4,1998,351,15,15,33.05,4.362,6.603,-3
9835115153314#setcl#model/old,913883963,-13297,13133,4.419,21.617,rate
9835115171001:"data stop"
9835115171001:et
9835115171013:!+3s
9835115171315:tape
9835115171325/tape/off,00186,norm,stopped,stop,unlock,ready,rem
9835115171325:postob
9835115171411/cable/+3.195E-04
9835115171613/gps-fmout/+2.50E-05
9835115171620/onsource/TRACKING
9835115171621#antcn#Received message for antenna: NOCHECK
9835115171622:source=3c371,180718.6,694857.2,1950.0,ccw
9835115171661:midtp
9835115171905/tpzero/1220,829,86,185,1058,200,724,478,411,74
9835115171927/tpzero/466,224,510,323,784,1301,537
9835115171947/rx/02(LO),on,a,on,on,on,off,locked,32.17
9835115171958/rx/03(DCAL),on,a,on,on,on,off,locked,47.31
9835115171968/rx/0E(LO5MHZ),on,a,on,on,on,off,locked,2.203
9835115171979/rx/17(PRES),on,a,on,on,on,off,locked,0.389
9835115171990/rx/1E(20K),on,a,on,on,on,off,locked,24.05
9835115171998:nw2a1=5
9835115172293/pass/5,5,auto,-240.0,-240.0,-240.0,-240.1,0.0,-0.1
9835115172699/decode/a,crc,pass
9835115172700:fastr=0m6s
9835115173333:!351151755
9835115175501:preob
9835115175509/onsource/TRACKING
9835115175749/tpical/25991,19783,23685,13673,16686,15931,14384,16794,20532,20522
9835115175771/tpical/29371,22481,16837,13512,21291,33933,39813
9835115175778:!351151825
9835115182501:tape
9835115182511/tape/low,00118,norm,stopped,stop,unlock,ready,rem
9835115182511:st=for,135
9835115182524:"data start"
9835115182524:midob
9835115182542/onsource/TRACKING
9835115182543#antcn#Received message for antenna: CHECK
9835115182544/wx/ 3.4,958.2,82.1
9835115182603/cable/+3.192E-04
9835115182814/gps-fmout/+2.49E-05
9835115182821/ifd/9,25,nor,nor,rem,14853,28031
9835115182828/if3/5,in,,1,,,present,500.10,rem,lock,14684
9835115182835/vc02/142.99,2.000,u,10,10,rem,lock,14673
9835115182841/vc06/202.89,2.000,u,10,10,rem,lock,11505
9835115182848/vc11/237.99,2.000,u,10,10,rem,lock,11627
9835115182879/tpi/19466,14673,16932,9719,12087,11505,10466,12173,14853,14684
9835115182901/tpi/20041,15153,11627,9609,14670,24020,28031
9835115182904/tsys1/58.2,56.4,51.9,50.2,49.9,53.1,51.7,52.6,52.9,52.1
9835115182905/tsys2/44.9,43.6,45.7,50.9,44.9,49.0,49.9
9835115182906:!351152055
9835115182914#setcl#time/2407782,4,1998,351,15,18,29.07,4.402,6.652,-1
9835115182914#setcl#model/old,913883963,-13297,13133,4.419,21.617,rate
9835115205501:"data stop"
9835115205501:et
9835115205513:!+3s
9835115205815:tape
9835115205825/tape/off,01796,norm,stopped,stop,unlock,ready,rem
9835115205825:postob
9835115205915/cable/+3.186E-04
9835115210014/gps-fmout/+2.52E-05
9835115210021/onsource/TRACKING
9835115210022#antcn#Received message for antenna: NOCHECK
9835115210022:source=1357+769,135742.2,765753.8,1950.0,ccw
9835115210234:check2a1
9835115214278/parity/0.,0.,0.,0.,0.,0.,0.,0.,0.,0.,0.,16.,0.,0.
9835115214278/parity/0,0,0,0,0,0,0,0,0,0,0,0,0,0
9835115215612:nw2a1=5
9835115215671/pass/5,5,auto,-240.0,-240.0,-240.0,-240.1,0.0,-0.1
9835115220085/decode/a,crc,pass
9835115220085:!351152238
9835115222353;label
9835115222354/label/WESA1072,EFC3
9835115223801:preob
9835115223809/onsource/TRACKING
9835115224049/tpical/26269,20010,23920,13783,16934,16084,14531,16948,20729,20738
9835115224071/tpical/29859,22685,16948,13795,21687,34525,40233
9835115224079:!351152308
9835115230801:tape
9835115230811/tape/off,01793,norm,stopped,stop,unlock,ready,rem
9835115230811:st=for,135
9835115230824:"data start"
9835115230824:midob
9835115230842/onsource/TRACKING
9835115230843#antcn#Received message for antenna: CHECK
9835115230844/wx/ 3.3,958.2,81.8
9835115230907/cable/+3.181E-04
9835115231014/gps-fmout/+2.49E-05
9835115231021/ifd/9,25,nor,nor,rem,15045,28447
9835115231028/if3/5,in,,1,,,present,500.10,rem,lock,14895
9835115231035/vc02/142.99,2.000,u,10,10,rem,lock,14890
9835115231041/vc06/202.89,2.000,u,10,10,rem,lock,11697
9835115231048/vc11/237.99,2.000,u,10,10,rem,lock,11756
9835115231079/tpi/19667,14890,17169,9848,12312,11697,10625,12317,15045,14895
9835115231100/tpi/20536,15328,11756,9819,14972,24470,28447
9835115231104/tsys1/58.1,57.1,52.6,51.1,50.6,54.5,52.7,53.2,53.6,52.8
9835115231105/tsys2/46.1,43.9,46.4,51.1,45.2,49.3,50.7
9835115231106:!351152448
9835115231113#setcl#time/2435980,4,1998,351,15,23,11.06,4.386,6.730,-2
9835115231114#setcl#model/old,913883963,-13297,13133,4.419,21.617,rate
9835115244801:"data stop"
9835115244801:et
9835115244813:!+3s
9835115245115:tape
9835115245125/tape/off,02908,norm,stopped,stop,unlock,ready,rem
9835115245125:postob
9835115245231/cable/+3.191E-04
9835115245413/gps-fmout/+2.50E-05
9835115245420/onsource/TRACKING
9835115245421#antcn#Received message for antenna: NOCHECK
9835115245421:source=2136+141,213637.4,141000.5,1950.0,neutral
9835115245460:midtp
9835115245702/tpzero/1211,837,100,182,1063,196,723,473,414,73
9835115245723/tpzero/474,221,519,323,781,1297,560
9835115245743/rx/02(LO),on,a,on,on,on,off,locked,32.41
9835115245754/rx/03(DCAL),on,a,on,on,on,off,locked,47.19
9835115245765/rx/0E(LO5MHZ),on,a,on,on,on,off,locked,2.202
9835115245776/rx/17(PRES),on,a,on,on,on,off,locked,0.314
9835115245787/rx/1E(20K),on,a,on,on,on,off,locked,23.92
9835115245794:nw2a1=6
9835115250114/pass/6,6,auto,110.0,110.0,109.5,110.3,-0.5,0.3
9835115250524/decode/a,crc,pass
9835115250524:fastf=0m6s
9835115251156:!351152631
9835115263101:preob
9835115263112/onsource/TRACKING
9835115263352/tpical/26054,19827,23772,13717,16780,15996,14451,16838,20594,20613
9835115263373/tpical/29337,22447,16669,13641,21371,34082,39775
9835115263381:!351152701
9835115270101:tape
9835115270111/tape/low,02971,norm,moving,stop,unlock,ready,rem
9835115270111:st=rev,135
9835115270123:"data start"
9835115270123:midob
9835115270141/onsource/TRACKING
9835115270142#antcn#Received message for antenna: CHECK
9835115270143/wx/ 3.2,958.2,82.4
9835115270223/cable/+3.201E-04
9835115270413/gps-fmout/+2.54E-05
9835115270420/ifd/9,25,nor,nor,rem,14900,27973
9835115270427/if3/5,in,,1,,,present,500.10,rem,lock,14751
9835115270433/vc02/142.99,2.000,u,10,10,rem,lock,14713
9835115270440/vc06/202.89,2.000,u,10,10,rem,lock,11550
9835115270447/vc11/237.99,2.000,u,10,10,rem,lock,11520
9835115270477/tpi/19504,14713,16996,9769,12166,11550,10517,12193,14900,14751
9835115270499/tpi/20030,15077,11520,9702,14655,24001,27973
9835115270503/tsys1/58.1,56.4,51.9,50.5,50.1,53.1,51.8,52.5,52.9,52.1
9835115270504/tsys2/45.0,43.1,45.7,51.0,44.2,48.2,49.7
9835115270504:!351152841
9835115270512#setcl#time/2459378,4,1998,351,15,27,05.05,4.380,6.795,-2
9835115270512#setcl#model/old,913883963,-13297,13133,4.419,21.617,rate
9835115284101:"data stop"
9835115284101:et
9835115284113:!+3s
9835115284415:tape
9835115284425/tape/off,01856,norm,moving,stop,unlock,ready,rem
9835115284425:postob
9835115284548/cable/+3.203E-04
9835115284614/gps-fmout/+2.56E-05
9835115284622/onsource/TRACKING
9835115284623#antcn#Received message for antenna: NOCHECK
9835115284624:source=1749+096,174910.4,093942.9,1950.0,neutral
9835115284662:check2a2
9835115292713/parity/0.,33.,0.,0.,0.,0.,0.,0.,0.,49.,0.,82.,0.,0.
9835115292713/parity/0,0,0,0,0,0,0,0,0,0,0,0,0,0
9835115294040:nw2a1=6
9835115294147/pass/6,6,auto,110.0,110.0,110.7,110.3,0.7,0.3
9835115294559/decode/a,crc,pass
9835115294560:!351153024
9835115302401:preob
9835115302410/onsource/TRACKING
9835115302650/tpical/27250,20718,24937,14344,17556,16702,15008,17545,21595,21551
9835115302672/tpical/32022,24221,18564,15926,23477,37258,44122
9835115302680:!351153054
9835115305401:tape
9835115305411/tape/off,01859,norm,stopped,stop,unlock,ready,rem
9835115305411:st=rev,135
9835115305423:"data start"
9835115305424:midob
9835115305441/onsource/TRACKING
9835115305442#antcn#Received message for antenna: CHECK
9835115305443/wx/ 3.2,958.2,81.7
9835115305539/cable/+3.190E-04
9835115305613/gps-fmout/+2.53E-05
9835115305619/ifd/9,25,nor,nor,rem,15898,32288
9835115305626/if3/5,in,,1,,,present,500.10,rem,lock,15693
9835115305633/vc02/142.99,2.000,u,10,10,rem,lock,15629
9835115305640/vc06/202.89,2.000,u,10,10,rem,lock,12280
9835115305647/vc11/237.99,2.000,u,10,10,rem,lock,13381
9835115305677/tpi/20649,15629,18184,10414,12941,12280,11095,12934,15898,15693
9835115305699/tpi/22753,16878,13381,12053,16776,27241,32288
9835115305702/tsys1/61.2,60.5,55.7,54.2,53.5,56.8,55.1,56.2,56.5,55.5
9835115305704/tsys2/51.4,48.5,53.1,64.8,51.1,55.4,57.4
9835115305704:!351153234
9835115305714#setcl#time/2482578,6,1998,351,15,30,57.04,4.303,6.860,-4
9835115305714#setcl#model/old,913883963,-13297,13133,4.419,21.617,rate
9835115323401:"data stop"
9835115323401:et
9835115323413:!+3s
9835115323715:tape
9835115323725/tape/off,00744,norm,moving,stop,unlock,ready,rem
9835115323725:postob
9835115323747/cable/+3.201E-04
9835115323814/gps-fmout/+2.52E-05
9835115323821/onsource/TRACKING
9835115323822#antcn#Received message for antenna: NOCHECK
9835115323823:source=1611+343,161147.9,342020.0,1950.0,cw
9835115323883:midtp
9835115324125/tpzero/1285,839,101,187,1071,207,726,495,426,74
9835115324146/tpzero/476,235,518,322,788,1304,562
9835115324166/rx/02(LO),on,a,on,on,on,off,locked,32.78
9835115324177/rx/03(DCAL),on,a,on,on,on,off,locked,47.07
9835115324188/rx/0E(LO5MHZ),on,a,on,on,on,off,locked,2.202
9835115324199/rx/17(PRES),on,a,on,on,on,off,locked,0.314
9835115324210/rx/1E(20K),on,a,on,on,on,off,locked,24.05
9835115324218:nw2a1=7
9835115324490/pass/7,7,auto,-185.0,-185.0,-186.4,-184.7,-1.4,0.3
9835115324903/decode/a,crc,pass
9835115324903:fastr=0m31s
9835115332035:!351153344
9835115334401:preob
9835115334409/onsource/TRACKING
9835115334649/tpical/27101,20637,24797,14280,17459,16619,14977,17462,21510,21490
9835115334672/tpical/31585,23984,18411,17315,23193,36875,43971
9835115334680:!351153414
9835115341401:tape
9835115341411/tape/low,00120,norm,moving,stop,unlock,ready,rem
9835115341411:st=for,135
9835115341424:"data start"
9835115341424:midob
9835115341451/onsource/TRACKING
9835115341452#antcn#Received message for antenna: CHECK
9835115341453/wx/ 3.3,958.2,79.9
9835115341491/cable/+3.199E-04
9835115341613/gps-fmout/+2.51E-05
9835115341620/ifd/9,25,nor,nor,rem,15809,31837
9835115341627/if3/5,in,,1,,,present,500.10,rem,lock,15630
9835115341634/vc02/142.99,2.000,u,10,10,rem,lock,15528
9835115341640/vc06/202.89,2.000,u,10,10,rem,lock,12223
9835115341647/vc11/237.99,2.000,u,10,10,rem,lock,13120
9835115341677/tpi/20532,15528,18050,10349,12878,12223,11056,12879,15809,15630
9835115341699/tpi/22270,16610,13120,12662,16552,26901,31837
9835115341703/tsys1/60.9,59.8,55.3,53.8,53.6,56.9,54.8,56.2,56.1,55.2
9835115341704/tsys2/50.1,47.5,51.0,56.8,50.8,54.9,55.2
9835115341704:!351153554
9835115341711#setcl#time/2502575,3,1998,351,15,34,17.05,4.408,6.915,-1
9835115341711#setcl#model/old,913883963,-13297,13133,4.419,21.617,rate
9835115355401:"data stop"
9835115355401:et
9835115355413:!+3s
9835115355715:tape
9835115355725/tape/off,01235,norm,stopped,stop,unlock,ready,rem
9835115355725:postob
9835115355816/cable/+3.183E-04
9835115360014/gps-fmout/+2.52E-05
9835115360021/onsource/TRACKING
9835115360022#antcn#Received message for antenna: NOCHECK
9835115360022:source=1741-038,174120.6,-034848.9,1950.0,neutral
9835115360243:check2a1
9835115364283/parity/0.,0.,0.,0.,0.,0.,0.,0.,0.,0.,0.,33.,0.,0.
9835115364283/parity/0,0,0,0,0,0,0,0,0,0,0,0,0,0
9835115365622:nw2a1=7
9835115365693/pass/7,7,auto,-185.0,-185.0,-184.7,-184.7,0.3,0.3
9835115370107/decode/a,crc,pass
9835115370108:!351153737
9835115373701:preob
9835115373715/onsource/TRACKING
9835115373955/tpical/30481,23313,28370,16162,19579,18747,16663,19508,24491,24153
9835115373977/tpical/37615,28846,22408,19294,27892,44256,51820
9835115373985:!351153807
9835115380702:tape
9835115380712/tape/off,01232,norm,stopped,stop,unlock,ready,rem
9835115380712:st=for,135
9835115380724:"data start"
9835115380725:midob
9835115380742/onsource/TRACKING
9835115380743#antcn#Received message for antenna: CHECK
9835115380744/wx/ 3.5,958.2,79.3
9835115380808/cable/+3.183E-04
9835115381014/gps-fmout/+2.50E-05
9835115381021/ifd/9,25,nor,nor,rem,18811,39915
9835115381028/if3/5,in,,1,,,present,500.10,rem,lock,18307
9835115381035/vc02/142.99,2.000,u,10,10,rem,lock,18234
9835115381041/vc06/202.89,2.000,u,10,10,rem,lock,14361
9835115381048/vc11/237.99,2.000,u,10,10,rem,lock,17208
9835115381078/tpi/24034,18234,21785,12263,15017,14361,12770,14947,18811,18307
9835115381100/tpi/28471,21511,17208,15041,21286,34392,39915
9835115381104/tsys1/73.4,71.2,68.5,64.4,63.6,67.1,64.4,65.9,67.3,64.9
9835115381105/tsys2/65.5,62.1,68.7,74.1,66.4,71.8,70.7
9835115381105:!351153947
9835115381113#setcl#time/2525975,4,1998,351,15,38,11.05,4.367,6.980,-3
9835115381113#setcl#model/old,913883963,-13297,13133,4.419,21.617,rate
9835115394701:"data stop"
9835115394701:et
9835115394713:!+3s
9835115395015:tape
9835115395025/tape/off,02347,norm,stopped,stop,unlock,ready,rem
9835115395025:postob
9835115395132/cable/+3.179E-04
9835115395213/gps-fmout/+2.50E-05
9835115395221/onsource/TRACKING
9835115395222#antcn#Received message for antenna: NOCHECK
9835115395223:source=1803+784,180339.3,782754.4,1950.0,cw
9835115395270:midtp
9835115395511/tpzero/1281,832,96,190,1063,201,719,480,417,74
9835115395533/tpzero/468,227,516,321,783,1299,514
9835115395552/rx/02(LO),on,a,on,on,on,off,locked,33.27
9835115395563/rx/03(DCAL),on,a,on,on,on,off,locked,47.07
9835115395575/rx/0E(LO5MHZ),on,a,on,on,on,off,locked,2.203
9835115395586/rx/17(PRES),on,a,on,on,on,off,locked,0.239
9835115395597/rx/1E(20K),on,a,on,on,on,off,locked,24.26
9835115395604:nw2a1=8
9835115395907/pass/8,8,auto,165.0,165.0,164.8,164.9,-0.2,-0.1
9835115400315/decode/a,crc,pass
9835115400316:fastf=0m31s
9835115403448:!351154130
9835115413001:preob
9835115413008/onsource/TRACKING
9835115413248/tpical/26018,19788,23693,13661,16757,15989,14448,16843,20602,20649
9835115413270/tpical/29375,22471,16771,13598,21399,34127,39875
9835115413278:!351154200
9835115420001:tape
9835115420011/tape/low,02977,norm,stopped,stop,unlock,ready,rem
9835115420011:st=rev,135
9835115420023:"data start"
9835115420023:midob
9835115420041/onsource/TRACKING
9835115420042#antcn#Received message for antenna: CHECK
9835115420043/wx/ 3.7,958.1,77.5
9835115420124/cable/+3.186E-04
9835115420214/gps-fmout/+2.54E-05
9835115420220/ifd/9,25,nor,nor,rem,14913,28088
9835115420227/if3/5,in,,1,,,present,500.10,rem,lock,14791
9835115420234/vc02/142.99,2.000,u,10,10,rem,lock,14677
9835115420241/vc06/202.89,2.000,u,10,10,rem,lock,11562
9835115420247/vc11/237.99,2.000,u,10,10,rem,lock,11543
9835115420278/tpi/19483,14677,16939,9759,12143,11562,10529,12233,14913,14791
9835115420299/tpi/20064,15123,11543,9663,14703,24063,28088
9835115420303/tsys1/57.9,56.3,51.9,51.0,49.9,53.4,52.1,53.0,53.0,52.3
9835115420304/tsys2/45.0,43.4,45.1,50.8,44.5,48.4,50.1
9835115420305:!351154340
9835115420313#setcl#time/2549173,4,1998,351,15,42,03.05,4.395,7.045,-2
9835115420313#setcl#model/old,913883963,-13297,13133,4.419,21.617,rate
9835115434001:"data stop"
9835115434001:et
9835115434013:!+3s
9835115434315:tape
9835115434325/tape/off,01861,norm,stopped,stop,unlock,ready,rem
9835115434325:postob
9835115434448/cable/+3.196E-04
9835115434613/gps-fmout/+2.54E-05
9835115434620/onsource/TRACKING
9835115434621#antcn#Received message for antenna: NOCHECK
9835115434622:source=0917+624,091740.3,622838.9,1950.0,cw
9835115434655:check2a2
9835115442693/parity/0.,0.,0.,16.,0.,0.,0.,0.,0.,98.,0.,0.,0.,0.
9835115442693/parity/0,0,0,0,0,0,0,0,0,0,0,0,0,0
9835115444033:nw2a1=8
9835115444092/pass/8,8,auto,165.0,165.0,164.8,164.9,-0.2,-0.1
9835115444505/decode/a,crc,pass
9835115444505:!351154523
9835115452301:preob
9835115453232  check_onso: Antenna Communication Error!, can't check antenna.
9835115453232  check_onso: FS_time - Antenna_time = 18.5 sec.
 
9835115453622?ERROR ST   -4 Error in antenna communication
9835115453622?ERROR qo -301 WARNING: ONSOURCE status is SLEWING!
9835115453622/onsource/SLEWING
9835115453862/tpical/27530,20923,25104,14408,17686,16879,15157,17658,21787,21740
9835115453883/tpical/32975,25149,19108,15443,24153,38509,44843
9835115453891:!351154553
9835115455066  check_onso: Antenna Communication Error!, can't check antenna.
9835115455066  check_onso: FS_time - Antenna_time = 36.8 sec.
 
9835115455301:tape
9835115455311/tape/off,01864,norm,stopped,stop,unlock,ready,rem
9835115455311:st=rev,135
9835115455324:"data start"
9835115455324:midob
9835115455408  check_onso: Antenna Communication Error!, can't check antenna.
9835115455408  check_onso: FS_time - Antenna_time = 40.2 sec.
 
9835115460653?ERROR ST   -4 Error in antenna communication
9835115460653?ERROR qo -301 WARNING: ONSOURCE status is SLEWING!
9835115460653/onsource/SLEWING
9835115460654#antcn#Received message for antenna: CHECK
9835115460654?ERROR ST   -4 Error in antenna communication
9835115460655/wx/ 3.7,958.1,76.6
9835115460716/cable/+3.178E-04
9835115460814/gps-fmout/+2.52E-05
9835115460820/ifd/9,25,nor,nor,rem,16082,32966
9835115460827/if3/5,in,,1,,,present,500.10,rem,lock,15871
9835115460834/vc02/142.99,2.000,u,10,10,rem,lock,15820
9835115460841/vc06/202.89,2.000,u,10,10,rem,lock,12438
9835115460847/vc11/237.99,2.000,u,10,10,rem,lock,13894
9835115460878/tpi/20977,15820,18384,10485,13083,12438,11228,13024,16082,15871
9835115460895  check_onso: Antenna Communication Error!, can't check antenna.
9835115460895  check_onso: FS_time - Antenna_time = 55.1 sec.
 
9835115460902/tpi/23586,17798,13894,11497,17513,28506,32966
9835115460906/tsys1/62.5,61.1,56.6,54.6,54.3,57.3,55.6,56.3,57.1,56.0
9835115460907/tsys2/52.7,51.2,54.9,60.6,53.9,58.2,58.5
9835115460907:!351154733
9835115460917#setcl#time/2573776,6,1998,351,15,46,09.08,4.353,7.113,-3
9835115460917#setcl#model/old,913883963,-13297,13133,4.419,21.617,rate
9835115461211  check_onso: Antenna Communication Error!, can't check antenna.
9835115461211  check_onso: FS_time - Antenna_time = 58.3 sec.
 
9835115461930;point
9835115462228  check_onso: FS_time - Antenna_time = 56780.6 sec.
 
9835115462228  check_onso: Antenna in stop mode
9835115462279/point/ !!! ANTENNA IN LOCAL !!!! 
 
9835115462309  check_onso: FS_time - Antenna_time = 56780.6 sec.
 
9835115462310  check_onso: Antenna in stop mode
9835115462743  check_onso: FS_time - Antenna_time = 56780.8 sec.
 
9835115462743  check_onso: Antenna in stop mode
9835115462825  check_onso: FS_time - Antenna_time = 56780.7 sec.
 
9835115462825  check_onso: Antenna in stop mode
9835115463093;point
9835115463202/point pointing commands to antenna for source:0917+624
9835115463343  check_onso: FS_time - Antenna_time = 56780.8 sec.
 
9835115463343  check_onso: Antenna in stop mode
9835115463402  check_onso: FS_time - Antenna_time = 56780.7 sec.
 
9835115463405  check_onso: Antenna in stop mode
9835115463862  check_onso: FS_time - Antenna_time = 56780.8 sec.
 
9835115463862  check_onso: Antenna in stop mode
9835115463921  check_onso: FS_time - Antenna_time = 56780.7 sec.
 
9835115463924  check_onso: Antenna in stop mode
9835115464431;point
9835115464439/point pointing commands to antenna for source:0917+624
9835115464754  check_onso: POINTING ERROR! Delta elevation = 0.2161 degree for source: 0917+624
9835115464754  check_onso: POINTING ERROR! Delta azimuth = 0.5831 degree for source: 0917+624
9835115464755  check_onso: Antenna: TIME=15:46:47.5 EL=22.1515 dEL=-0.0076  AZ=7.4432 dAZ=0.0000
9835115465275  check_onso: Antenna not on source! Radius deviation > 0.010
9835115470108;onsource
9835115470115/onsource/TRACKING
9835115473046;"acu-failure occurred at 15:45:16, onsource again, see log above!
9835115473301:"data stop"
9835115473301:et
9835115473313:!+3s
9835115473615:tape
9835115473625/tape/off,00748,norm,stopped,stop,unlock,ready,rem
9835115473625:postob
9835115473647/cable/+3.185E-04
9835115473814/gps-fmout/+2.52E-05
9835115473822/onsource/TRACKING
9835115473823#antcn#Received message for antenna: NOCHECK
9835115473823:source=2201+315,220101.5,313105.7,1950.0,neutral
9835115473863:midtp
9835115474103/tpzero/1269,832,96,169,1060,199,716,470,411,74
9835115474125/tpzero/468,218,510,314,775,1296,506
9835115474144/rx/02(LO),on,a,on,on,on,off,locked,32.90
9835115474155/rx/03(DCAL),on,a,on,on,on,off,locked,47.19
9835115474166/rx/0E(LO5MHZ),on,a,on,on,on,off,locked,2.203
9835115474177/rx/17(PRES),on,a,on,on,on,off,locked,0.239
9835115474188/rx/1E(20K),on,a,on,on,on,off,locked,23.98
9835115474195:nw2a1=9
9835115474505/pass/9,9,auto,-130.0,-130.0,-130.0,-129.3,0.0,0.7
9835115474914/decode/a,crc,pass
9835115474915:fastr=0m31s
9835115482047:!351154854
9835115485401:preob
9835115485411/onsource/TRACKING
9835115485651/tpical/25903,19715,23409,13580,16567,15901,14374,16690,20398,20460
9835115485673/tpical/29250,22467,16636,13547,21516,34315,39680
9835115485680:!351154924
9835115492401:tape
9835115492411/tape/low,00116,norm,stopped,stop,unlock,ready,rem
9835115492411:st=for,135
9835115492423:"data start"
9835115492423:midob
9835115492441/onsource/TRACKING
9835115492442#antcn#Received message for antenna: CHECK
9835115492443/wx/ 3.8,958.0,74.7
9835115492552/cable/+3.194E-04
9835115492614/gps-fmout/+2.52E-05
9835115492621/ifd/9,25,nor,nor,rem,14717,27800
9835115492628/if3/5,in,,1,,,present,500.10,rem,lock,14594
9835115492635/vc02/142.99,2.000,u,10,10,rem,lock,14587
9835115492642/vc06/202.89,2.000,u,10,10,rem,lock,11433
9835115492648/vc11/237.99,2.000,u,10,10,rem,lock,11439
9835115492679/tpi/19323,14587,16688,9646,12001,11433,10415,12044,14717,14594
9835115492700/tpi/19877,15082,11439,9607,14835,24302,27800
9835115492704/tsys1/57.1,55.8,51.3,50.1,49.8,52.3,51.0,51.8,52.4,51.5
9835115492705/tsys2/44.3,43.1,45.0,50.5,45.0,49.2,49.2
9835115492706:!351155244
9835115492714#setcl#time/2593572,4,1998,351,15,49,27.06,4.386,7.168,-2
9835115492714#setcl#model/old,913883963,-13297,13133,4.419,21.617,rate
9835115524401:"data stop"
9835115524401:et
9835115524413:!+3s
9835115524715:tape
9835115524725/tape/off,02356,norm,stopped,stop,unlock,ready,rem
9835115524725:postob
9835115524852/cable/+3.207E-04
9835115525014/gps-fmout/+2.50E-05
9835115525021/onsource/TRACKING
9835115525022#antcn#Received message for antenna: NOCHECK
9835115525023:source=0749+540,074906.4,540046.5,1950.0,ccw
9835115525228:midtp
9835115525469/tpzero/1237,839,109,183,1065,200,710,463,420,73
9835115525491/tpzero/472,222,511,315,778,1295,561
9835115525510/rx/02(LO),on,a,on,on,on,off,locked,31.68
9835115525521/rx/03(DCAL),on,a,on,on,on,off,locked,47.19
9835115525533/rx/0E(LO5MHZ),on,a,on,on,on,off,locked,2.200
9835115525543/rx/17(PRES),on,a,on,on,on,off,locked,0.239
9835115525554/rx/1E(20K),on,a,on,on,on,off,locked,23.67
9835115525562:check2a1
9835115533606/parity/0.,0.,0.,0.,0.,0.,0.,0.,0.,0.,0.,49.,0.,0.
9835115533606/parity/0,0,0,0,0,0,0,0,0,0,0,0,0,0
9835115534940:nw2a1=10
9835115535246/pass/10,10,auto,220.0,220.0,219.5,219.4,-0.5,-0.6
9835115535656/decode/a,crc,pass
9835115535657:fastf=0m31s
9835115542788:!351155504
9835115544137?ERROR ch -317 Total power integrator overflow on IF2
9835115550401:preob
9835115550411/onsource/TRACKING
9835115550651/tpical/28504,21798,26298,15018,18331,17481,15680,18157,22728,22553
9835115550672/tpical/34686,26562,20256,16576,26144,41649,47590
9835115550680:!351155534
9835115553401:tape
9835115553411/tape/low,02976,norm,stopped,stop,unlock,ready,rem
9835115553411:st=rev,135
9835115553423:"data start"
9835115553423:midob
9835115553441/onsource/TRACKING
9835115553442#antcn#Received message for antenna: CHECK
9835115553443/wx/ 4.1,957.9,71.2
9835115553556/cable/+3.215E-04
9835115553615/gps-fmout/+2.53E-05
9835115553622/ifd/9,25,nor,nor,rem,17002,35484
9835115553628/if3/5,in,,1,,,present,500.10,rem,lock,16661
9835115553635/vc02/142.99,2.000,u,10,10,rem,lock,16649
9835115553642/vc06/202.89,2.000,u,10,10,rem,lock,13045
9835115553649/vc11/237.99,2.000,u,10,10,rem,lock,15059
9835115553679/tpi/21862,16649,19567,11066,13690,13045,11729,13539,17002,16661
9835115553701/tpi/25287,19157,15059,12555,19285,31367,35484
9835115553705/tsys1/64.6,63.9,60.1,57.3,56.6,60.2,58.0,58.9,60.2,58.6
9835115553706/tsys2/56.5,54.7,59.9,65.1,57.7,62.6,61.7
9835115553706:!351155714
9835115553714#setcl#time/2630571,4,1998,351,15,55,37.06,4.357,7.271,-3
9835115553714#setcl#model/old,913883963,-13297,13133,4.419,21.617,rate
9835115571401:"data stop"
9835115571401:et
9835115571413:!+3s
9835115571715:tape
9835115571725/tape/off,01861,norm,moving,stop,unlock,ready,rem
9835115571725:postob
9835115571763/cable/+3.217E-04
9835115571813/gps-fmout/+2.51E-05
9835115571822/onsource/TRACKING
9835115571823#antcn#Received message for antenna: NOCHECK
9835115571823:source=2136+141,213637.4,141000.5,1950.0,neutral
9835115571863:check2a2
9835115575904/parity/0.,0.,0.,16.,0.,82.,0.,33.,0.,98.,0.,0.,0.,33.
9835115575904/parity/0,0,0,0,0,0,0,0,0,0,0,0,0,0
9835115581241:nw2a1=10
9835115581300/pass/10,10,auto,220.0,220.0,219.5,219.4,-0.5,-0.6
9835115581715/decode/a,crc,pass
9835115581715:!351155857
9835115585701:preob
9835115585709/onsource/TRACKING
9835115585949/tpical/25948,19827,23689,13686,16749,15988,14486,16741,20624,20700
9835115585971/tpical/29675,22431,16664,13703,21812,34800,39903
9835115585978:!351155927
9835115592701:tape
9835115592711/tape/off,01864,norm,moving,stop,unlock,ready,rem
9835115592711:st=rev,135
9835115592724:"data start"
9835115592724:midob
9835115592742/onsource/TRACKING
9835115592743#antcn#Received message for antenna: CHECK
9835115592744/wx/ 4.2,957.8,69.5
9835115592871/cable/+3.209E-04
9835115593014/gps-fmout/+2.48E-05
9835115593021/ifd/9,25,nor,nor,rem,14922,28021
9835115593028/if3/5,in,,1,,,present,500.10,rem,lock,14818
9835115593035/vc02/142.99,2.000,u,10,10,rem,lock,14694
9835115593042/vc06/202.89,2.000,u,10,10,rem,lock,11559
9835115593049/vc11/237.99,2.000,u,10,10,rem,lock,11444
9835115593079/tpi/19358,14694,16948,9728,12140,11559,10537,12160,14922,14818
9835115593101/tpi/20260,15023,11444,9676,14979,24461,28021
9835115593104/tsys1/57.2,56.1,52.0,50.2,50.0,53.3,51.8,53.1,52.9,52.1
9835115593106/tsys2/45.0,42.8,44.8,49.7,44.5,47.9,49.5
9835115593106:!351160107
9835115593114#setcl#time/2653970,4,1998,351,15,59,31.06,4.351,7.336,-3
9835115593114#setcl#model/old,913883963,-13297,13133,4.419,21.617,rate
9835116010701:"data stop"
9835116010701:et
9835116010713:!+3s
9835116011015:tape
9835116011025/tape/off,00748,norm,stopped,stop,unlock,ready,rem
9835116011025:postob
9835116011080/cable/+3.217E-04
9835116011215/gps-fmout/+2.53E-05
9835116011222/onsource/TRACKING
9835116011223#antcn#Received message for antenna: NOCHECK
9835116011224:source=2145+067,214536.1,064340.8,1950.0,neutral
9835116011270:midtp
9835116011511/tpzero/1121,838,100,181,1067,208,721,483,419,73
9835116011533/tpzero/472,231,511,354,785,1299,547
9835116011552/rx/02(LO),on,a,on,on,on,off,locked,32.41
9835116011563/rx/03(DCAL),on,a,on,on,on,off,locked,47.19
9835116011574/rx/0E(LO5MHZ),on,a,on,on,on,off,locked,2.201
9835116011585/rx/17(PRES),on,a,on,on,on,off,locked,0.239
9835116011596/rx/1E(20K),on,a,on,on,on,off,locked,23.61
9835116011604:nw2a1=11
9835116011895/pass/11,11,auto,-75.0,-75.0,-74.7,-74.8,0.3,0.2
9835116012302/decode/a,crc,pass
9835116012303:fastr=0m31s
9835116015435:!351160217
9835116021701:preob
9835116021711/onsource/TRACKING
9835116021951/tpical/26112,19968,23858,13778,16887,16147,14580,16885,20796,20888
9835116021973/tpical/29669,22528,16766,13788,21983,34954,40184
9835116021981:!351160247
9835116024701:tape
9835116024711/tape/low,00116,norm,stopped,stop,unlock,ready,rem
9835116024711:st=for,135
9835116024724:"data start"
9835116024724:midob
9835116024750/onsource/TRACKING
9835116024751#antcn#Received message for antenna: CHECK
9835116024752/wx/ 3.8,957.8,70.5
9835116024823/cable/+3.205E-04
9835116025013/gps-fmout/+2.53E-05
9835116025020/ifd/9,25,nor,nor,rem,15094,28271
9835116025027/if3/5,in,,1,,,present,500.10,rem,lock,14995
9835116025033/vc02/142.99,2.000,u,10,10,rem,lock,14846
9835116025040/vc06/202.89,2.000,u,10,10,rem,lock,11700
9835116025047/vc11/237.99,2.000,u,10,10,rem,lock,11544
9835116025078/tpi/19548,14846,17097,9843,12300,11700,10643,12278,15094,14995
9835116025099/tpi/20335,15119,11544,9768,15074,24611,28271
9835116025103/tsys1/58.4,56.9,52.3,51.1,50.9,53.8,52.4,53.3,53.5,52.7
9835116025104/tsys2/45.5,43.0,45.2,50.1,44.3,48.2,49.8
9835116025105:!351160427
9835116025113#setcl#time/2673967,4,1998,351,16,02,51.05,4.384,7.391,-2
9835116025113#setcl#model/old,913883963,-13297,13133,4.419,21.617,rate
9835116042701:"data stop"
9835116042701:et
9835116042713:!+3s
9835116043015:tape
9835116043025/tape/off,01231,norm,moving,stop,unlock,ready,rem
9835116043025:postob
9835116043148/cable/+3.205E-04
9835116043213/gps-fmout/+2.51E-05
9835116043221/onsource/TRACKING
9835116043222#antcn#Received message for antenna: NOCHECK
9835116043222:source=1749+096,174910.4,093942.9,1950.0,neutral
9835116043257:check2a1
9835116051302/parity/0.,0.,0.,0.,0.,0.,0.,0.,0.,33.,0.,0.,0.,33.
9835116051302/parity/0,0,0,0,0,0,0,0,0,0,0,0,0,0
9835116052636:nw2a1=11
9835116052695/pass/11,11,auto,-75.0,-75.0,-74.7,-74.8,0.3,0.2
9835116053107/decode/a,crc,pass
9835116053107:!351160610
9835116061001:preob
9835116061016/onsource/TRACKING
9835116061257/tpical/27986,21398,25723,14745,18020,17236,15463,17905,22324,22252
9835116061279/tpical/33974,26000,19697,16162,25543,40672,46502
9835116061287:!351160640
9835116064001:tape
9835116064011/tape/off,01229,norm,stopped,stop,unlock,ready,rem
9835116064011:st=for,135
9835116064024:"data start"
9835116064024:midob
9835116064052/onsource/TRACKING
9835116064053#antcn#Received message for antenna: CHECK
9835116064054/wx/ 3.4,957.8,72.6
9835116064139/cable/+3.203E-04
9835116064213/gps-fmout/+2.51E-05
9835116064220/ifd/9,25,nor,nor,rem,16625,34694
9835116064227/if3/5,in,,1,,,present,500.10,rem,lock,16379
9835116064234/vc02/142.99,2.000,u,10,10,rem,lock,16290
9835116064241/vc06/202.89,2.000,u,10,10,rem,lock,12795
9835116064248/vc11/237.99,2.000,u,10,10,rem,lock,14554
9835116064278/tpi/21408,16290,19027,10808,13463,12795,11547,13339,16625,16379
9835116064300/tpi/24644,18610,14554,12198,18703,30504,34694
9835116064303/tsys1/64.1,62.9,58.8,56.1,56.6,59.0,57.5,58.6,59.1,57.7
9835116064305/tsys2/55.4,53.2,58.4,63.9,56.1,61.5,61.9
9835116064305:!351160820
9835116064313#setcl#time/2697166,5,1998,351,16,06,43.05,4.378,7.456,-2
9835116064313#setcl#model/old,913883963,-13297,13133,4.419,21.617,rate
9835116081747;"the scan 1803+784 was affected by an acu-failure from 15:45:16 ut nearly
9835116082001:"data stop"
9835116082001:et
9835116082013:!+3s
9835116082315:tape
9835116082325/tape/off,02344,norm,stopped,stop,unlock,ready,rem
9835116082325:postob
9835116082348/cable/+3.201E-04
9835116082414/gps-fmout/+2.50E-05
9835116082430/onsource/TRACKING
9835116082430#antcn#Received message for antenna: NOCHECK
9835116082431:fastr=1m42s
9835116083437;"until the end of the scan.
9835116090418;"otherwise the session was ok from my view. have a nice day.
9835116100661:unlod
9835116100661&unlod/!+5s
9835116100661&unlod/enable=,
9835116100662&unlod/check=*,-tp
9835116100662&unlod/tape=off
9835116100662&unlod/st=rev,135,off
9835116100662&unlod/xdisp=on
9835116100662&unlod/"************   dismount this tape now !!!  ************"
9835116100662&unlod/wakeup
9835116100663&unlod/xdisp=off
9835116101827/                     !!!! wake up !!!!
9835116101827:*end of schedule
9835117012269;terminate
9835117012269:*boss terminated
