2004.02.18 12:53 B q:\uscc\testimony\04_02_12wrts\images\dance_files\slide0008.htm --> web2bck.access.gpo.gov /diska/netsite-docs/uscc/testimony/04_02_12wrts/images/dance_files slide0008.htm
2004.02.18 12:53 B q:\uscc\testimony\04_02_12wrts\images\dance_files\slide0007.htm --> web2bck.access.gpo.gov /diska/netsite-docs/uscc/testimony/04_02_12wrts/images/dance_files slide0007.htm
2004.02.18 12:53 B q:\uscc\testimony\04_02_12wrts\images\dance_files\slide0006.htm --> web2bck.access.gpo.gov /diska/netsite-docs/uscc/testimony/04_02_12wrts/images/dance_files slide0006.htm
2004.02.18 12:53 B q:\uscc\testimony\04_02_12wrts\images\dance_files\slide0005.htm --> web2bck.access.gpo.gov /diska/netsite-docs/uscc/testimony/04_02_12wrts/images/dance_files slide0005.htm
2004.02.18 12:53 B q:\uscc\testimony\04_02_12wrts\images\dance_files\slide0004.htm --> web2bck.access.gpo.gov /diska/netsite-docs/uscc/testimony/04_02_12wrts/images/dance_files slide0004.htm
2004.02.18 12:53 B q:\uscc\testimony\04_02_12wrts\images\dance_files\slide0003.htm --> web2bck.access.gpo.gov /diska/netsite-docs/uscc/testimony/04_02_12wrts/images/dance_files slide0003.htm
2004.02.18 12:53 B q:\uscc\testimony\04_02_12wrts\images\dance_files\slide0002.htm --> web2bck.access.gpo.gov /diska/netsite-docs/uscc/testimony/04_02_12wrts/images/dance_files slide0002.htm
2004.02.18 12:53 B q:\uscc\testimony\04_02_12wrts\images\dance_files\slide0001.htm --> web2bck.access.gpo.gov /diska/netsite-docs/uscc/testimony/04_02_12wrts/images/dance_files slide0001.htm
2004.02.18 12:53 B q:\uscc\testimony\04_02_12wrts\images\dance_files\outline.htm --> web2bck.access.gpo.gov /diska/netsite-docs/uscc/testimony/04_02_12wrts/images/dance_files outline.htm
2004.02.18 12:53 B q:\uscc\testimony\04_02_12wrts\images\dance_files\master03.htm --> web2bck.access.gpo.gov /diska/netsite-docs/uscc/testimony/04_02_12wrts/images/dance_files master03.htm
2004.02.18 12:53 B q:\uscc\testimony\04_02_12wrts\images\dance_files\fullscreen.htm --> web2bck.access.gpo.gov /diska/netsite-docs/uscc/testimony/04_02_12wrts/images/dance_files fullscreen.htm
2004.02.18 12:53 B q:\uscc\testimony\04_02_12wrts\images\dance_files\frame.htm --> web2bck.access.gpo.gov /diska/netsite-docs/uscc/testimony/04_02_12wrts/images/dance_files frame.htm
2004.02.18 12:53 B q:\uscc\testimony\04_02_12wrts\images\dance_files\script.js --> web2bck.access.gpo.gov /diska/netsite-docs/uscc/testimony/04_02_12wrts/images/dance_files script.js
2004.02.18 12:53 B q:\uscc\testimony\04_02_12wrts\images\dance_files\preview.wmf --> web2bck.access.gpo.gov /diska/netsite-docs/uscc/testimony/04_02_12wrts/images/dance_files preview.wmf
2004.02.18 12:53 B q:\uscc\testimony\04_02_12wrts\images\dance_files\pres.xml --> web2bck.access.gpo.gov /diska/netsite-docs/uscc/testimony/04_02_12wrts/images/dance_files pres.xml
2004.02.18 12:53 B q:\uscc\testimony\04_02_12wrts\images\dance_files\master03_stylesheet.css --> web2bck.access.gpo.gov /diska/netsite-docs/uscc/testimony/04_02_12wrts/images/dance_files master03_stylesheet.css
2004.02.18 12:53 B q:\uscc\testimony\04_02_12wrts\images\dance_files\master03_image002.jpg --> web2bck.access.gpo.gov /diska/netsite-docs/uscc/testimony/04_02_12wrts/images/dance_files master03_image002.jpg
2004.02.18 12:53 B q:\uscc\testimony\04_02_12wrts\images\dance_files\master03_image001.png --> web2bck.access.gpo.gov /diska/netsite-docs/uscc/testimony/04_02_12wrts/images/dance_files master03_image001.png
2004.02.18 12:53 B q:\uscc\testimony\04_02_12wrts\images\dance_files\master03.xml --> web2bck.access.gpo.gov /diska/netsite-docs/uscc/testimony/04_02_12wrts/images/dance_files master03.xml
2004.02.18 12:53 B q:\uscc\testimony\04_02_12wrts\images\dance_files\filelist.xml --> web2bck.access.gpo.gov /diska/netsite-docs/uscc/testimony/04_02_12wrts/images/dance_files filelist.xml
2004.02.18 12:53 B q:\uscc\testimony\04_02_12wrts\images\dance_files\buttons.gif --> web2bck.access.gpo.gov /diska/netsite-docs/uscc/testimony/04_02_12wrts/images/dance_files buttons.gif
2004.02.23 08:19 B q:\chinacommision\hearings\2004hearings\written_testimonies\04_02_12wrts\images\dance_files\WS_FTP.LOG <-- WEB w2 -- USCC /diska/netsite-docs/uscc/testimony/04_02_12wrts/images/dance_files WS_FTP.LOG
2004.02.23 08:19 B q:\chinacommision\hearings\2004hearings\written_testimonies\04_02_12wrts\images\dance_files\slide0008.htm <-- WEB w2 -- USCC /diska/netsite-docs/uscc/testimony/04_02_12wrts/images/dance_files slide0008.htm
2004.02.23 08:19 B q:\chinacommision\hearings\2004hearings\written_testimonies\04_02_12wrts\images\dance_files\slide0007.htm <-- WEB w2 -- USCC /diska/netsite-docs/uscc/testimony/04_02_12wrts/images/dance_files slide0007.htm
2004.02.23 08:19 B q:\chinacommision\hearings\2004hearings\written_testimonies\04_02_12wrts\images\dance_files\slide0006.htm <-- WEB w2 -- USCC /diska/netsite-docs/uscc/testimony/04_02_12wrts/images/dance_files slide0006.htm
2004.02.23 08:19 B q:\chinacommision\hearings\2004hearings\written_testimonies\04_02_12wrts\images\dance_files\slide0005.htm <-- WEB w2 -- USCC /diska/netsite-docs/uscc/testimony/04_02_12wrts/images/dance_files slide0005.htm
2004.02.23 08:19 B q:\chinacommision\hearings\2004hearings\written_testimonies\04_02_12wrts\images\dance_files\slide0004.htm <-- WEB w2 -- USCC /diska/netsite-docs/uscc/testimony/04_02_12wrts/images/dance_files slide0004.htm
2004.02.23 08:19 B q:\chinacommision\hearings\2004hearings\written_testimonies\04_02_12wrts\images\dance_files\slide0003.htm <-- WEB w2 -- USCC /diska/netsite-docs/uscc/testimony/04_02_12wrts/images/dance_files slide0003.htm
2004.02.23 08:19 B q:\chinacommision\hearings\2004hearings\written_testimonies\04_02_12wrts\images\dance_files\slide0002.htm <-- WEB w2 -- USCC /diska/netsite-docs/uscc/testimony/04_02_12wrts/images/dance_files slide0002.htm
2004.02.23 08:19 B q:\chinacommision\hearings\2004hearings\written_testimonies\04_02_12wrts\images\dance_files\slide0001.htm <-- WEB w2 -- USCC /diska/netsite-docs/uscc/testimony/04_02_12wrts/images/dance_files slide0001.htm
2004.02.23 08:19 B q:\chinacommision\hearings\2004hearings\written_testimonies\04_02_12wrts\images\dance_files\script.js <-- WEB w2 -- USCC /diska/netsite-docs/uscc/testimony/04_02_12wrts/images/dance_files script.js
2004.02.23 08:19 B q:\chinacommision\hearings\2004hearings\written_testimonies\04_02_12wrts\images\dance_files\preview.wmf <-- WEB w2 -- USCC /diska/netsite-docs/uscc/testimony/04_02_12wrts/images/dance_files preview.wmf
2004.02.23 08:19 B q:\chinacommision\hearings\2004hearings\written_testimonies\04_02_12wrts\images\dance_files\pres.xml <-- WEB w2 -- USCC /diska/netsite-docs/uscc/testimony/04_02_12wrts/images/dance_files pres.xml
2004.02.23 08:19 B q:\chinacommision\hearings\2004hearings\written_testimonies\04_02_12wrts\images\dance_files\outline.htm <-- WEB w2 -- USCC /diska/netsite-docs/uscc/testimony/04_02_12wrts/images/dance_files outline.htm
2004.02.23 08:19 B q:\chinacommision\hearings\2004hearings\written_testimonies\04_02_12wrts\images\dance_files\master03_stylesheet.css <-- WEB w2 -- USCC /diska/netsite-docs/uscc/testimony/04_02_12wrts/images/dance_files master03_stylesheet.css
2004.02.23 08:19 B q:\chinacommision\hearings\2004hearings\written_testimonies\04_02_12wrts\images\dance_files\master03_image002.jpg <-- WEB w2 -- USCC /diska/netsite-docs/uscc/testimony/04_02_12wrts/images/dance_files master03_image002.jpg
2004.02.23 08:19 B q:\chinacommision\hearings\2004hearings\written_testimonies\04_02_12wrts\images\dance_files\master03_image001.png <-- WEB w2 -- USCC /diska/netsite-docs/uscc/testimony/04_02_12wrts/images/dance_files master03_image001.png
2004.02.23 08:19 B q:\chinacommision\hearings\2004hearings\written_testimonies\04_02_12wrts\images\dance_files\master03.xml <-- WEB w2 -- USCC /diska/netsite-docs/uscc/testimony/04_02_12wrts/images/dance_files master03.xml
2004.02.23 08:19 B q:\chinacommision\hearings\2004hearings\written_testimonies\04_02_12wrts\images\dance_files\master03.htm <-- WEB w2 -- USCC /diska/netsite-docs/uscc/testimony/04_02_12wrts/images/dance_files master03.htm
2004.02.23 08:19 B q:\chinacommision\hearings\2004hearings\written_testimonies\04_02_12wrts\images\dance_files\fullscreen.htm <-- WEB w2 -- USCC /diska/netsite-docs/uscc/testimony/04_02_12wrts/images/dance_files fullscreen.htm
2004.02.23 08:19 B q:\chinacommision\hearings\2004hearings\written_testimonies\04_02_12wrts\images\dance_files\frame.htm <-- WEB w2 -- USCC /diska/netsite-docs/uscc/testimony/04_02_12wrts/images/dance_files frame.htm
2004.02.23 08:19 B q:\chinacommision\hearings\2004hearings\written_testimonies\04_02_12wrts\images\dance_files\filelist.xml <-- WEB w2 -- USCC /diska/netsite-docs/uscc/testimony/04_02_12wrts/images/dance_files filelist.xml
2004.02.23 08:19 B q:\chinacommision\hearings\2004hearings\written_testimonies\04_02_12wrts\images\dance_files\buttons.gif <-- WEB w2 -- USCC /diska/netsite-docs/uscc/testimony/04_02_12wrts/images/dance_files buttons.gif
2004.03.08 08:11 B q:\chinacommission\hearings\2004hearings\written_testimonies\04_02_12wrts\images\dance_files\master03_stylesheet.css --> web2bck.access.gpo.gov /diska/netsite-docs/uscc/hearings/2004hearings/written_testimonies/04_02_12wrts/images/dance_files master03_stylesheet.css
2004.03.08 08:11 B q:\chinacommission\hearings\2004hearings\written_testimonies\04_02_12wrts\images\dance_files\buttons.gif --> web2bck.access.gpo.gov /diska/netsite-docs/uscc/hearings/2004hearings/written_testimonies/04_02_12wrts/images/dance_files buttons.gif
2004.03.08 08:11 B q:\chinacommission\hearings\2004hearings\written_testimonies\04_02_12wrts\images\dance_files\frame.htm --> web2bck.access.gpo.gov /diska/netsite-docs/uscc/hearings/2004hearings/written_testimonies/04_02_12wrts/images/dance_files frame.htm
2004.03.08 08:11 B q:\chinacommission\hearings\2004hearings\written_testimonies\04_02_12wrts\images\dance_files\fullscreen.htm --> web2bck.access.gpo.gov /diska/netsite-docs/uscc/hearings/2004hearings/written_testimonies/04_02_12wrts/images/dance_files fullscreen.htm
2004.03.08 08:11 B q:\chinacommission\hearings\2004hearings\written_testimonies\04_02_12wrts\images\dance_files\master03.htm --> web2bck.access.gpo.gov /diska/netsite-docs/uscc/hearings/2004hearings/written_testimonies/04_02_12wrts/images/dance_files master03.htm
2004.03.08 08:11 B q:\chinacommission\hearings\2004hearings\written_testimonies\04_02_12wrts\images\dance_files\outline.htm --> web2bck.access.gpo.gov /diska/netsite-docs/uscc/hearings/2004hearings/written_testimonies/04_02_12wrts/images/dance_files outline.htm
2004.03.08 08:11 B q:\chinacommission\hearings\2004hearings\written_testimonies\04_02_12wrts\images\dance_files\slide0001.htm --> web2bck.access.gpo.gov /diska/netsite-docs/uscc/hearings/2004hearings/written_testimonies/04_02_12wrts/images/dance_files slide0001.htm
2004.03.08 08:11 B q:\chinacommission\hearings\2004hearings\written_testimonies\04_02_12wrts\images\dance_files\slide0002.htm --> web2bck.access.gpo.gov /diska/netsite-docs/uscc/hearings/2004hearings/written_testimonies/04_02_12wrts/images/dance_files slide0002.htm
2004.03.08 08:11 B q:\chinacommission\hearings\2004hearings\written_testimonies\04_02_12wrts\images\dance_files\slide0003.htm --> web2bck.access.gpo.gov /diska/netsite-docs/uscc/hearings/2004hearings/written_testimonies/04_02_12wrts/images/dance_files slide0003.htm
2004.03.08 08:11 B q:\chinacommission\hearings\2004hearings\written_testimonies\04_02_12wrts\images\dance_files\slide0004.htm --> web2bck.access.gpo.gov /diska/netsite-docs/uscc/hearings/2004hearings/written_testimonies/04_02_12wrts/images/dance_files slide0004.htm
2004.03.08 08:11 B q:\chinacommission\hearings\2004hearings\written_testimonies\04_02_12wrts\images\dance_files\slide0005.htm --> web2bck.access.gpo.gov /diska/netsite-docs/uscc/hearings/2004hearings/written_testimonies/04_02_12wrts/images/dance_files slide0005.htm
2004.03.08 08:11 B q:\chinacommission\hearings\2004hearings\written_testimonies\04_02_12wrts\images\dance_files\slide0006.htm --> web2bck.access.gpo.gov /diska/netsite-docs/uscc/hearings/2004hearings/written_testimonies/04_02_12wrts/images/dance_files slide0006.htm
2004.03.08 08:11 B q:\chinacommission\hearings\2004hearings\written_testimonies\04_02_12wrts\images\dance_files\slide0007.htm --> web2bck.access.gpo.gov /diska/netsite-docs/uscc/hearings/2004hearings/written_testimonies/04_02_12wrts/images/dance_files slide0007.htm
2004.03.08 08:11 B q:\chinacommission\hearings\2004hearings\written_testimonies\04_02_12wrts\images\dance_files\slide0008.htm --> web2bck.access.gpo.gov /diska/netsite-docs/uscc/hearings/2004hearings/written_testimonies/04_02_12wrts/images/dance_files slide0008.htm
2004.03.08 08:11 B q:\chinacommission\hearings\2004hearings\written_testimonies\04_02_12wrts\images\dance_files\master03_image002.jpg --> web2bck.access.gpo.gov /diska/netsite-docs/uscc/hearings/2004hearings/written_testimonies/04_02_12wrts/images/dance_files master03_image002.jpg
2004.03.08 08:11 B q:\chinacommission\hearings\2004hearings\written_testimonies\04_02_12wrts\images\dance_files\script.js --> web2bck.access.gpo.gov /diska/netsite-docs/uscc/hearings/2004hearings/written_testimonies/04_02_12wrts/images/dance_files script.js
2004.03.08 08:11 B q:\chinacommission\hearings\2004hearings\written_testimonies\04_02_12wrts\images\dance_files\WS_FTP.LOG --> web2bck.access.gpo.gov /diska/netsite-docs/uscc/hearings/2004hearings/written_testimonies/04_02_12wrts/images/dance_files WS_FTP.LOG
2004.03.08 08:11 B q:\chinacommission\hearings\2004hearings\written_testimonies\04_02_12wrts\images\dance_files\master03_image001.png --> web2bck.access.gpo.gov /diska/netsite-docs/uscc/hearings/2004hearings/written_testimonies/04_02_12wrts/images/dance_files master03_image001.png
2004.03.08 08:11 B q:\chinacommission\hearings\2004hearings\written_testimonies\04_02_12wrts\images\dance_files\preview.wmf --> web2bck.access.gpo.gov /diska/netsite-docs/uscc/hearings/2004hearings/written_testimonies/04_02_12wrts/images/dance_files preview.wmf
2004.03.08 08:11 B q:\chinacommission\hearings\2004hearings\written_testimonies\04_02_12wrts\images\dance_files\filelist.xml --> web2bck.access.gpo.gov /diska/netsite-docs/uscc/hearings/2004hearings/written_testimonies/04_02_12wrts/images/dance_files filelist.xml
2004.03.08 08:11 B q:\chinacommission\hearings\2004hearings\written_testimonies\04_02_12wrts\images\dance_files\master03.xml --> web2bck.access.gpo.gov /diska/netsite-docs/uscc/hearings/2004hearings/written_testimonies/04_02_12wrts/images/dance_files master03.xml
2004.03.08 08:11 B q:\chinacommission\hearings\2004hearings\written_testimonies\04_02_12wrts\images\dance_files\pres.xml --> web2bck.access.gpo.gov /diska/netsite-docs/uscc/hearings/2004hearings/written_testimonies/04_02_12wrts/images/dance_files pres.xml
2004.03.08 08:25 B q:\chinacommission\hearings\2004hearings\written_testimonies\04_02_12wrts\images\dance_files\master03_stylesheet.css --> web2.access.gpo.gov /diska/netsite-docs/uscc/hearings/2004hearings/written_testimonies/04_02_12wrts/images/dance_files master03_stylesheet.css
2004.03.08 08:25 B q:\chinacommission\hearings\2004hearings\written_testimonies\04_02_12wrts\images\dance_files\buttons.gif --> web2.access.gpo.gov /diska/netsite-docs/uscc/hearings/2004hearings/written_testimonies/04_02_12wrts/images/dance_files buttons.gif
2004.03.08 08:25 B q:\chinacommission\hearings\2004hearings\written_testimonies\04_02_12wrts\images\dance_files\frame.htm --> web2.access.gpo.gov /diska/netsite-docs/uscc/hearings/2004hearings/written_testimonies/04_02_12wrts/images/dance_files frame.htm
2004.03.08 08:25 B q:\chinacommission\hearings\2004hearings\written_testimonies\04_02_12wrts\images\dance_files\fullscreen.htm --> web2.access.gpo.gov /diska/netsite-docs/uscc/hearings/2004hearings/written_testimonies/04_02_12wrts/images/dance_files fullscreen.htm
2004.03.08 08:25 B q:\chinacommission\hearings\2004hearings\written_testimonies\04_02_12wrts\images\dance_files\master03.htm --> web2.access.gpo.gov /diska/netsite-docs/uscc/hearings/2004hearings/written_testimonies/04_02_12wrts/images/dance_files master03.htm
2004.03.08 08:25 B q:\chinacommission\hearings\2004hearings\written_testimonies\04_02_12wrts\images\dance_files\outline.htm --> web2.access.gpo.gov /diska/netsite-docs/uscc/hearings/2004hearings/written_testimonies/04_02_12wrts/images/dance_files outline.htm
2004.03.08 08:25 B q:\chinacommission\hearings\2004hearings\written_testimonies\04_02_12wrts\images\dance_files\slide0001.htm --> web2.access.gpo.gov /diska/netsite-docs/uscc/hearings/2004hearings/written_testimonies/04_02_12wrts/images/dance_files slide0001.htm
2004.03.08 08:25 B q:\chinacommission\hearings\2004hearings\written_testimonies\04_02_12wrts\images\dance_files\slide0002.htm --> web2.access.gpo.gov /diska/netsite-docs/uscc/hearings/2004hearings/written_testimonies/04_02_12wrts/images/dance_files slide0002.htm
2004.03.08 08:25 B q:\chinacommission\hearings\2004hearings\written_testimonies\04_02_12wrts\images\dance_files\slide0003.htm --> web2.access.gpo.gov /diska/netsite-docs/uscc/hearings/2004hearings/written_testimonies/04_02_12wrts/images/dance_files slide0003.htm
2004.03.08 08:25 B q:\chinacommission\hearings\2004hearings\written_testimonies\04_02_12wrts\images\dance_files\slide0004.htm --> web2.access.gpo.gov /diska/netsite-docs/uscc/hearings/2004hearings/written_testimonies/04_02_12wrts/images/dance_files slide0004.htm
2004.03.08 08:25 B q:\chinacommission\hearings\2004hearings\written_testimonies\04_02_12wrts\images\dance_files\slide0005.htm --> web2.access.gpo.gov /diska/netsite-docs/uscc/hearings/2004hearings/written_testimonies/04_02_12wrts/images/dance_files slide0005.htm
2004.03.08 08:25 B q:\chinacommission\hearings\2004hearings\written_testimonies\04_02_12wrts\images\dance_files\slide0006.htm --> web2.access.gpo.gov /diska/netsite-docs/uscc/hearings/2004hearings/written_testimonies/04_02_12wrts/images/dance_files slide0006.htm
2004.03.08 08:25 B q:\chinacommission\hearings\2004hearings\written_testimonies\04_02_12wrts\images\dance_files\slide0007.htm --> web2.access.gpo.gov /diska/netsite-docs/uscc/hearings/2004hearings/written_testimonies/04_02_12wrts/images/dance_files slide0007.htm
2004.03.08 08:25 B q:\chinacommission\hearings\2004hearings\written_testimonies\04_02_12wrts\images\dance_files\slide0008.htm --> web2.access.gpo.gov /diska/netsite-docs/uscc/hearings/2004hearings/written_testimonies/04_02_12wrts/images/dance_files slide0008.htm
2004.03.08 08:25 B q:\chinacommission\hearings\2004hearings\written_testimonies\04_02_12wrts\images\dance_files\master03_image002.jpg --> web2.access.gpo.gov /diska/netsite-docs/uscc/hearings/2004hearings/written_testimonies/04_02_12wrts/images/dance_files master03_image002.jpg
2004.03.08 08:25 B q:\chinacommission\hearings\2004hearings\written_testimonies\04_02_12wrts\images\dance_files\script.js --> web2.access.gpo.gov /diska/netsite-docs/uscc/hearings/2004hearings/written_testimonies/04_02_12wrts/images/dance_files script.js
2004.03.08 08:25 B q:\chinacommission\hearings\2004hearings\written_testimonies\04_02_12wrts\images\dance_files\WS_FTP.LOG --> web2.access.gpo.gov /diska/netsite-docs/uscc/hearings/2004hearings/written_testimonies/04_02_12wrts/images/dance_files WS_FTP.LOG
2004.03.08 08:25 B q:\chinacommission\hearings\2004hearings\written_testimonies\04_02_12wrts\images\dance_files\master03_image001.png --> web2.access.gpo.gov /diska/netsite-docs/uscc/hearings/2004hearings/written_testimonies/04_02_12wrts/images/dance_files master03_image001.png
2004.03.08 08:25 B q:\chinacommission\hearings\2004hearings\written_testimonies\04_02_12wrts\images\dance_files\preview.wmf --> web2.access.gpo.gov /diska/netsite-docs/uscc/hearings/2004hearings/written_testimonies/04_02_12wrts/images/dance_files preview.wmf
2004.03.08 08:25 B q:\chinacommission\hearings\2004hearings\written_testimonies\04_02_12wrts\images\dance_files\filelist.xml --> web2.access.gpo.gov /diska/netsite-docs/uscc/hearings/2004hearings/written_testimonies/04_02_12wrts/images/dance_files filelist.xml
2004.03.08 08:25 B q:\chinacommission\hearings\2004hearings\written_testimonies\04_02_12wrts\images\dance_files\master03.xml --> web2.access.gpo.gov /diska/netsite-docs/uscc/hearings/2004hearings/written_testimonies/04_02_12wrts/images/dance_files master03.xml
2004.03.08 08:25 B q:\chinacommission\hearings\2004hearings\written_testimonies\04_02_12wrts\images\dance_files\pres.xml --> web2.access.gpo.gov /diska/netsite-docs/uscc/hearings/2004hearings/written_testimonies/04_02_12wrts/images/dance_files pres.xml
2004.05.07 10:33 B Q:\usccasp\hearings\2004hearings\written_testimonies\04_02_12wrts\images\dance_files\slide0008.htm --> win2.access.gpo.gov /winapps.access.gpo.gov/chinacomm/hearings/2004hearings/written_testimonies/04_02_12wrts/images/dance_files slide0008.htm
2004.05.07 10:33 B Q:\usccasp\hearings\2004hearings\written_testimonies\04_02_12wrts\images\dance_files\slide0007.htm --> win2.access.gpo.gov /winapps.access.gpo.gov/chinacomm/hearings/2004hearings/written_testimonies/04_02_12wrts/images/dance_files slide0007.htm
2004.05.07 10:33 B Q:\usccasp\hearings\2004hearings\written_testimonies\04_02_12wrts\images\dance_files\slide0006.htm --> win2.access.gpo.gov /winapps.access.gpo.gov/chinacomm/hearings/2004hearings/written_testimonies/04_02_12wrts/images/dance_files slide0006.htm
2004.05.07 10:33 B Q:\usccasp\hearings\2004hearings\written_testimonies\04_02_12wrts\images\dance_files\slide0005.htm --> win2.access.gpo.gov /winapps.access.gpo.gov/chinacomm/hearings/2004hearings/written_testimonies/04_02_12wrts/images/dance_files slide0005.htm
2004.05.07 10:33 B Q:\usccasp\hearings\2004hearings\written_testimonies\04_02_12wrts\images\dance_files\slide0004.htm --> win2.access.gpo.gov /winapps.access.gpo.gov/chinacomm/hearings/2004hearings/written_testimonies/04_02_12wrts/images/dance_files slide0004.htm
2004.07.15 10:04 B q:\usccasp\hearings\2004hearings\written_testimonies\04_02_12wrts\images\dance_files\master03_stylesheet.css --> win1.access.gpo.gov /winapps.access.gpo.gov/chinacomm/hearings/2004hearings/written_testimonies/04_02_12wrts/images/dance_files master03_stylesheet.css
2004.07.15 10:04 B q:\usccasp\hearings\2004hearings\written_testimonies\04_02_12wrts\images\dance_files\buttons.gif --> win1.access.gpo.gov /winapps.access.gpo.gov/chinacomm/hearings/2004hearings/written_testimonies/04_02_12wrts/images/dance_files buttons.gif
2004.07.15 10:04 B q:\usccasp\hearings\2004hearings\written_testimonies\04_02_12wrts\images\dance_files\frame.htm --> win1.access.gpo.gov /winapps.access.gpo.gov/chinacomm/hearings/2004hearings/written_testimonies/04_02_12wrts/images/dance_files frame.htm
2004.07.15 10:04 B q:\usccasp\hearings\2004hearings\written_testimonies\04_02_12wrts\images\dance_files\fullscreen.htm --> win1.access.gpo.gov /winapps.access.gpo.gov/chinacomm/hearings/2004hearings/written_testimonies/04_02_12wrts/images/dance_files fullscreen.htm
2004.07.15 10:04 B q:\usccasp\hearings\2004hearings\written_testimonies\04_02_12wrts\images\dance_files\master03.htm --> win1.access.gpo.gov /winapps.access.gpo.gov/chinacomm/hearings/2004hearings/written_testimonies/04_02_12wrts/images/dance_files master03.htm
2004.07.15 10:04 B q:\usccasp\hearings\2004hearings\written_testimonies\04_02_12wrts\images\dance_files\outline.htm --> win1.access.gpo.gov /winapps.access.gpo.gov/chinacomm/hearings/2004hearings/written_testimonies/04_02_12wrts/images/dance_files outline.htm
2004.07.15 10:04 B q:\usccasp\hearings\2004hearings\written_testimonies\04_02_12wrts\images\dance_files\slide0001.htm --> win1.access.gpo.gov /winapps.access.gpo.gov/chinacomm/hearings/2004hearings/written_testimonies/04_02_12wrts/images/dance_files slide0001.htm
2004.07.15 10:04 B q:\usccasp\hearings\2004hearings\written_testimonies\04_02_12wrts\images\dance_files\slide0002.htm --> win1.access.gpo.gov /winapps.access.gpo.gov/chinacomm/hearings/2004hearings/written_testimonies/04_02_12wrts/images/dance_files slide0002.htm
2004.07.15 10:04 B q:\usccasp\hearings\2004hearings\written_testimonies\04_02_12wrts\images\dance_files\slide0003.htm --> win1.access.gpo.gov /winapps.access.gpo.gov/chinacomm/hearings/2004hearings/written_testimonies/04_02_12wrts/images/dance_files slide0003.htm
2004.07.15 10:04 B q:\usccasp\hearings\2004hearings\written_testimonies\04_02_12wrts\images\dance_files\slide0004.htm --> win1.access.gpo.gov /winapps.access.gpo.gov/chinacomm/hearings/2004hearings/written_testimonies/04_02_12wrts/images/dance_files slide0004.htm
2004.07.15 10:04 B q:\usccasp\hearings\2004hearings\written_testimonies\04_02_12wrts\images\dance_files\slide0005.htm --> win1.access.gpo.gov /winapps.access.gpo.gov/chinacomm/hearings/2004hearings/written_testimonies/04_02_12wrts/images/dance_files slide0005.htm
2004.07.15 10:04 B q:\usccasp\hearings\2004hearings\written_testimonies\04_02_12wrts\images\dance_files\slide0006.htm --> win1.access.gpo.gov /winapps.access.gpo.gov/chinacomm/hearings/2004hearings/written_testimonies/04_02_12wrts/images/dance_files slide0006.htm
2004.07.15 10:04 B q:\usccasp\hearings\2004hearings\written_testimonies\04_02_12wrts\images\dance_files\slide0007.htm --> win1.access.gpo.gov /winapps.access.gpo.gov/chinacomm/hearings/2004hearings/written_testimonies/04_02_12wrts/images/dance_files slide0007.htm
2004.07.15 10:04 B q:\usccasp\hearings\2004hearings\written_testimonies\04_02_12wrts\images\dance_files\slide0008.htm --> win1.access.gpo.gov /winapps.access.gpo.gov/chinacomm/hearings/2004hearings/written_testimonies/04_02_12wrts/images/dance_files slide0008.htm
2004.07.15 10:04 B q:\usccasp\hearings\2004hearings\written_testimonies\04_02_12wrts\images\dance_files\master03_image002.jpg --> win1.access.gpo.gov /winapps.access.gpo.gov/chinacomm/hearings/2004hearings/written_testimonies/04_02_12wrts/images/dance_files master03_image002.jpg
2004.07.15 10:04 B q:\usccasp\hearings\2004hearings\written_testimonies\04_02_12wrts\images\dance_files\script.js --> win1.access.gpo.gov /winapps.access.gpo.gov/chinacomm/hearings/2004hearings/written_testimonies/04_02_12wrts/images/dance_files script.js
2004.07.15 10:04 B q:\usccasp\hearings\2004hearings\written_testimonies\04_02_12wrts\images\dance_files\WS_FTP.LOG --> win1.access.gpo.gov /winapps.access.gpo.gov/chinacomm/hearings/2004hearings/written_testimonies/04_02_12wrts/images/dance_files WS_FTP.LOG
2004.07.15 10:04 B q:\usccasp\hearings\2004hearings\written_testimonies\04_02_12wrts\images\dance_files\master03_image001.png --> win1.access.gpo.gov /winapps.access.gpo.gov/chinacomm/hearings/2004hearings/written_testimonies/04_02_12wrts/images/dance_files master03_image001.png
2004.07.15 10:04 B q:\usccasp\hearings\2004hearings\written_testimonies\04_02_12wrts\images\dance_files\preview.wmf --> win1.access.gpo.gov /winapps.access.gpo.gov/chinacomm/hearings/2004hearings/written_testimonies/04_02_12wrts/images/dance_files preview.wmf
2004.07.15 10:04 B q:\usccasp\hearings\2004hearings\written_testimonies\04_02_12wrts\images\dance_files\filelist.xml --> win1.access.gpo.gov /winapps.access.gpo.gov/chinacomm/hearings/2004hearings/written_testimonies/04_02_12wrts/images/dance_files filelist.xml
2004.07.15 10:04 B q:\usccasp\hearings\2004hearings\written_testimonies\04_02_12wrts\images\dance_files\master03.xml --> win1.access.gpo.gov /winapps.access.gpo.gov/chinacomm/hearings/2004hearings/written_testimonies/04_02_12wrts/images/dance_files master03.xml
2004.07.15 10:04 B q:\usccasp\hearings\2004hearings\written_testimonies\04_02_12wrts\images\dance_files\pres.xml --> win1.access.gpo.gov /winapps.access.gpo.gov/chinacomm/hearings/2004hearings/written_testimonies/04_02_12wrts/images/dance_files pres.xml
2004.07.15 10:06 B q:\usccasp\hearings\2004hearings\written_testimonies\04_02_12wrts\images\dance_files\master03_stylesheet.css --> win2.access.gpo.gov /winapps.access.gpo.gov/chinacomm/hearings/2004hearings/written_testimonies/04_02_12wrts/images/dance_files master03_stylesheet.css
2004.07.15 10:06 B q:\usccasp\hearings\2004hearings\written_testimonies\04_02_12wrts\images\dance_files\buttons.gif --> win2.access.gpo.gov /winapps.access.gpo.gov/chinacomm/hearings/2004hearings/written_testimonies/04_02_12wrts/images/dance_files buttons.gif
2004.07.15 10:06 B q:\usccasp\hearings\2004hearings\written_testimonies\04_02_12wrts\images\dance_files\frame.htm --> win2.access.gpo.gov /winapps.access.gpo.gov/chinacomm/hearings/2004hearings/written_testimonies/04_02_12wrts/images/dance_files frame.htm
2004.07.15 10:06 B q:\usccasp\hearings\2004hearings\written_testimonies\04_02_12wrts\images\dance_files\fullscreen.htm --> win2.access.gpo.gov /winapps.access.gpo.gov/chinacomm/hearings/2004hearings/written_testimonies/04_02_12wrts/images/dance_files fullscreen.htm
2004.07.15 10:06 B q:\usccasp\hearings\2004hearings\written_testimonies\04_02_12wrts\images\dance_files\master03.htm --> win2.access.gpo.gov /winapps.access.gpo.gov/chinacomm/hearings/2004hearings/written_testimonies/04_02_12wrts/images/dance_files master03.htm
2004.07.15 10:06 B q:\usccasp\hearings\2004hearings\written_testimonies\04_02_12wrts\images\dance_files\outline.htm --> win2.access.gpo.gov /winapps.access.gpo.gov/chinacomm/hearings/2004hearings/written_testimonies/04_02_12wrts/images/dance_files outline.htm
2004.07.15 10:06 B q:\usccasp\hearings\2004hearings\written_testimonies\04_02_12wrts\images\dance_files\slide0001.htm --> win2.access.gpo.gov /winapps.access.gpo.gov/chinacomm/hearings/2004hearings/written_testimonies/04_02_12wrts/images/dance_files slide0001.htm
2004.07.15 10:06 B q:\usccasp\hearings\2004hearings\written_testimonies\04_02_12wrts\images\dance_files\slide0002.htm --> win2.access.gpo.gov /winapps.access.gpo.gov/chinacomm/hearings/2004hearings/written_testimonies/04_02_12wrts/images/dance_files slide0002.htm
2004.07.15 10:06 B q:\usccasp\hearings\2004hearings\written_testimonies\04_02_12wrts\images\dance_files\slide0003.htm --> win2.access.gpo.gov /winapps.access.gpo.gov/chinacomm/hearings/2004hearings/written_testimonies/04_02_12wrts/images/dance_files slide0003.htm
2004.07.15 10:06 B q:\usccasp\hearings\2004hearings\written_testimonies\04_02_12wrts\images\dance_files\slide0004.htm --> win2.access.gpo.gov /winapps.access.gpo.gov/chinacomm/hearings/2004hearings/written_testimonies/04_02_12wrts/images/dance_files slide0004.htm
2004.07.15 10:06 B q:\usccasp\hearings\2004hearings\written_testimonies\04_02_12wrts\images\dance_files\slide0005.htm --> win2.access.gpo.gov /winapps.access.gpo.gov/chinacomm/hearings/2004hearings/written_testimonies/04_02_12wrts/images/dance_files slide0005.htm
2004.07.15 10:06 B q:\usccasp\hearings\2004hearings\written_testimonies\04_02_12wrts\images\dance_files\slide0006.htm --> win2.access.gpo.gov /winapps.access.gpo.gov/chinacomm/hearings/2004hearings/written_testimonies/04_02_12wrts/images/dance_files slide0006.htm
2004.07.15 10:06 B q:\usccasp\hearings\2004hearings\written_testimonies\04_02_12wrts\images\dance_files\slide0007.htm --> win2.access.gpo.gov /winapps.access.gpo.gov/chinacomm/hearings/2004hearings/written_testimonies/04_02_12wrts/images/dance_files slide0007.htm
2004.07.15 10:06 B q:\usccasp\hearings\2004hearings\written_testimonies\04_02_12wrts\images\dance_files\slide0008.htm --> win2.access.gpo.gov /winapps.access.gpo.gov/chinacomm/hearings/2004hearings/written_testimonies/04_02_12wrts/images/dance_files slide0008.htm
2004.07.15 10:06 B q:\usccasp\hearings\2004hearings\written_testimonies\04_02_12wrts\images\dance_files\master03_image002.jpg --> win2.access.gpo.gov /winapps.access.gpo.gov/chinacomm/hearings/2004hearings/written_testimonies/04_02_12wrts/images/dance_files master03_image002.jpg
2004.07.15 10:06 B q:\usccasp\hearings\2004hearings\written_testimonies\04_02_12wrts\images\dance_files\script.js --> win2.access.gpo.gov /winapps.access.gpo.gov/chinacomm/hearings/2004hearings/written_testimonies/04_02_12wrts/images/dance_files script.js
2004.07.15 10:06 B q:\usccasp\hearings\2004hearings\written_testimonies\04_02_12wrts\images\dance_files\ws_ftp.log --> win2.access.gpo.gov /winapps.access.gpo.gov/chinacomm/hearings/2004hearings/written_testimonies/04_02_12wrts/images/dance_files ws_ftp.log
2004.07.15 10:06 B q:\usccasp\hearings\2004hearings\written_testimonies\04_02_12wrts\images\dance_files\master03_image001.png --> win2.access.gpo.gov /winapps.access.gpo.gov/chinacomm/hearings/2004hearings/written_testimonies/04_02_12wrts/images/dance_files master03_image001.png
2004.07.15 10:06 B q:\usccasp\hearings\2004hearings\written_testimonies\04_02_12wrts\images\dance_files\preview.wmf --> win2.access.gpo.gov /winapps.access.gpo.gov/chinacomm/hearings/2004hearings/written_testimonies/04_02_12wrts/images/dance_files preview.wmf
2004.07.15 10:06 B q:\usccasp\hearings\2004hearings\written_testimonies\04_02_12wrts\images\dance_files\filelist.xml --> win2.access.gpo.gov /winapps.access.gpo.gov/chinacomm/hearings/2004hearings/written_testimonies/04_02_12wrts/images/dance_files filelist.xml
2004.07.15 10:06 B q:\usccasp\hearings\2004hearings\written_testimonies\04_02_12wrts\images\dance_files\master03.xml --> win2.access.gpo.gov /winapps.access.gpo.gov/chinacomm/hearings/2004hearings/written_testimonies/04_02_12wrts/images/dance_files master03.xml
2004.07.15 10:06 B q:\usccasp\hearings\2004hearings\written_testimonies\04_02_12wrts\images\dance_files\pres.xml --> win2.access.gpo.gov /winapps.access.gpo.gov/chinacomm/hearings/2004hearings/written_testimonies/04_02_12wrts/images/dance_files pres.xml
2004.07.28 12:58 B q:\usccasp\hearings\2004hearings\written_testimonies\04_02_12wrts\images\dance_files\WS_FTP.LOG --> win1.access.gpo.gov /winapps.access.gpo.gov/chinacomm/hearings/2004hearings/written_testimonies/04_02_12wrts/images/dance_files WS_FTP.LOG
2004.07.28 13:00 B q:\usccasp\hearings\2004hearings\written_testimonies\04_02_12wrts\images\dance_files\ws_ftp.log --> win2.access.gpo.gov /winapps.access.gpo.gov/chinacomm/hearings/2004hearings/written_testimonies/04_02_12wrts/images/dance_files ws_ftp.log
2004.08.05 09:01 B q:\usccasp\hearings\2004hearings\written_testimonies\04_02_12wrts\images\dance_files\WS_FTP.LOG --> win1.access.gpo.gov /winapps.access.gpo.gov/chinacomm/hearings/2004hearings/written_testimonies/04_02_12wrts/images/dance_files WS_FTP.LOG
2004.08.05 09:04 B q:\usccasp\hearings\2004hearings\written_testimonies\04_02_12wrts\images\dance_files\ws_ftp.log --> win2.access.gpo.gov /winapps.access.gpo.gov/chinacomm/hearings/2004hearings/written_testimonies/04_02_12wrts/images/dance_files ws_ftp.log
2004.08.10 14:27 B q:\usccasp\hearings\2004hearings\written_testimonies\04_02_12wrts\images\dance_files\ws_ftp.log --> win2.access.gpo.gov /winapps.access.gpo.gov/chinacomm/hearings/2004hearings/written_testimonies/04_02_12wrts/images/dance_files ws_ftp.log
2004.08.10 14:30 B q:\usccasp\hearings\2004hearings\written_testimonies\04_02_12wrts\images\dance_files\WS_FTP.LOG --> win1.access.gpo.gov /winapps.access.gpo.gov/chinacomm/hearings/2004hearings/written_testimonies/04_02_12wrts/images/dance_files WS_FTP.LOG
2004.08.24 11:32 B q:\usccasp\hearings\2004hearings\written_testimonies\04_02_12wrts\images\dance_files\master03_stylesheet.css --> win1.access.gpo.gov /winapps.access.gpo.gov/chinacomm/hearings/2004hearings/written_testimonies/04_02_12wrts/images/dance_files master03_stylesheet.css
2004.08.24 11:32 B q:\usccasp\hearings\2004hearings\written_testimonies\04_02_12wrts\images\dance_files\buttons.gif --> win1.access.gpo.gov /winapps.access.gpo.gov/chinacomm/hearings/2004hearings/written_testimonies/04_02_12wrts/images/dance_files buttons.gif
2004.08.24 11:32 B q:\usccasp\hearings\2004hearings\written_testimonies\04_02_12wrts\images\dance_files\frame.htm --> win1.access.gpo.gov /winapps.access.gpo.gov/chinacomm/hearings/2004hearings/written_testimonies/04_02_12wrts/images/dance_files frame.htm
2004.08.24 11:32 B q:\usccasp\hearings\2004hearings\written_testimonies\04_02_12wrts\images\dance_files\fullscreen.htm --> win1.access.gpo.gov /winapps.access.gpo.gov/chinacomm/hearings/2004hearings/written_testimonies/04_02_12wrts/images/dance_files fullscreen.htm
2004.08.24 11:32 B q:\usccasp\hearings\2004hearings\written_testimonies\04_02_12wrts\images\dance_files\master03.htm --> win1.access.gpo.gov /winapps.access.gpo.gov/chinacomm/hearings/2004hearings/written_testimonies/04_02_12wrts/images/dance_files master03.htm
2004.08.24 11:32 B q:\usccasp\hearings\2004hearings\written_testimonies\04_02_12wrts\images\dance_files\outline.htm --> win1.access.gpo.gov /winapps.access.gpo.gov/chinacomm/hearings/2004hearings/written_testimonies/04_02_12wrts/images/dance_files outline.htm
2004.08.24 11:32 B q:\usccasp\hearings\2004hearings\written_testimonies\04_02_12wrts\images\dance_files\slide0001.htm --> win1.access.gpo.gov /winapps.access.gpo.gov/chinacomm/hearings/2004hearings/written_testimonies/04_02_12wrts/images/dance_files slide0001.htm
2004.08.24 11:32 B q:\usccasp\hearings\2004hearings\written_testimonies\04_02_12wrts\images\dance_files\slide0002.htm --> win1.access.gpo.gov /winapps.access.gpo.gov/chinacomm/hearings/2004hearings/written_testimonies/04_02_12wrts/images/dance_files slide0002.htm
2004.08.24 11:32 B q:\usccasp\hearings\2004hearings\written_testimonies\04_02_12wrts\images\dance_files\slide0003.htm --> win1.access.gpo.gov /winapps.access.gpo.gov/chinacomm/hearings/2004hearings/written_testimonies/04_02_12wrts/images/dance_files slide0003.htm
2004.08.24 11:32 B q:\usccasp\hearings\2004hearings\written_testimonies\04_02_12wrts\images\dance_files\slide0004.htm --> win1.access.gpo.gov /winapps.access.gpo.gov/chinacomm/hearings/2004hearings/written_testimonies/04_02_12wrts/images/dance_files slide0004.htm
2004.08.24 11:32 B q:\usccasp\hearings\2004hearings\written_testimonies\04_02_12wrts\images\dance_files\slide0005.htm --> win1.access.gpo.gov /winapps.access.gpo.gov/chinacomm/hearings/2004hearings/written_testimonies/04_02_12wrts/images/dance_files slide0005.htm
2004.08.24 11:32 B q:\usccasp\hearings\2004hearings\written_testimonies\04_02_12wrts\images\dance_files\slide0006.htm --> win1.access.gpo.gov /winapps.access.gpo.gov/chinacomm/hearings/2004hearings/written_testimonies/04_02_12wrts/images/dance_files slide0006.htm
2004.08.24 11:32 B q:\usccasp\hearings\2004hearings\written_testimonies\04_02_12wrts\images\dance_files\slide0007.htm --> win1.access.gpo.gov /winapps.access.gpo.gov/chinacomm/hearings/2004hearings/written_testimonies/04_02_12wrts/images/dance_files slide0007.htm
2004.08.24 11:32 B q:\usccasp\hearings\2004hearings\written_testimonies\04_02_12wrts\images\dance_files\slide0008.htm --> win1.access.gpo.gov /winapps.access.gpo.gov/chinacomm/hearings/2004hearings/written_testimonies/04_02_12wrts/images/dance_files slide0008.htm
2004.08.24 11:32 B q:\usccasp\hearings\2004hearings\written_testimonies\04_02_12wrts\images\dance_files\master03_image002.jpg --> win1.access.gpo.gov /winapps.access.gpo.gov/chinacomm/hearings/2004hearings/written_testimonies/04_02_12wrts/images/dance_files master03_image002.jpg
2004.08.24 11:32 B q:\usccasp\hearings\2004hearings\written_testimonies\04_02_12wrts\images\dance_files\script.js --> win1.access.gpo.gov /winapps.access.gpo.gov/chinacomm/hearings/2004hearings/written_testimonies/04_02_12wrts/images/dance_files script.js
2004.08.24 11:32 B q:\usccasp\hearings\2004hearings\written_testimonies\04_02_12wrts\images\dance_files\WS_FTP.LOG --> win1.access.gpo.gov /winapps.access.gpo.gov/chinacomm/hearings/2004hearings/written_testimonies/04_02_12wrts/images/dance_files WS_FTP.LOG
2004.08.24 11:33 B q:\usccasp\hearings\2004hearings\written_testimonies\04_02_12wrts\images\dance_files\master03_image001.png --> win1.access.gpo.gov /winapps.access.gpo.gov/chinacomm/hearings/2004hearings/written_testimonies/04_02_12wrts/images/dance_files master03_image001.png
2004.08.24 11:33 B q:\usccasp\hearings\2004hearings\written_testimonies\04_02_12wrts\images\dance_files\preview.wmf --> win1.access.gpo.gov /winapps.access.gpo.gov/chinacomm/hearings/2004hearings/written_testimonies/04_02_12wrts/images/dance_files preview.wmf
2004.08.24 11:33 B q:\usccasp\hearings\2004hearings\written_testimonies\04_02_12wrts\images\dance_files\filelist.xml --> win1.access.gpo.gov /winapps.access.gpo.gov/chinacomm/hearings/2004hearings/written_testimonies/04_02_12wrts/images/dance_files filelist.xml
2004.08.24 11:33 B q:\usccasp\hearings\2004hearings\written_testimonies\04_02_12wrts\images\dance_files\master03.xml --> win1.access.gpo.gov /winapps.access.gpo.gov/chinacomm/hearings/2004hearings/written_testimonies/04_02_12wrts/images/dance_files master03.xml
2004.08.24 11:33 B q:\usccasp\hearings\2004hearings\written_testimonies\04_02_12wrts\images\dance_files\pres.xml --> win1.access.gpo.gov /winapps.access.gpo.gov/chinacomm/hearings/2004hearings/written_testimonies/04_02_12wrts/images/dance_files pres.xml
2004.10.14 15:30 B q:\uscc_new\hearings\2004hearings\written_testimonies\04_02_12wrts\images\dance_files\master03_stylesheet.css --> web2bck.access.gpo.gov /diska/netsite-docs/uscc/test/hearings/2004hearings/written_testimonies/04_02_12wrts/images/dance_files master03_stylesheet.css
2004.10.14 15:30 B q:\uscc_new\hearings\2004hearings\written_testimonies\04_02_12wrts\images\dance_files\buttons.gif --> web2bck.access.gpo.gov /diska/netsite-docs/uscc/test/hearings/2004hearings/written_testimonies/04_02_12wrts/images/dance_files buttons.gif
2004.10.14 15:30 B q:\uscc_new\hearings\2004hearings\written_testimonies\04_02_12wrts\images\dance_files\frame.htm --> web2bck.access.gpo.gov /diska/netsite-docs/uscc/test/hearings/2004hearings/written_testimonies/04_02_12wrts/images/dance_files frame.htm
2004.10.14 15:30 B q:\uscc_new\hearings\2004hearings\written_testimonies\04_02_12wrts\images\dance_files\fullscreen.htm --> web2bck.access.gpo.gov /diska/netsite-docs/uscc/test/hearings/2004hearings/written_testimonies/04_02_12wrts/images/dance_files fullscreen.htm
2004.10.14 15:30 B q:\uscc_new\hearings\2004hearings\written_testimonies\04_02_12wrts\images\dance_files\master03.htm --> web2bck.access.gpo.gov /diska/netsite-docs/uscc/test/hearings/2004hearings/written_testimonies/04_02_12wrts/images/dance_files master03.htm
2004.10.14 15:30 B q:\uscc_new\hearings\2004hearings\written_testimonies\04_02_12wrts\images\dance_files\outline.htm --> web2bck.access.gpo.gov /diska/netsite-docs/uscc/test/hearings/2004hearings/written_testimonies/04_02_12wrts/images/dance_files outline.htm
2004.10.14 15:30 B q:\uscc_new\hearings\2004hearings\written_testimonies\04_02_12wrts\images\dance_files\slide0001.htm --> web2bck.access.gpo.gov /diska/netsite-docs/uscc/test/hearings/2004hearings/written_testimonies/04_02_12wrts/images/dance_files slide0001.htm
2004.10.14 15:30 B q:\uscc_new\hearings\2004hearings\written_testimonies\04_02_12wrts\images\dance_files\slide0002.htm --> web2bck.access.gpo.gov /diska/netsite-docs/uscc/test/hearings/2004hearings/written_testimonies/04_02_12wrts/images/dance_files slide0002.htm
2004.10.14 15:30 B q:\uscc_new\hearings\2004hearings\written_testimonies\04_02_12wrts\images\dance_files\slide0003.htm --> web2bck.access.gpo.gov /diska/netsite-docs/uscc/test/hearings/2004hearings/written_testimonies/04_02_12wrts/images/dance_files slide0003.htm
2004.10.14 15:30 B q:\uscc_new\hearings\2004hearings\written_testimonies\04_02_12wrts\images\dance_files\slide0004.htm --> web2bck.access.gpo.gov /diska/netsite-docs/uscc/test/hearings/2004hearings/written_testimonies/04_02_12wrts/images/dance_files slide0004.htm
2004.10.14 15:30 B q:\uscc_new\hearings\2004hearings\written_testimonies\04_02_12wrts\images\dance_files\slide0005.htm --> web2bck.access.gpo.gov /diska/netsite-docs/uscc/test/hearings/2004hearings/written_testimonies/04_02_12wrts/images/dance_files slide0005.htm
2004.10.14 15:30 B q:\uscc_new\hearings\2004hearings\written_testimonies\04_02_12wrts\images\dance_files\slide0006.htm --> web2bck.access.gpo.gov /diska/netsite-docs/uscc/test/hearings/2004hearings/written_testimonies/04_02_12wrts/images/dance_files slide0006.htm
2004.10.14 15:30 B q:\uscc_new\hearings\2004hearings\written_testimonies\04_02_12wrts\images\dance_files\slide0007.htm --> web2bck.access.gpo.gov /diska/netsite-docs/uscc/test/hearings/2004hearings/written_testimonies/04_02_12wrts/images/dance_files slide0007.htm
2004.10.14 15:30 B q:\uscc_new\hearings\2004hearings\written_testimonies\04_02_12wrts\images\dance_files\slide0008.htm --> web2bck.access.gpo.gov /diska/netsite-docs/uscc/test/hearings/2004hearings/written_testimonies/04_02_12wrts/images/dance_files slide0008.htm
2004.10.14 15:30 B q:\uscc_new\hearings\2004hearings\written_testimonies\04_02_12wrts\images\dance_files\master03_image002.jpg --> web2bck.access.gpo.gov /diska/netsite-docs/uscc/test/hearings/2004hearings/written_testimonies/04_02_12wrts/images/dance_files master03_image002.jpg
2004.10.14 15:30 B q:\uscc_new\hearings\2004hearings\written_testimonies\04_02_12wrts\images\dance_files\script.js --> web2bck.access.gpo.gov /diska/netsite-docs/uscc/test/hearings/2004hearings/written_testimonies/04_02_12wrts/images/dance_files script.js
2004.10.14 15:30 B q:\uscc_new\hearings\2004hearings\written_testimonies\04_02_12wrts\images\dance_files\WS_FTP.LOG --> web2bck.access.gpo.gov /diska/netsite-docs/uscc/test/hearings/2004hearings/written_testimonies/04_02_12wrts/images/dance_files WS_FTP.LOG
2004.10.14 15:30 B q:\uscc_new\hearings\2004hearings\written_testimonies\04_02_12wrts\images\dance_files\master03_image001.png --> web2bck.access.gpo.gov /diska/netsite-docs/uscc/test/hearings/2004hearings/written_testimonies/04_02_12wrts/images/dance_files master03_image001.png
2004.10.14 15:30 B q:\uscc_new\hearings\2004hearings\written_testimonies\04_02_12wrts\images\dance_files\preview.wmf --> web2bck.access.gpo.gov /diska/netsite-docs/uscc/test/hearings/2004hearings/written_testimonies/04_02_12wrts/images/dance_files preview.wmf
2004.10.14 15:30 B q:\uscc_new\hearings\2004hearings\written_testimonies\04_02_12wrts\images\dance_files\filelist.xml --> web2bck.access.gpo.gov /diska/netsite-docs/uscc/test/hearings/2004hearings/written_testimonies/04_02_12wrts/images/dance_files filelist.xml
2004.10.14 15:30 B q:\uscc_new\hearings\2004hearings\written_testimonies\04_02_12wrts\images\dance_files\master03.xml --> web2bck.access.gpo.gov /diska/netsite-docs/uscc/test/hearings/2004hearings/written_testimonies/04_02_12wrts/images/dance_files master03.xml
2004.10.14 15:30 B q:\uscc_new\hearings\2004hearings\written_testimonies\04_02_12wrts\images\dance_files\pres.xml --> web2bck.access.gpo.gov /diska/netsite-docs/uscc/test/hearings/2004hearings/written_testimonies/04_02_12wrts/images/dance_files pres.xml
2004.10.15 11:50 B q:\uscc_new\hearings\2004hearings\written_testimonies\04_02_12wrts\images\dance_files\master03_stylesheet.css --> web2.access.gpo.gov /diska/netsite-docs/uscc/test/hearings/2004hearings/written_testimonies/04_02_12wrts/images/dance_files master03_stylesheet.css
2004.10.15 11:50 B q:\uscc_new\hearings\2004hearings\written_testimonies\04_02_12wrts\images\dance_files\buttons.gif --> web2.access.gpo.gov /diska/netsite-docs/uscc/test/hearings/2004hearings/written_testimonies/04_02_12wrts/images/dance_files buttons.gif
2004.10.15 11:50 B q:\uscc_new\hearings\2004hearings\written_testimonies\04_02_12wrts\images\dance_files\frame.htm --> web2.access.gpo.gov /diska/netsite-docs/uscc/test/hearings/2004hearings/written_testimonies/04_02_12wrts/images/dance_files frame.htm
2004.10.15 11:50 B q:\uscc_new\hearings\2004hearings\written_testimonies\04_02_12wrts\images\dance_files\fullscreen.htm --> web2.access.gpo.gov /diska/netsite-docs/uscc/test/hearings/2004hearings/written_testimonies/04_02_12wrts/images/dance_files fullscreen.htm
2004.10.15 11:50 B q:\uscc_new\hearings\2004hearings\written_testimonies\04_02_12wrts\images\dance_files\master03.htm --> web2.access.gpo.gov /diska/netsite-docs/uscc/test/hearings/2004hearings/written_testimonies/04_02_12wrts/images/dance_files master03.htm
2004.10.15 11:50 B q:\uscc_new\hearings\2004hearings\written_testimonies\04_02_12wrts\images\dance_files\outline.htm --> web2.access.gpo.gov /diska/netsite-docs/uscc/test/hearings/2004hearings/written_testimonies/04_02_12wrts/images/dance_files outline.htm
2004.10.15 11:50 B q:\uscc_new\hearings\2004hearings\written_testimonies\04_02_12wrts\images\dance_files\slide0001.htm --> web2.access.gpo.gov /diska/netsite-docs/uscc/test/hearings/2004hearings/written_testimonies/04_02_12wrts/images/dance_files slide0001.htm
2004.10.15 11:50 B q:\uscc_new\hearings\2004hearings\written_testimonies\04_02_12wrts\images\dance_files\slide0002.htm --> web2.access.gpo.gov /diska/netsite-docs/uscc/test/hearings/2004hearings/written_testimonies/04_02_12wrts/images/dance_files slide0002.htm
2004.10.15 11:50 B q:\uscc_new\hearings\2004hearings\written_testimonies\04_02_12wrts\images\dance_files\slide0003.htm --> web2.access.gpo.gov /diska/netsite-docs/uscc/test/hearings/2004hearings/written_testimonies/04_02_12wrts/images/dance_files slide0003.htm
2004.10.15 11:50 B q:\uscc_new\hearings\2004hearings\written_testimonies\04_02_12wrts\images\dance_files\slide0004.htm --> web2.access.gpo.gov /diska/netsite-docs/uscc/test/hearings/2004hearings/written_testimonies/04_02_12wrts/images/dance_files slide0004.htm
2004.10.15 11:50 B q:\uscc_new\hearings\2004hearings\written_testimonies\04_02_12wrts\images\dance_files\slide0005.htm --> web2.access.gpo.gov /diska/netsite-docs/uscc/test/hearings/2004hearings/written_testimonies/04_02_12wrts/images/dance_files slide0005.htm
2004.10.15 11:50 B q:\uscc_new\hearings\2004hearings\written_testimonies\04_02_12wrts\images\dance_files\slide0006.htm --> web2.access.gpo.gov /diska/netsite-docs/uscc/test/hearings/2004hearings/written_testimonies/04_02_12wrts/images/dance_files slide0006.htm
2004.10.15 11:50 B q:\uscc_new\hearings\2004hearings\written_testimonies\04_02_12wrts\images\dance_files\slide0007.htm --> web2.access.gpo.gov /diska/netsite-docs/uscc/test/hearings/2004hearings/written_testimonies/04_02_12wrts/images/dance_files slide0007.htm
2004.10.15 11:50 B q:\uscc_new\hearings\2004hearings\written_testimonies\04_02_12wrts\images\dance_files\slide0008.htm --> web2.access.gpo.gov /diska/netsite-docs/uscc/test/hearings/2004hearings/written_testimonies/04_02_12wrts/images/dance_files slide0008.htm
2004.10.15 11:50 B q:\uscc_new\hearings\2004hearings\written_testimonies\04_02_12wrts\images\dance_files\master03_image002.jpg --> web2.access.gpo.gov /diska/netsite-docs/uscc/test/hearings/2004hearings/written_testimonies/04_02_12wrts/images/dance_files master03_image002.jpg
2004.10.15 11:50 B q:\uscc_new\hearings\2004hearings\written_testimonies\04_02_12wrts\images\dance_files\script.js --> web2.access.gpo.gov /diska/netsite-docs/uscc/test/hearings/2004hearings/written_testimonies/04_02_12wrts/images/dance_files script.js
2004.10.15 11:50 B q:\uscc_new\hearings\2004hearings\written_testimonies\04_02_12wrts\images\dance_files\WS_FTP.LOG --> web2.access.gpo.gov /diska/netsite-docs/uscc/test/hearings/2004hearings/written_testimonies/04_02_12wrts/images/dance_files WS_FTP.LOG
2004.10.15 11:50 B q:\uscc_new\hearings\2004hearings\written_testimonies\04_02_12wrts\images\dance_files\master03_image001.png --> web2.access.gpo.gov /diska/netsite-docs/uscc/test/hearings/2004hearings/written_testimonies/04_02_12wrts/images/dance_files master03_image001.png
2004.10.15 11:50 B q:\uscc_new\hearings\2004hearings\written_testimonies\04_02_12wrts\images\dance_files\preview.wmf --> web2.access.gpo.gov /diska/netsite-docs/uscc/test/hearings/2004hearings/written_testimonies/04_02_12wrts/images/dance_files preview.wmf
2004.10.15 11:50 B q:\uscc_new\hearings\2004hearings\written_testimonies\04_02_12wrts\images\dance_files\filelist.xml --> web2.access.gpo.gov /diska/netsite-docs/uscc/test/hearings/2004hearings/written_testimonies/04_02_12wrts/images/dance_files filelist.xml
2004.10.15 11:50 B q:\uscc_new\hearings\2004hearings\written_testimonies\04_02_12wrts\images\dance_files\master03.xml --> web2.access.gpo.gov /diska/netsite-docs/uscc/test/hearings/2004hearings/written_testimonies/04_02_12wrts/images/dance_files master03.xml
2004.10.15 11:50 B q:\uscc_new\hearings\2004hearings\written_testimonies\04_02_12wrts\images\dance_files\pres.xml --> web2.access.gpo.gov /diska/netsite-docs/uscc/test/hearings/2004hearings/written_testimonies/04_02_12wrts/images/dance_files pres.xml
2004.11.04 12:15 B q:\uscc_new\hearings\2004hearings\written_testimonies\04_02_12wrts\images\dance_files\master03_stylesheet.css --> web2.access.gpo.gov /diska/netsite-docs/uscc/hearings/2004hearings/written_testimonies/04_02_12wrts/images/dance_files master03_stylesheet.css
2004.11.04 12:15 B q:\uscc_new\hearings\2004hearings\written_testimonies\04_02_12wrts\images\dance_files\buttons.gif --> web2.access.gpo.gov /diska/netsite-docs/uscc/hearings/2004hearings/written_testimonies/04_02_12wrts/images/dance_files buttons.gif
2004.11.04 12:15 B q:\uscc_new\hearings\2004hearings\written_testimonies\04_02_12wrts\images\dance_files\frame.htm --> web2.access.gpo.gov /diska/netsite-docs/uscc/hearings/2004hearings/written_testimonies/04_02_12wrts/images/dance_files frame.htm
2004.11.04 12:15 B q:\uscc_new\hearings\2004hearings\written_testimonies\04_02_12wrts\images\dance_files\fullscreen.htm --> web2.access.gpo.gov /diska/netsite-docs/uscc/hearings/2004hearings/written_testimonies/04_02_12wrts/images/dance_files fullscreen.htm
2004.11.04 12:15 B q:\uscc_new\hearings\2004hearings\written_testimonies\04_02_12wrts\images\dance_files\master03.htm --> web2.access.gpo.gov /diska/netsite-docs/uscc/hearings/2004hearings/written_testimonies/04_02_12wrts/images/dance_files master03.htm
2004.11.04 12:15 B q:\uscc_new\hearings\2004hearings\written_testimonies\04_02_12wrts\images\dance_files\outline.htm --> web2.access.gpo.gov /diska/netsite-docs/uscc/hearings/2004hearings/written_testimonies/04_02_12wrts/images/dance_files outline.htm
2004.11.04 12:15 B q:\uscc_new\hearings\2004hearings\written_testimonies\04_02_12wrts\images\dance_files\slide0001.htm --> web2.access.gpo.gov /diska/netsite-docs/uscc/hearings/2004hearings/written_testimonies/04_02_12wrts/images/dance_files slide0001.htm
2004.11.04 12:15 B q:\uscc_new\hearings\2004hearings\written_testimonies\04_02_12wrts\images\dance_files\slide0002.htm --> web2.access.gpo.gov /diska/netsite-docs/uscc/hearings/2004hearings/written_testimonies/04_02_12wrts/images/dance_files slide0002.htm
2004.11.04 12:15 B q:\uscc_new\hearings\2004hearings\written_testimonies\04_02_12wrts\images\dance_files\slide0003.htm --> web2.access.gpo.gov /diska/netsite-docs/uscc/hearings/2004hearings/written_testimonies/04_02_12wrts/images/dance_files slide0003.htm
2004.11.04 12:15 B q:\uscc_new\hearings\2004hearings\written_testimonies\04_02_12wrts\images\dance_files\slide0004.htm --> web2.access.gpo.gov /diska/netsite-docs/uscc/hearings/2004hearings/written_testimonies/04_02_12wrts/images/dance_files slide0004.htm
2004.11.04 12:15 B q:\uscc_new\hearings\2004hearings\written_testimonies\04_02_12wrts\images\dance_files\slide0005.htm --> web2.access.gpo.gov /diska/netsite-docs/uscc/hearings/2004hearings/written_testimonies/04_02_12wrts/images/dance_files slide0005.htm
2004.11.04 12:15 B q:\uscc_new\hearings\2004hearings\written_testimonies\04_02_12wrts\images\dance_files\slide0006.htm --> web2.access.gpo.gov /diska/netsite-docs/uscc/hearings/2004hearings/written_testimonies/04_02_12wrts/images/dance_files slide0006.htm
2004.11.04 12:15 B q:\uscc_new\hearings\2004hearings\written_testimonies\04_02_12wrts\images\dance_files\slide0007.htm --> web2.access.gpo.gov /diska/netsite-docs/uscc/hearings/2004hearings/written_testimonies/04_02_12wrts/images/dance_files slide0007.htm
2004.11.04 12:15 B q:\uscc_new\hearings\2004hearings\written_testimonies\04_02_12wrts\images\dance_files\slide0008.htm --> web2.access.gpo.gov /diska/netsite-docs/uscc/hearings/2004hearings/written_testimonies/04_02_12wrts/images/dance_files slide0008.htm
2004.11.04 12:15 B q:\uscc_new\hearings\2004hearings\written_testimonies\04_02_12wrts\images\dance_files\master03_image002.jpg --> web2.access.gpo.gov /diska/netsite-docs/uscc/hearings/2004hearings/written_testimonies/04_02_12wrts/images/dance_files master03_image002.jpg
2004.11.04 12:15 B q:\uscc_new\hearings\2004hearings\written_testimonies\04_02_12wrts\images\dance_files\script.js --> web2.access.gpo.gov /diska/netsite-docs/uscc/hearings/2004hearings/written_testimonies/04_02_12wrts/images/dance_files script.js
2004.11.04 12:15 B q:\uscc_new\hearings\2004hearings\written_testimonies\04_02_12wrts\images\dance_files\WS_FTP.LOG --> web2.access.gpo.gov /diska/netsite-docs/uscc/hearings/2004hearings/written_testimonies/04_02_12wrts/images/dance_files WS_FTP.LOG
2004.11.04 12:15 B q:\uscc_new\hearings\2004hearings\written_testimonies\04_02_12wrts\images\dance_files\master03_image001.png --> web2.access.gpo.gov /diska/netsite-docs/uscc/hearings/2004hearings/written_testimonies/04_02_12wrts/images/dance_files master03_image001.png
2004.11.04 12:15 B q:\uscc_new\hearings\2004hearings\written_testimonies\04_02_12wrts\images\dance_files\preview.wmf --> web2.access.gpo.gov /diska/netsite-docs/uscc/hearings/2004hearings/written_testimonies/04_02_12wrts/images/dance_files preview.wmf
2004.11.04 12:15 B q:\uscc_new\hearings\2004hearings\written_testimonies\04_02_12wrts\images\dance_files\filelist.xml --> web2.access.gpo.gov /diska/netsite-docs/uscc/hearings/2004hearings/written_testimonies/04_02_12wrts/images/dance_files filelist.xml
2004.11.04 12:15 B q:\uscc_new\hearings\2004hearings\written_testimonies\04_02_12wrts\images\dance_files\master03.xml --> web2.access.gpo.gov /diska/netsite-docs/uscc/hearings/2004hearings/written_testimonies/04_02_12wrts/images/dance_files master03.xml
2004.11.04 12:15 B q:\uscc_new\hearings\2004hearings\written_testimonies\04_02_12wrts\images\dance_files\pres.xml --> web2.access.gpo.gov /diska/netsite-docs/uscc/hearings/2004hearings/written_testimonies/04_02_12wrts/images/dance_files pres.xml
2004.11.04 14:57 B q:\uscc_new\hearings\2004hearings\written_testimonies\04_02_12wrts\images\dance_files\WS_FTP.LOG --> web2.access.gpo.gov /diska/netsite-docs/uscc/hearings/2004hearings/written_testimonies/04_02_12wrts/images/dance_files WS_FTP.LOG
2004.11.04 15:19 B q:\uscc_new\hearings\2004hearings\written_testimonies\04_02_12wrts\images\dance_files\WS_FTP.LOG --> web2.access.gpo.gov /diska/netsite-docs/uscc/hearings/2004hearings/written_testimonies/04_02_12wrts/images/dance_files WS_FTP.LOG
2004.11.05 14:15 B q:\uscc\hearings\2004hearings\written_testimonies\04_02_12wrts\images\dance_files\WS_FTP.LOG --> web2.access.gpo.gov /diska/netsite-docs/uscc/hearings/2004hearings/written_testimonies/04_02_12wrts/images/dance_files WS_FTP.LOG
2004.11.08 07:38 B q:\uscc\hearings\2004hearings\written_testimonies\04_02_12wrts\images\dance_files\WS_FTP.LOG --> web2.access.gpo.gov /diska/netsite-docs/uscc/hearings/2004hearings/written_testimonies/04_02_12wrts/images/dance_files WS_FTP.LOG
