%MSG-w Configuration:  04-Aug-2007 03:18:09 EDT pre-events
WARNING: do not embed replace statements to modify a parameter from a module which hasn't been cloned: 
  Parameter doT0Correction in DTParametrizedDriftAlgo_CSA07
  Replace happens in Configuration/StandardSequences/data/FakeConditions.cff
  This will be an error in future releases.  Please fix.
%MSG
%MSG-w Configuration:  04-Aug-2007 03:18:09 EDT pre-events
WARNING: do not embed replace statements to modify a parameter from a module which hasn't been cloned: 
  Parameter UseCalibDataFromDB in siPixelClusters
  Replace happens in Configuration/StandardSequences/data/FakeConditions.cff
  This will be an error in future releases.  Please fix.
%MSG
%MSG-w Configuration:  04-Aug-2007 03:18:09 EDT pre-events
WARNING: do not embed replace statements to modify a parameter from a module which hasn't been cloned: 
  Parameter UseCalibDataFromDB in siStripDigis
  Replace happens in Configuration/StandardSequences/data/FakeConditions.cff
  This will be an error in future releases.  Please fix.
%MSG
%MSG-w Configuration:  04-Aug-2007 03:18:09 EDT pre-events
WARNING: do not embed replace statements to modify a parameter from a module which hasn't been cloned: 
  Parameter UseCalibDataFromDB in siStripClusters
  Replace happens in Configuration/StandardSequences/data/FakeConditions.cff
  This will be an error in future releases.  Please fix.
%MSG
Element: Constant (64)
MagneticFieldVolumes:MAGF
Timing in XMLIdealGeometryESSource : Real Time = 0.9 (s), User Time = 0.83 (s), System Time = 0.06 (s), Cpu Time = 0.89 (s), Idle Time = 0.01 (s), 
Element: Constant (2866)
cms:OCMS
Timing in XMLIdealGeometryESSource : Real Time = 6.16 (s), User Time = 5.48 (s), System Time = 0.49 (s), Cpu Time = 5.97 (s), Idle Time = 0.19 (s), 
<PFClusterProducer::PFClusterProducer>: will produce PFRecHits.
 --------------- HepPDT Version 2.02.02 --------------- 
found 539 particles
GMSB_SIM146_REC153_V0_94_2_RECO-100evt.root: level[Always] Root file version:51400
GMSB_SIM146_REC153_V0_94_2_AOD-100evt.root: level[Always] Root file version:51400
%MSG-e CSCRecHitBProducer:  CSCRecHitBProducer:csc2DRecHits  04-Aug-2007 03:20:44 EDT  Run: 1 Event: 1
Warning: L1 trigger info not available 
%MSG
#------------------------------------------------------------------------
#                      FastJet release 2.1.0
%MSG-e RecoVertex/SequentialVertexFitter:   ConvertedPhotonProducer:convertedPhotons  04-Aug-2007 03:21:14 EDT  Run: 1 Event: 1
The maximum number of steps has been exceeded. Returned vertex is invalid

%MSG
%MSG-e RecoVertex/SequentialVertexFitter:   ConvertedPhotonProducer:convertedPhotons  04-Aug-2007 03:21:14 EDT  Run: 1 Event: 1
The maximum number of steps has been exceeded. Returned vertex is invalid

%MSG
#              Written by Matteo Cacciari and Gavin Salam		   
#              http://www.lpthe.jussieu.fr/~salam/fastjet		   
#								      	   
# Longitudinally invariant Kt, and inclusive Cambridge/Aachen clustering
# using fast geometric algorithms, with optional external jet-finder    
# plugins. Please cite hep-ph/0512210 if you use this code.             
#								      	   
# This package uses T.Chan's closest pair algorithm, Proc.13th ACM-SIAM 
# Symp. Discr. Alg, p.472 (2002).
#-----------------------------------------------------------------------
PFClusterAlgo Warning: more than 50 iterations in pfcluster finding: 1.531622587e-08
PFClusterAlgo Warning: more than 50 iterations in pfcluster finding: 6.631402277e-08
%MSG-e PFProducer:  GoodSeedProducer:elecpreid 04-Aug-2007 03:21:14 EDT  Run: 1 Event: 1
invalid trajectory state on surface:  iSurf = 4 tan theta = 3.64609 pz = 0.237454
%MSG
%MSG-e PFProducer:  GoodSeedProducer:elecpreid 04-Aug-2007 03:21:14 EDT  Run: 1 Event: 1
invalid trajectory state on surface:  iSurf = 3 tan theta = 2.99484 pz = 0.275371
%MSG
%MSG-e PFProducer:  GoodSeedProducer:elecpreid 04-Aug-2007 03:21:14 EDT  Run: 1 Event: 1
invalid trajectory state on surface:  iSurf = 3 tan theta = 2.99484 pz = 0.275371
%MSG
%MSG-e PFProducer:  GoodSeedProducer:elecpreid 04-Aug-2007 03:21:14 EDT  Run: 1 Event: 1
invalid trajectory state on surface:  iSurf = 3 tan theta = 0.90574 pz = 0.935611
%MSG
%MSG-e PFProducer:  GoodSeedProducer:elecpreid 04-Aug-2007 03:21:14 EDT  Run: 1 Event: 1
invalid trajectory state on surface:  iSurf = 3 tan theta = 0.90574 pz = 0.935611
%MSG
%MSG-e PFProducer:  GoodSeedProducer:elecpreid 04-Aug-2007 03:21:14 EDT  Run: 1 Event: 1
invalid trajectory state on surface:  iSurf = 3 tan theta = 1.45913 pz = 0.554961
%MSG
%MSG-e PFProducer:  GoodSeedProducer:elecpreid 04-Aug-2007 03:21:14 EDT  Run: 1 Event: 1
invalid trajectory state on surface:  iSurf = 3 tan theta = 1.45913 pz = 0.554961
%MSG
%MSG-e PFProducer:  GoodSeedProducer:elecpreid 04-Aug-2007 03:21:14 EDT  Run: 1 Event: 1
invalid trajectory state on surface:  iSurf = 3 tan theta = 1.18634 pz = 0.670722
%MSG
%MSG-e PFProducer:  GoodSeedProducer:elecpreid 04-Aug-2007 03:21:14 EDT  Run: 1 Event: 1
invalid trajectory state on surface:  iSurf = 3 tan theta = 1.18634 pz = 0.670722
%MSG
%MSG-e PFProducer:  GoodSeedProducer:elecpreid 04-Aug-2007 03:21:14 EDT  Run: 1 Event: 1
invalid trajectory state on surface:  iSurf = 4 tan theta = -3.48242 pz = -0.26063
%MSG
%MSG-e PFProducer:  GoodSeedProducer:elecpreid 04-Aug-2007 03:21:14 EDT  Run: 1 Event: 1
invalid trajectory state on surface:  iSurf = 3 tan theta = -0.54678 pz = -1.49013
%MSG
%MSG-e Root_Error:  PoolOutputModule:RECO TClass::BuildRealData()  04-Aug-2007 03:21:41 EDT  Run: 1 Event: 1
Cannot find any ShowMembers function for TrackingRecHit!
%MSG
%MSG-e CSCRecHitBProducer:  CSCRecHitBProducer:csc2DRecHits  04-Aug-2007 03:21:51 EDT  Run: 1 Event: 2
Warning: L1 trigger info not available 
%MSG
%MSG-e RecoVertex/SequentialVertexFitter:   ConvertedPhotonProducer:convertedPhotons  04-Aug-2007 03:22:48 EDT  Run: 1 Event: 2
The maximum number of steps has been exceeded. Returned vertex is invalid

%MSG
%MSG-e RecoVertex/SequentialVertexFitter:   ConvertedPhotonProducer:convertedPhotons  04-Aug-2007 03:22:48 EDT  Run: 1 Event: 2
The maximum number of steps has been exceeded. Returned vertex is invalid

%MSG
%MSG-e RecoVertex/SequentialVertexFitter:   ConvertedPhotonProducer:convertedPhotons  04-Aug-2007 03:22:48 EDT  Run: 1 Event: 2
Fitted position is out of tracker bounds.

%MSG
%MSG-e RecoVertex/SequentialVertexFitter:   ConvertedPhotonProducer:convertedPhotons  04-Aug-2007 03:22:48 EDT  Run: 1 Event: 2
The maximum number of steps has been exceeded. Returned vertex is invalid

%MSG
%MSG-e PFProducer:  GoodSeedProducer:elecpreid 04-Aug-2007 03:22:48 EDT  Run: 1 Event: 2
invalid trajectory state on surface:  iSurf = 4 tan theta = -2.13417 pz = -0.504165
%MSG
%MSG-e PFProducer:  GoodSeedProducer:elecpreid 04-Aug-2007 03:22:49 EDT  Run: 1 Event: 2
invalid trajectory state on surface:  iSurf = 4 tan theta = -3.81532 pz = -0.27869
%MSG
%MSG-e CSCRecHitBProducer:  CSCRecHitBProducer:csc2DRecHits  04-Aug-2007 03:22:58 EDT  Run: 1 Event: 3
Warning: L1 trigger info not available 
%MSG
%MSG-e RecoVertex/SequentialVertexFitter:   ConvertedPhotonProducer:convertedPhotons  04-Aug-2007 03:24:25 EDT  Run: 1 Event: 3
Fitted position is out of tracker bounds.

%MSG
%MSG-e RecoVertex/SequentialVertexFitter:   ConvertedPhotonProducer:convertedPhotons  04-Aug-2007 03:24:25 EDT  Run: 1 Event: 3
Fitted position is out of tracker bounds.

%MSG
%MSG-e RecoVertex/SequentialVertexFitter:   ConvertedPhotonProducer:convertedPhotons  04-Aug-2007 03:24:25 EDT  Run: 1 Event: 3
Fitted position is out of tracker bounds.

%MSG
%MSG-e RecoVertex/SequentialVertexFitter:   ConvertedPhotonProducer:convertedPhotons  04-Aug-2007 03:24:25 EDT  Run: 1 Event: 3
The maximum number of steps has been exceeded. Returned vertex is invalid

%MSG
%MSG-e RecoVertex/SequentialVertexFitter:   ConvertedPhotonProducer:convertedPhotons  04-Aug-2007 03:24:25 EDT  Run: 1 Event: 3
Fitted position is out of tracker bounds.

%MSG
%MSG-e CSCRecHitBProducer:  CSCRecHitBProducer:csc2DRecHits  04-Aug-2007 03:24:35 EDT  Run: 1 Event: 4
Warning: L1 trigger info not available 
%MSG
%MSG-e RecoVertex/SequentialVertexFitter:   ConvertedPhotonProducer:convertedPhotons  04-Aug-2007 03:25:47 EDT  Run: 1 Event: 4
Fitted position is out of tracker bounds.

%MSG
%MSG-e RecoVertex/SequentialVertexFitter:   ConvertedPhotonProducer:convertedPhotons  04-Aug-2007 03:25:47 EDT  Run: 1 Event: 4
Fitted position is out of tracker bounds.

%MSG
%MSG-e PFProducer:  GoodSeedProducer:elecpreid 04-Aug-2007 03:25:48 EDT  Run: 1 Event: 4
invalid trajectory state on surface:  iSurf = 4 tan theta = -0.740489 pz = -1.13328
%MSG
%MSG-e CSCRecHitBProducer:  CSCRecHitBProducer:csc2DRecHits  04-Aug-2007 03:25:57 EDT  Run: 1 Event: 5
Warning: L1 trigger info not available 
%MSG
%MSG-e CSCRecHitBProducer:  CSCRecHitBProducer:csc2DRecHits  04-Aug-2007 03:26:45 EDT  Run: 1 Event: 6
Warning: L1 trigger info not available 
%MSG
%MSG-e RecoVertex/SequentialVertexFitter:   ConvertedPhotonProducer:convertedPhotons  04-Aug-2007 03:27:25 EDT  Run: 1 Event: 6
Fitted position is out of tracker bounds.

%MSG
PFClusterAlgo Warning: more than 50 iterations in pfcluster finding: 3.526181723e-06
%MSG-e CSCRecHitBProducer:  CSCRecHitBProducer:csc2DRecHits  04-Aug-2007 03:27:32 EDT  Run: 1 Event: 7
Warning: L1 trigger info not available 
%MSG
PFClusterAlgo Warning: more than 50 iterations in pfcluster finding: 0.0001415585433
%MSG-e PFProducer:  GoodSeedProducer:elecpreid 04-Aug-2007 03:28:10 EDT  Run: 1 Event: 7
invalid trajectory state on surface:  iSurf = 3 tan theta = -2.39001 pz = -0.326456
%MSG
%MSG-e CSCRecHitBProducer:  CSCRecHitBProducer:csc2DRecHits  04-Aug-2007 03:28:19 EDT  Run: 1 Event: 8
Warning: L1 trigger info not available 
%MSG
HelixArbitraryPlaneCrossing::pathLength : no convergence
PFClusterAlgo Warning: more than 50 iterations in pfcluster finding: 0.0001000652487
%MSG-e CSCRecHitBProducer:  CSCRecHitBProducer:csc2DRecHits  04-Aug-2007 03:31:18 EDT  Run: 1 Event: 9
Warning: L1 trigger info not available 
%MSG
%MSG-e CSCRecHitBProducer:  CSCRecHitBProducer:csc2DRecHits  04-Aug-2007 03:31:45 EDT  Run: 1 Event: 10
Warning: L1 trigger info not available 
%MSG
%MSG-e RecoVertex/SequentialVertexFitter:   ConvertedPhotonProducer:convertedPhotons  04-Aug-2007 03:35:08 EDT  Run: 1 Event: 11
The maximum number of steps has been exceeded. Returned vertex is invalid

%MSG
PFClusterAlgo Warning: more than 50 iterations in pfcluster finding: 2.818669232e-05
PFClusterAlgo Warning: more than 50 iterations in pfcluster finding: 1.983113331e-07
[AdaptiveVertexReconstructor] warning: all tracks (2) would be recycled for next fit.
                              breaking after reconstruction of 2 vertices.
%MSG-e PFProducer:  GoodSeedProducer:elecpreid 04-Aug-2007 03:40:22 EDT  Run: 1 Event: 15
invalid trajectory state on surface:  iSurf = 3 tan theta = -0.46316 pz = -1.47577
%MSG
%MSG-e RecoVertex/SequentialVertexFitter:   ConvertedPhotonProducer:convertedPhotons  04-Aug-2007 03:44:48 EDT  Run: 1 Event: 17
Fitted position is invalid (out of tracker bounds or has NaN). Returned vertex is invalid

%MSG
PFClusterAlgo Warning: more than 50 iterations in pfcluster finding: 7.112688815e-06
PFClusterAlgo Warning: more than 50 iterations in pfcluster finding: 0.0001881263527
PFClusterAlgo Warning: more than 50 iterations in pfcluster finding: 1.725782367e-08
PFClusterAlgo Warning: more than 50 iterations in pfcluster finding: 7.11762761e-06
PFClusterAlgo Warning: more than 50 iterations in pfcluster finding: 1.331077862e-07
PFClusterAlgo Warning: more than 50 iterations in pfcluster finding: 0.0001152020581
%MSG-e CSCRecHitBProducer:  CSCRecHitBProducer:csc2DRecHits  04-Aug-2007 03:49:01 EDT  Run: 1 Event: 20
Warning: L1 trigger info not available 
%MSG
PFClusterAlgo Warning: more than 50 iterations in pfcluster finding: 3.887305147e-06
%MSG-e Muon:  GlobalMuonProducer:globalMuons 04-Aug-2007 03:52:58 EDT  Run: 1 Event: 21
MuonTrackFinder::reconstruct: Size of trajectory and track collections do not match
%MSG
%MSG-e RecoMuon:  GlobalMuonProducer:globalMuons 04-Aug-2007 03:52:58 EDT  Run: 1 Event: 21
MuonTrackFinder::reconstruct: Size of trajectory and track collections do not match
%MSG
%MSG-e MuonTrackFinder:  GlobalMuonProducer:globalMuons  04-Aug-2007 03:52:58 EDT  Run: 1 Event: 21
MuonTrackFinder::reconstruct: Size of trajectory and track collections do not match
%MSG
JetMaker::makeSpecific (CaloJet)-> ERROR: constituent tower energy is 0, Em/Had contributions are 0/0
. THIS SHOULD NEVER HAPPEN - please inform ratnikov@fnal.gov. Thank you!
JetMaker::makeSpecific (CaloJet)-> ERROR: constituent tower energy is 0, Em/Had contributions are 0/0
. THIS SHOULD NEVER HAPPEN - please inform ratnikov@fnal.gov. Thank you!
PFClusterAlgo Warning: more than 50 iterations in pfcluster finding: 0.004223918728
PFClusterAlgo Warning: more than 50 iterations in pfcluster finding: 1.719857861e-06
PFClusterAlgo Warning: more than 50 iterations in pfcluster finding: 3.349281896e-07
PFClusterAlgo Warning: more than 50 iterations in pfcluster finding: 2.790167435e-08
%MSG-e CSCRecHitBProducer:  CSCRecHitBProducer:csc2DRecHits  04-Aug-2007 04:03:26 EDT  Run: 1 Event: 30
Warning: L1 trigger info not available 
%MSG
HelixArbitraryPlaneCrossing::pathLength : no convergence
%MSG-e PFProducer:  GoodSeedProducer:elecpreid 04-Aug-2007 04:05:31 EDT  Run: 1 Event: 31
invalid trajectory state on surface:  iSurf = 4 tan theta = 2.13605 pz = 0.497437
%MSG
%MSG-e RecoVertex/SequentialVertexFitter:   ConvertedPhotonProducer:convertedPhotons  04-Aug-2007 04:07:10 EDT  Run: 1 Event: 32
The maximum number of steps has been exceeded. Returned vertex is invalid

%MSG
PFClusterAlgo Warning: more than 50 iterations in pfcluster finding: 2.320622755e-07
PFClusterAlgo Warning: more than 50 iterations in pfcluster finding: 0.0004560825873
PFClusterAlgo Warning: more than 50 iterations in pfcluster finding: 2.77281707e-07
HelixArbitraryPlaneCrossing::pathLength : no convergence
PFClusterAlgo Warning: more than 50 iterations in pfcluster finding: 1.027812586e-07
PFClusterAlgo Warning: more than 50 iterations in pfcluster finding: 0.003767102486
PFClusterAlgo Warning: more than 50 iterations in pfcluster finding: 2.008717224e-07
PFClusterAlgo Warning: more than 50 iterations in pfcluster finding: 1.111333775e-08
PFClusterAlgo Warning: more than 50 iterations in pfcluster finding: 1.795754906e-07
PFClusterAlgo Warning: more than 50 iterations in pfcluster finding: 0.9114144377
HelixArbitraryPlaneCrossing::pathLength : no convergence
%MSG-e CSCRecHitBProducer:  CSCRecHitBProducer:csc2DRecHits  04-Aug-2007 04:31:31 EDT  Run: 1 Event: 50
Warning: L1 trigger info not available 
%MSG
PFClusterAlgo Warning: more than 50 iterations in pfcluster finding: 1.239748904
PFClusterAlgo Warning: more than 50 iterations in pfcluster finding: 3.241517156e-08
HelixArbitraryPlaneCrossing::pathLength : no convergence
PFClusterAlgo Warning: more than 50 iterations in pfcluster finding: 4.525837637e-06
PFClusterAlgo Warning: more than 50 iterations in pfcluster finding: 5.202266045e-07
PFClusterAlgo Warning: more than 50 iterations in pfcluster finding: 6.372644776e-07
PFClusterAlgo Warning: more than 50 iterations in pfcluster finding: 4.32896612e-08
PFClusterAlgo Warning: more than 50 iterations in pfcluster finding: 2.377957371e-07
HelixArbitraryPlaneCrossing::pathLength : no convergence
HelixArbitraryPlaneCrossing::pathLength : no convergence
PFClusterAlgo Warning: more than 50 iterations in pfcluster finding: 1.247831485e-05
PFClusterAlgo Warning: more than 50 iterations in pfcluster finding: 2.23219992e-07
%MSG-e PFProducer:  GoodSeedProducer:elecpreid 04-Aug-2007 04:40:58 EDT  Run: 1 Event: 56
invalid trajectory state on surface:  iSurf = 3 tan theta = 2.59407 pz = 0.266785
%MSG
PFClusterAlgo Warning: more than 50 iterations in pfcluster finding: 2.167476581e-08
PFClusterAlgo Warning: more than 50 iterations in pfcluster finding: 1.199305776e-08
PFClusterAlgo Warning: more than 50 iterations in pfcluster finding: 2.329397857e-06
PFClusterAlgo Warning: more than 50 iterations in pfcluster finding: 8.881853806e-09
%MSG-e RecoVertex/SequentialVertexFitter:   ConvertedPhotonProducer:convertedPhotons  04-Aug-2007 04:49:46 EDT  Run: 1 Event: 66
The maximum number of steps has been exceeded. Returned vertex is invalid

%MSG
PFClusterAlgo Warning: more than 50 iterations in pfcluster finding: 0.0003632348048
HelixArbitraryPlaneCrossing::pathLength : no convergence
PFClusterAlgo Warning: more than 50 iterations in pfcluster finding: 0.007302217352
PFClusterAlgo Warning: more than 50 iterations in pfcluster finding: 5.339742509e-07
PFClusterAlgo Warning: more than 50 iterations in pfcluster finding: 2.163722233e-08
PFClusterAlgo Warning: more than 50 iterations in pfcluster finding: 4.24149767e-07
PFClusterAlgo Warning: more than 50 iterations in pfcluster finding: 1.319323553e-07
PFClusterAlgo Warning: more than 50 iterations in pfcluster finding: 0.000279710788
PFClusterAlgo Warning: more than 50 iterations in pfcluster finding: 9.508713902e-09
PFClusterAlgo Warning: more than 50 iterations in pfcluster finding: 3.458187107e-07
PFClusterAlgo Warning: more than 50 iterations in pfcluster finding: 1.645521791e-08
PFClusterAlgo Warning: more than 50 iterations in pfcluster finding: 1.218536734e-05
PFClusterAlgo Warning: more than 50 iterations in pfcluster finding: 0.0003076010917
PFClusterAlgo Warning: more than 50 iterations in pfcluster finding: 1.121158497e-08
PFClusterAlgo Warning: more than 50 iterations in pfcluster finding: 1.585852482e-07
PFClusterAlgo Warning: more than 50 iterations in pfcluster finding: 8.350249008e-09
HelixArbitraryPlaneCrossing::pathLength : no convergence
PFClusterAlgo Warning: more than 50 iterations in pfcluster finding: 3.146942728
HelixArbitraryPlaneCrossing::pathLength : no convergence
PFClusterAlgo Warning: more than 50 iterations in pfcluster finding: 4.664991442e-08
PFClusterAlgo Warning: more than 50 iterations in pfcluster finding: 6.886612206e-06
PFClusterAlgo Warning: more than 50 iterations in pfcluster finding: 2.971259129e-08
PFClusterAlgo Warning: more than 50 iterations in pfcluster finding: 9.370194106e-09
%MSG-e CSCRecHitBProducer:  CSCRecHitBProducer:csc2DRecHits  04-Aug-2007 05:25:06 EDT  Run: 1 Event: 90
Warning: L1 trigger info not available 
%MSG
PFClusterAlgo Warning: more than 50 iterations in pfcluster finding: 5.556169177e-08
[AdaptiveVertexReconstructor] warning: all tracks (3) would be recycled for next fit.
                              breaking after reconstruction of 2 vertices.
PFClusterAlgo Warning: more than 50 iterations in pfcluster finding: 0.001316832345
PFClusterAlgo Warning: more than 50 iterations in pfcluster finding: 2.217817328e-06
PFClusterAlgo Warning: more than 50 iterations in pfcluster finding: 2.290373296e-05

=============================================

MessageLogger Summary

 type     category        sev    module        subroutine        count    total
 ---- -------------------- -- ---------------- ----------------  -----    -----
    1 CSCRecHitBProducer   -e CSCRecHitBProduc                     100*     100
    2 Muon                 -e GlobalMuonProduc                       1        1
    3 MuonTrackFinder      -e GlobalMuonProduc                       1        1
    4 PFProducer           -e GoodSeedProducer                    2304*    2304
    5 RecoMuon             -e GlobalMuonProduc                       1        1
    6 RecoVertex/Sequentia -e ConvertedPhotonP                    2329*    2329
    7 Root_Error           -e PoolOutputModule TClass::BuildRea      1        1

* Some occurrences of this message were suppressed in all logs, due to limits.

 type    category    Examples: run/evt        run/evt          run/evt
 ---- -------------------- ---------------- ---------------- ----------------
    1 CSCRecHitBProducer   1/1              1/2              1/100
    2 Muon                 1/21                              
    3 MuonTrackFinder      1/21                              
    4 PFProducer           1/1              1/1              1/100
    5 RecoMuon             1/21                              
    6 RecoVertex/SequentialVertexFitter 1/1              1/1              1/100
    7 Root_Error           1/1                               

Severity    # Occurrences   Total Occurrences
--------    -------------   -----------------
Error                4737                4737

Timing Report  (in seconds)

CSCBaseEl:loop                                                                                              1550        1.799 (real)        0.020 (cpu)
CSCBaseEl:simulate                                                                                          1550        2.203 (real)        0.030 (cpu)
CSCStripEl:filldigi                                                                                          775        0.918 (real)        0.010 (cpu)
CSCStripEl:init                                                                                              775        0.000 (real)        0.000 (cpu)
CSCStripElectronicsSim                                                                                       775        2.588 (real)        0.040 (cpu)
CSCStripHitSim                                                                                               775        0.737 (real)        0.000 (cpu)
CSCWireElectronicsSim                                                                                        775        0.564 (real)        0.000 (cpu)
CSCWireHitSim                                                                                                775        0.523 (real)        0.000 (cpu)
CachedTrajectory::propagate                                                                               770563       20.849 (real)        0.000 (cpu)
CachedTrajectory::propagate::findClosestPoint                                                             770563        0.886 (real)        0.000 (cpu)
CachedTrajectory::propagate::localPropagation                                                             502527       16.406 (real)        0.000 (cpu)
MuonIdProducer::produce                                                                                      199      109.345 (real)        0.000 (cpu)
MuonIdProducer::produce::fillArbitration                                                                     199        0.042 (real)        0.000 (cpu)
MuonIdProducer::produce::fillCaloCompatibility                                                              2627        0.086 (real)        0.000 (cpu)
MuonIdProducer::produce::fillIsolation                                                                      2627       22.763 (real)        0.000 (cpu)
MuonIdProducer::produce::fillMuonId                                                                        12548       86.407 (real)        0.000 (cpu)
MuonIdProducer::produce::init                                                                                199        0.155 (real)        0.000 (cpu)
MuonIdProducer::produce::init::getInputCollections                                                           199        0.149 (real)        0.000 (cpu)
MuonIdProducer::produce::init::getPropagator                                                                 199        0.003 (real)        0.000 (cpu)
MuonIdProducer::produce::init::misc                                                                          199        0.000 (real)        0.000 (cpu)
Muon|RecoMuon|GlobalMuonTrajectoryBuilder|addTraj                                                           3117        0.000 (real)        0.000 (cpu)
Muon|RecoMuon|GlobalMuonTrajectoryBuilder|makeTkCandCollection                                                78        0.063 (real)        0.000 (cpu)
Muon|RecoMuon|GlobalMuonTrajectoryBuilder|makeTkCandCollection::chooseRegionalTrackerTracks                   78        0.039 (real)        0.000 (cpu)
Muon|RecoMuon|GlobalMuonTrajectoryBuilder|makeTkCandCollection::trackCollection                               78        0.063 (real)        0.000 (cpu)
Muon|RecoMuon|GlobalMuonTrajectoryBuilder|trajectories::Total                                                 86        4.778 (real)        0.000 (cpu)
Muon|RecoMuon|GlobalMuonTrajectoryBuilder|trajectories::build                                                 78        4.385 (real)        0.000 (cpu)
Muon|RecoMuon|GlobalMuonTrajectoryBuilder|trajectories::makeTkCandCollection                                  78        0.070 (real)        0.000 (cpu)
Muon|RecoMuon|GlobalMuonTrajectoryBuilder|trajectories::trackMatcher                                          78        0.319 (real)        0.000 (cpu)
RPCSim                                                                                                       412        0.005 (real)        0.000 (cpu)
TrackDetectorAssociator::associate                                                                         35950      162.056 (real)        1.629 (cpu)
TrackDetectorAssociator::associate::fillInfo                                                               35949       74.277 (real)        0.000 (cpu)
TrackDetectorAssociator::associate::getTrajectories                                                        35950       86.977 (real)        0.000 (cpu)
TrackDetectorAssociator::fillCaloTowers                                                                     2703       15.477 (real)        0.000 (cpu)
TrackDetectorAssociator::fillCaloTowers::access::CaloTowers                                                 2703        0.047 (real)        0.000 (cpu)
TrackDetectorAssociator::fillCaloTowers::addCrossedTowers                                                   2703        0.024 (real)        0.000 (cpu)
TrackDetectorAssociator::fillCaloTowers::addTowersInTheRegion                                               2703        1.446 (real)        0.000 (cpu)
TrackDetectorAssociator::fillCaloTowers::matching                                                           2703       13.902 (real)        0.000 (cpu)
TrackDetectorAssociator::fillEcal                                                                          33245       17.704 (real)        0.000 (cpu)
TrackDetectorAssociator::fillEcal::access::EcalBarrel                                                      32943        0.496 (real)        0.000 (cpu)
TrackDetectorAssociator::fillEcal::access::EcalEndcaps                                                     32943        0.282 (real)        0.000 (cpu)
TrackDetectorAssociator::fillEcal::addCrossedHits                                                          32943        0.117 (real)        0.000 (cpu)
TrackDetectorAssociator::fillEcal::addHitsInTheRegion                                                      32943        1.922 (real)        0.000 (cpu)
TrackDetectorAssociator::fillEcal::matching                                                                32943       14.171 (real)        0.000 (cpu)
TrackDetectorAssociator::fillEcal::matching::cone                                                          32943        0.029 (real)        0.000 (cpu)
TrackDetectorAssociator::fillEcal::matching::crossed                                                       32943        9.252 (real)        0.000 (cpu)
TrackDetectorAssociator::fillEcal::matching::region                                                        32943        4.500 (real)        0.000 (cpu)
TrackDetectorAssociator::fillHO                                                                            12548        2.148 (real)        0.000 (cpu)
TrackDetectorAssociator::fillHO::access::HO                                                                 6679        0.079 (real)        0.000 (cpu)
TrackDetectorAssociator::fillHO::addCrossedHits                                                             6679        0.024 (real)        0.000 (cpu)
TrackDetectorAssociator::fillHO::addHitsInTheRegion                                                         6679        0.417 (real)        0.000 (cpu)
TrackDetectorAssociator::fillHO::matching                                                                   6679        1.510 (real)        0.000 (cpu)
TrackDetectorAssociator::fillHcal                                                                          12548        7.945 (real)        0.000 (cpu)
TrackDetectorAssociator::fillHcal::access::Hcal                                                            12480        0.162 (real)        0.000 (cpu)
TrackDetectorAssociator::fillHcal::addCrossedHits                                                          12480        1.484 (real)        0.000 (cpu)
TrackDetectorAssociator::fillHcal::addHcal                                                                 12480        0.062 (real)        0.000 (cpu)
TrackDetectorAssociator::fillHcal::addHitsInTheRegion                                                      12480        1.338 (real)        0.000 (cpu)
TrackDetectorAssociator::fillHcal::matching                                                                12480        6.131 (real)        0.000 (cpu)
TrackDetectorAssociator::fillMuon                                                                          12548       30.025 (real)        0.000 (cpu)
TrackDetectorAssociator::fillMuon::access                                                                  12548        0.280 (real)        0.000 (cpu)
TrackDetectorAssociator::fillMuon::findSemgents                                                            12548        0.118 (real)        0.000 (cpu)
TrackDetectorAssociator::fillMuon::matchChembers                                                           12548       29.474 (real)        0.000 (cpu)
firstcall_CachedTrajectory::propagate                                                                          1        0.000 (real)        0.000 (cpu)
firstcall_CachedTrajectory::propagate::findClosestPoint                                                        1        0.000 (real)        0.000 (cpu)
firstcall_CachedTrajectory::propagate::localPropagation                                                        1        0.000 (real)        0.000 (cpu)
firstcall_MuonIdProducer::produce                                                                              1        2.415 (real)        0.000 (cpu)
firstcall_MuonIdProducer::produce::fillArbitration                                                             1        0.003 (real)        0.000 (cpu)
firstcall_MuonIdProducer::produce::fillCaloCompatibility                                                       1        0.001 (real)        0.000 (cpu)
firstcall_MuonIdProducer::produce::fillIsolation                                                               1        0.949 (real)        0.000 (cpu)
firstcall_MuonIdProducer::produce::fillMuonId                                                                  1        0.945 (real)        0.000 (cpu)
firstcall_MuonIdProducer::produce::init                                                                        1        0.004 (real)        0.000 (cpu)
firstcall_MuonIdProducer::produce::init::getInputCollections                                                   1        0.003 (real)        0.000 (cpu)
firstcall_MuonIdProducer::produce::init::getPropagator                                                         1        0.000 (real)        0.000 (cpu)
firstcall_MuonIdProducer::produce::init::misc                                                                  1        0.000 (real)        0.000 (cpu)
firstcall_Muon|RecoMuon|GlobalMuonTrajectoryBuilder|addTraj                                                    1        0.000 (real)        0.000 (cpu)
firstcall_Muon|RecoMuon|GlobalMuonTrajectoryBuilder|makeTkCandCollection                                       1        0.004 (real)        0.000 (cpu)
firstcall_Muon|RecoMuon|GlobalMuonTrajectoryBuilder|makeTkCandCollection::chooseRegionalTrackerTracks          1        0.003 (real)        0.000 (cpu)
firstcall_Muon|RecoMuon|GlobalMuonTrajectoryBuilder|makeTkCandCollection::trackCollection                      1        0.004 (real)        0.000 (cpu)
firstcall_Muon|RecoMuon|GlobalMuonTrajectoryBuilder|trajectories::Total                                        1        0.021 (real)        0.000 (cpu)
firstcall_Muon|RecoMuon|GlobalMuonTrajectoryBuilder|trajectories::build                                        1        0.010 (real)        0.000 (cpu)
firstcall_Muon|RecoMuon|GlobalMuonTrajectoryBuilder|trajectories::makeTkCandCollection                         1        0.005 (real)        0.000 (cpu)
firstcall_Muon|RecoMuon|GlobalMuonTrajectoryBuilder|trajectories::trackMatcher                                 1        0.006 (real)        0.000 (cpu)
firstcall_TrackDetectorAssociator::associate                                                                   1        0.942 (real)        0.010 (cpu)
firstcall_TrackDetectorAssociator::associate::fillInfo                                                         1        0.008 (real)        0.000 (cpu)
firstcall_TrackDetectorAssociator::associate::getTrajectories                                                  1        0.934 (real)        0.000 (cpu)
firstcall_TrackDetectorAssociator::fillCaloTowers                                                              1        0.065 (real)        0.000 (cpu)
firstcall_TrackDetectorAssociator::fillCaloTowers::access::CaloTowers                                          1        0.001 (real)        0.000 (cpu)
firstcall_TrackDetectorAssociator::fillCaloTowers::addCrossedTowers                                            1        0.001 (real)        0.000 (cpu)
firstcall_TrackDetectorAssociator::fillCaloTowers::addTowersInTheRegion                                        1        0.000 (real)        0.000 (cpu)
firstcall_TrackDetectorAssociator::fillCaloTowers::matching                                                    1        0.063 (real)        0.000 (cpu)
firstcall_TrackDetectorAssociator::fillEcal                                                                    1        0.002 (real)        0.000 (cpu)
firstcall_TrackDetectorAssociator::fillEcal::access::EcalBarrel                                                1        0.001 (real)        0.000 (cpu)
firstcall_TrackDetectorAssociator::fillEcal::access::EcalEndcaps                                               1        0.000 (real)        0.000 (cpu)
firstcall_TrackDetectorAssociator::fillEcal::addCrossedHits                                                    1        0.000 (real)        0.000 (cpu)
firstcall_TrackDetectorAssociator::fillEcal::addHitsInTheRegion                                                1        0.000 (real)        0.000 (cpu)
firstcall_TrackDetectorAssociator::fillEcal::matching                                                          1        0.001 (real)        0.000 (cpu)
firstcall_TrackDetectorAssociator::fillEcal::matching::cone                                                    1        0.000 (real)        0.000 (cpu)
firstcall_TrackDetectorAssociator::fillEcal::matching::crossed                                                 1        0.001 (real)        0.000 (cpu)
firstcall_TrackDetectorAssociator::fillEcal::matching::region                                                  1        0.001 (real)        0.000 (cpu)
firstcall_TrackDetectorAssociator::fillHO                                                                      1        0.000 (real)        0.000 (cpu)
firstcall_TrackDetectorAssociator::fillHO::access::HO                                                          1        0.001 (real)        0.000 (cpu)
firstcall_TrackDetectorAssociator::fillHO::addCrossedHits                                                      1        0.001 (real)        0.000 (cpu)
firstcall_TrackDetectorAssociator::fillHO::addHitsInTheRegion                                                  1        0.000 (real)        0.000 (cpu)
firstcall_TrackDetectorAssociator::fillHO::matching                                                            1        0.000 (real)        0.000 (cpu)
firstcall_TrackDetectorAssociator::fillHcal                                                                    1        0.002 (real)        0.000 (cpu)
firstcall_TrackDetectorAssociator::fillHcal::access::Hcal                                                      1        0.000 (real)        0.000 (cpu)
firstcall_TrackDetectorAssociator::fillHcal::addCrossedHits                                                    1        0.001 (real)        0.000 (cpu)
firstcall_TrackDetectorAssociator::fillHcal::addHcal                                                           1        0.000 (real)        0.000 (cpu)
firstcall_TrackDetectorAssociator::fillHcal::addHitsInTheRegion                                                1        0.000 (real)        0.000 (cpu)
firstcall_TrackDetectorAssociator::fillHcal::matching                                                          1        0.000 (real)        0.000 (cpu)
firstcall_TrackDetectorAssociator::fillMuon                                                                    1        0.003 (real)        0.000 (cpu)
firstcall_TrackDetectorAssociator::fillMuon::access                                                            1        0.001 (real)        0.000 (cpu)
firstcall_TrackDetectorAssociator::fillMuon::findSemgents                                                      1        0.000 (real)        0.000 (cpu)
firstcall_TrackDetectorAssociator::fillMuon::matchChembers                                                     1        0.002 (real)        0.000 (cpu)



Timing Report  (in seconds)

CSCBaseEl:loop                                                                                              1550        1.799 (real)        0.020 (cpu)
CSCBaseEl:simulate                                                                                          1550        2.203 (real)        0.030 (cpu)
CSCStripEl:filldigi                                                                                          775        0.918 (real)        0.010 (cpu)
CSCStripEl:init                                                                                              775        0.000 (real)        0.000 (cpu)
CSCStripElectronicsSim                                                                                       775        2.588 (real)        0.040 (cpu)
CSCStripHitSim                                                                                               775        0.737 (real)        0.000 (cpu)
CSCWireElectronicsSim                                                                                        775        0.564 (real)        0.000 (cpu)
CSCWireHitSim                                                                                                775        0.523 (real)        0.000 (cpu)
CachedTrajectory::propagate                                                                               770563       20.849 (real)        0.000 (cpu)
CachedTrajectory::propagate::findClosestPoint                                                             770563        0.886 (real)        0.000 (cpu)
CachedTrajectory::propagate::localPropagation                                                             502527       16.406 (real)        0.000 (cpu)
MuonIdProducer::produce                                                                                      199      109.345 (real)        0.000 (cpu)
MuonIdProducer::produce::fillArbitration                                                                     199        0.042 (real)        0.000 (cpu)
MuonIdProducer::produce::fillCaloCompatibility                                                              2627        0.086 (real)        0.000 (cpu)
MuonIdProducer::produce::fillIsolation                                                                      2627       22.763 (real)        0.000 (cpu)
MuonIdProducer::produce::fillMuonId                                                                        12548       86.407 (real)        0.000 (cpu)
MuonIdProducer::produce::init                                                                                199        0.155 (real)        0.000 (cpu)
MuonIdProducer::produce::init::getInputCollections                                                           199        0.149 (real)        0.000 (cpu)
MuonIdProducer::produce::init::getPropagator                                                                 199        0.003 (real)        0.000 (cpu)
MuonIdProducer::produce::init::misc                                                                          199        0.000 (real)        0.000 (cpu)
Muon|RecoMuon|GlobalMuonTrajectoryBuilder|addTraj                                                           3117        0.000 (real)        0.000 (cpu)
Muon|RecoMuon|GlobalMuonTrajectoryBuilder|makeTkCandCollection                                                78        0.063 (real)        0.000 (cpu)
Muon|RecoMuon|GlobalMuonTrajectoryBuilder|makeTkCandCollection::chooseRegionalTrackerTracks                   78        0.039 (real)        0.000 (cpu)
Muon|RecoMuon|GlobalMuonTrajectoryBuilder|makeTkCandCollection::trackCollection                               78        0.063 (real)        0.000 (cpu)
Muon|RecoMuon|GlobalMuonTrajectoryBuilder|trajectories::Total                                                 86        4.778 (real)        0.000 (cpu)
Muon|RecoMuon|GlobalMuonTrajectoryBuilder|trajectories::build                                                 78        4.385 (real)        0.000 (cpu)
Muon|RecoMuon|GlobalMuonTrajectoryBuilder|trajectories::makeTkCandCollection                                  78        0.070 (real)        0.000 (cpu)
Muon|RecoMuon|GlobalMuonTrajectoryBuilder|trajectories::trackMatcher                                          78        0.319 (real)        0.000 (cpu)
RPCSim                                                                                                       412        0.005 (real)        0.000 (cpu)
TrackDetectorAssociator::associate                                                                         35950      162.056 (real)        1.629 (cpu)
TrackDetectorAssociator::associate::fillInfo                                                               35949       74.277 (real)        0.000 (cpu)
TrackDetectorAssociator::associate::getTrajectories                                                        35950       86.977 (real)        0.000 (cpu)
TrackDetectorAssociator::fillCaloTowers                                                                     2703       15.477 (real)        0.000 (cpu)
TrackDetectorAssociator::fillCaloTowers::access::CaloTowers                                                 2703        0.047 (real)        0.000 (cpu)
TrackDetectorAssociator::fillCaloTowers::addCrossedTowers                                                   2703        0.024 (real)        0.000 (cpu)
TrackDetectorAssociator::fillCaloTowers::addTowersInTheRegion                                               2703        1.446 (real)        0.000 (cpu)
TrackDetectorAssociator::fillCaloTowers::matching                                                           2703       13.902 (real)        0.000 (cpu)
TrackDetectorAssociator::fillEcal                                                                          33245       17.704 (real)        0.000 (cpu)
TrackDetectorAssociator::fillEcal::access::EcalBarrel                                                      32943        0.496 (real)        0.000 (cpu)
TrackDetectorAssociator::fillEcal::access::EcalEndcaps                                                     32943        0.282 (real)        0.000 (cpu)
TrackDetectorAssociator::fillEcal::addCrossedHits                                                          32943        0.117 (real)        0.000 (cpu)
TrackDetectorAssociator::fillEcal::addHitsInTheRegion                                                      32943        1.922 (real)        0.000 (cpu)
TrackDetectorAssociator::fillEcal::matching                                                                32943       14.171 (real)        0.000 (cpu)
TrackDetectorAssociator::fillEcal::matching::cone                                                          32943        0.029 (real)        0.000 (cpu)
TrackDetectorAssociator::fillEcal::matching::crossed                                                       32943        9.252 (real)        0.000 (cpu)
TrackDetectorAssociator::fillEcal::matching::region                                                        32943        4.500 (real)        0.000 (cpu)
TrackDetectorAssociator::fillHO                                                                            12548        2.148 (real)        0.000 (cpu)
TrackDetectorAssociator::fillHO::access::HO                                                                 6679        0.079 (real)        0.000 (cpu)
TrackDetectorAssociator::fillHO::addCrossedHits                                                             6679        0.024 (real)        0.000 (cpu)
TrackDetectorAssociator::fillHO::addHitsInTheRegion                                                         6679        0.417 (real)        0.000 (cpu)
TrackDetectorAssociator::fillHO::matching                                                                   6679        1.510 (real)        0.000 (cpu)
TrackDetectorAssociator::fillHcal                                                                          12548        7.945 (real)        0.000 (cpu)
TrackDetectorAssociator::fillHcal::access::Hcal                                                            12480        0.162 (real)        0.000 (cpu)
TrackDetectorAssociator::fillHcal::addCrossedHits                                                          12480        1.484 (real)        0.000 (cpu)
TrackDetectorAssociator::fillHcal::addHcal                                                                 12480        0.062 (real)        0.000 (cpu)
TrackDetectorAssociator::fillHcal::addHitsInTheRegion                                                      12480        1.338 (real)        0.000 (cpu)
TrackDetectorAssociator::fillHcal::matching                                                                12480        6.131 (real)        0.000 (cpu)
TrackDetectorAssociator::fillMuon                                                                          12548       30.025 (real)        0.000 (cpu)
TrackDetectorAssociator::fillMuon::access                                                                  12548        0.280 (real)        0.000 (cpu)
TrackDetectorAssociator::fillMuon::findSemgents                                                            12548        0.118 (real)        0.000 (cpu)
TrackDetectorAssociator::fillMuon::matchChembers                                                           12548       29.474 (real)        0.000 (cpu)
firstcall_CachedTrajectory::propagate                                                                          1        0.000 (real)        0.000 (cpu)
firstcall_CachedTrajectory::propagate::findClosestPoint                                                        1        0.000 (real)        0.000 (cpu)
firstcall_CachedTrajectory::propagate::localPropagation                                                        1        0.000 (real)        0.000 (cpu)
firstcall_MuonIdProducer::produce                                                                              1        2.415 (real)        0.000 (cpu)
firstcall_MuonIdProducer::produce::fillArbitration                                                             1        0.003 (real)        0.000 (cpu)
firstcall_MuonIdProducer::produce::fillCaloCompatibility                                                       1        0.001 (real)        0.000 (cpu)
firstcall_MuonIdProducer::produce::fillIsolation                                                               1        0.949 (real)        0.000 (cpu)
firstcall_MuonIdProducer::produce::fillMuonId                                                                  1        0.945 (real)        0.000 (cpu)
firstcall_MuonIdProducer::produce::init                                                                        1        0.004 (real)        0.000 (cpu)
firstcall_MuonIdProducer::produce::init::getInputCollections                                                   1        0.003 (real)        0.000 (cpu)
firstcall_MuonIdProducer::produce::init::getPropagator                                                         1        0.000 (real)        0.000 (cpu)
firstcall_MuonIdProducer::produce::init::misc                                                                  1        0.000 (real)        0.000 (cpu)
firstcall_Muon|RecoMuon|GlobalMuonTrajectoryBuilder|addTraj                                                    1        0.000 (real)        0.000 (cpu)
firstcall_Muon|RecoMuon|GlobalMuonTrajectoryBuilder|makeTkCandCollection                                       1        0.004 (real)        0.000 (cpu)
firstcall_Muon|RecoMuon|GlobalMuonTrajectoryBuilder|makeTkCandCollection::chooseRegionalTrackerTracks          1        0.003 (real)        0.000 (cpu)
firstcall_Muon|RecoMuon|GlobalMuonTrajectoryBuilder|makeTkCandCollection::trackCollection                      1        0.004 (real)        0.000 (cpu)
firstcall_Muon|RecoMuon|GlobalMuonTrajectoryBuilder|trajectories::Total                                        1        0.021 (real)        0.000 (cpu)
firstcall_Muon|RecoMuon|GlobalMuonTrajectoryBuilder|trajectories::build                                        1        0.010 (real)        0.000 (cpu)
firstcall_Muon|RecoMuon|GlobalMuonTrajectoryBuilder|trajectories::makeTkCandCollection                         1        0.005 (real)        0.000 (cpu)
firstcall_Muon|RecoMuon|GlobalMuonTrajectoryBuilder|trajectories::trackMatcher                                 1        0.006 (real)        0.000 (cpu)
firstcall_TrackDetectorAssociator::associate                                                                   1        0.942 (real)        0.010 (cpu)
firstcall_TrackDetectorAssociator::associate::fillInfo                                                         1        0.008 (real)        0.000 (cpu)
firstcall_TrackDetectorAssociator::associate::getTrajectories                                                  1        0.934 (real)        0.000 (cpu)
firstcall_TrackDetectorAssociator::fillCaloTowers                                                              1        0.065 (real)        0.000 (cpu)
firstcall_TrackDetectorAssociator::fillCaloTowers::access::CaloTowers                                          1        0.001 (real)        0.000 (cpu)
firstcall_TrackDetectorAssociator::fillCaloTowers::addCrossedTowers                                            1        0.001 (real)        0.000 (cpu)
firstcall_TrackDetectorAssociator::fillCaloTowers::addTowersInTheRegion                                        1        0.000 (real)        0.000 (cpu)
firstcall_TrackDetectorAssociator::fillCaloTowers::matching                                                    1        0.063 (real)        0.000 (cpu)
firstcall_TrackDetectorAssociator::fillEcal                                                                    1        0.002 (real)        0.000 (cpu)
firstcall_TrackDetectorAssociator::fillEcal::access::EcalBarrel                                                1        0.001 (real)        0.000 (cpu)
firstcall_TrackDetectorAssociator::fillEcal::access::EcalEndcaps                                               1        0.000 (real)        0.000 (cpu)
firstcall_TrackDetectorAssociator::fillEcal::addCrossedHits                                                    1        0.000 (real)        0.000 (cpu)
firstcall_TrackDetectorAssociator::fillEcal::addHitsInTheRegion                                                1        0.000 (real)        0.000 (cpu)
firstcall_TrackDetectorAssociator::fillEcal::matching                                                          1        0.001 (real)        0.000 (cpu)
firstcall_TrackDetectorAssociator::fillEcal::matching::cone                                                    1        0.000 (real)        0.000 (cpu)
firstcall_TrackDetectorAssociator::fillEcal::matching::crossed                                                 1        0.001 (real)        0.000 (cpu)
firstcall_TrackDetectorAssociator::fillEcal::matching::region                                                  1        0.001 (real)        0.000 (cpu)
firstcall_TrackDetectorAssociator::fillHO                                                                      1        0.000 (real)        0.000 (cpu)
firstcall_TrackDetectorAssociator::fillHO::access::HO                                                          1        0.001 (real)        0.000 (cpu)
firstcall_TrackDetectorAssociator::fillHO::addCrossedHits                                                      1        0.001 (real)        0.000 (cpu)
firstcall_TrackDetectorAssociator::fillHO::addHitsInTheRegion                                                  1        0.000 (real)        0.000 (cpu)
firstcall_TrackDetectorAssociator::fillHO::matching                                                            1        0.000 (real)        0.000 (cpu)
firstcall_TrackDetectorAssociator::fillHcal                                                                    1        0.002 (real)        0.000 (cpu)
firstcall_TrackDetectorAssociator::fillHcal::access::Hcal                                                      1        0.000 (real)        0.000 (cpu)
firstcall_TrackDetectorAssociator::fillHcal::addCrossedHits                                                    1        0.001 (real)        0.000 (cpu)
firstcall_TrackDetectorAssociator::fillHcal::addHcal                                                           1        0.000 (real)        0.000 (cpu)
firstcall_TrackDetectorAssociator::fillHcal::addHitsInTheRegion                                                1        0.000 (real)        0.000 (cpu)
firstcall_TrackDetectorAssociator::fillHcal::matching                                                          1        0.000 (real)        0.000 (cpu)
firstcall_TrackDetectorAssociator::fillMuon                                                                    1        0.003 (real)        0.000 (cpu)
firstcall_TrackDetectorAssociator::fillMuon::access                                                            1        0.001 (real)        0.000 (cpu)
firstcall_TrackDetectorAssociator::fillMuon::findSemgents                                                      1        0.000 (real)        0.000 (cpu)
firstcall_TrackDetectorAssociator::fillMuon::matchChembers                                                     1        0.002 (real)        0.000 (cpu)


DDCompare stat 10300099 134453958
Sib rot stats same/diff 18060626 46036797

Main Thread CPU elapsed time -264
