%MSG-w Configuration:  03-Aug-2007 23:05:29 EDT pre-events
WARNING: do not embed replace statements to modify a parameter from a module which hasn't been cloned: 
  Parameter doT0Correction in DTParametrizedDriftAlgo_CSA07
  Replace happens in Configuration/StandardSequences/data/FakeConditions.cff
  This will be an error in future releases.  Please fix.
%MSG
%MSG-w Configuration:  03-Aug-2007 23:05:29 EDT pre-events
WARNING: do not embed replace statements to modify a parameter from a module which hasn't been cloned: 
  Parameter UseCalibDataFromDB in siPixelClusters
  Replace happens in Configuration/StandardSequences/data/FakeConditions.cff
  This will be an error in future releases.  Please fix.
%MSG
%MSG-w Configuration:  03-Aug-2007 23:05:29 EDT pre-events
WARNING: do not embed replace statements to modify a parameter from a module which hasn't been cloned: 
  Parameter UseCalibDataFromDB in siStripDigis
  Replace happens in Configuration/StandardSequences/data/FakeConditions.cff
  This will be an error in future releases.  Please fix.
%MSG
%MSG-w Configuration:  03-Aug-2007 23:05:29 EDT pre-events
WARNING: do not embed replace statements to modify a parameter from a module which hasn't been cloned: 
  Parameter UseCalibDataFromDB in siStripClusters
  Replace happens in Configuration/StandardSequences/data/FakeConditions.cff
  This will be an error in future releases.  Please fix.
%MSG
Element: Constant (64)
MagneticFieldVolumes:MAGF
Timing in XMLIdealGeometryESSource : Real Time = 0.64 (s), User Time = 0.6 (s), System Time = 0.03 (s), Cpu Time = 0.63 (s), Idle Time = 0.01 (s), 
Element: Constant (2866)
cms:OCMS
Timing in XMLIdealGeometryESSource : Real Time = 4.55 (s), User Time = 4.06 (s), System Time = 0.27 (s), Cpu Time = 4.33 (s), Idle Time = 0.22 (s), 
<PFClusterProducer::PFClusterProducer>: will produce PFRecHits.
 --------------- HepPDT Version 2.02.02 --------------- 
found 539 particles
GMSB_SIM146_REC153_V0_94_5_RECO-100evt.root: level[Always] Root file version:51400
GMSB_SIM146_REC153_V0_94_5_AOD-100evt.root: level[Always] Root file version:51400
%MSG-e CSCRecHitBProducer:  CSCRecHitBProducer:csc2DRecHits  03-Aug-2007 23:08:01 EDT  Run: 1 Event: 1
Warning: L1 trigger info not available 
%MSG
#------------------------------------------------------------------------
#                      FastJet release 2.1.0
%MSG-e RecoVertex/SequentialVertexFitter:   ConvertedPhotonProducer:convertedPhotons  03-Aug-2007 23:08:57 EDT  Run: 1 Event: 1
The maximum number of steps has been exceeded. Returned vertex is invalid

%MSG
%MSG-e RecoVertex/SequentialVertexFitter:   ConvertedPhotonProducer:convertedPhotons  03-Aug-2007 23:08:57 EDT  Run: 1 Event: 1
The maximum number of steps has been exceeded. Returned vertex is invalid

%MSG
%MSG-e RecoVertex/SequentialVertexFitter:   ConvertedPhotonProducer:convertedPhotons  03-Aug-2007 23:08:57 EDT  Run: 1 Event: 1
The maximum number of steps has been exceeded. Returned vertex is invalid

%MSG
%MSG-e RecoVertex/SequentialVertexFitter:   ConvertedPhotonProducer:convertedPhotons  03-Aug-2007 23:08:57 EDT  Run: 1 Event: 1
The maximum number of steps has been exceeded. Returned vertex is invalid

%MSG
%MSG-e RecoVertex/SequentialVertexFitter:   ConvertedPhotonProducer:convertedPhotons  03-Aug-2007 23:08:57 EDT  Run: 1 Event: 1
The maximum number of steps has been exceeded. Returned vertex is invalid

%MSG
%MSG-e RecoVertex/SequentialVertexFitter:   ConvertedPhotonProducer:convertedPhotons  03-Aug-2007 23:08:57 EDT  Run: 1 Event: 1
The maximum number of steps has been exceeded. Returned vertex is invalid

%MSG
%MSG-e RecoVertex/SequentialVertexFitter:   ConvertedPhotonProducer:convertedPhotons  03-Aug-2007 23:08:57 EDT  Run: 1 Event: 1
The maximum number of steps has been exceeded. Returned vertex is invalid

%MSG
%MSG-e RecoVertex/SequentialVertexFitter:   ConvertedPhotonProducer:convertedPhotons  03-Aug-2007 23:08:57 EDT  Run: 1 Event: 1
The maximum number of steps has been exceeded. Returned vertex is invalid

%MSG
#              Written by Matteo Cacciari and Gavin Salam		   
#              http://www.lpthe.jussieu.fr/~salam/fastjet		   
#								      	   
# Longitudinally invariant Kt, and inclusive Cambridge/Aachen clustering
# using fast geometric algorithms, with optional external jet-finder    
# plugins. Please cite hep-ph/0512210 if you use this code.             
#								      	   
# This package uses T.Chan's closest pair algorithm, Proc.13th ACM-SIAM 
# Symp. Discr. Alg, p.472 (2002).
#-----------------------------------------------------------------------
PFClusterAlgo Warning: more than 50 iterations in pfcluster finding: 1.415133289e-08
%MSG-e PFProducer:  GoodSeedProducer:elecpreid 03-Aug-2007 23:08:57 EDT  Run: 1 Event: 1
invalid trajectory state on surface:  iSurf = 3 tan theta = -0.399993 pz = -1.65683
%MSG
%MSG-e PFProducer:  GoodSeedProducer:elecpreid 03-Aug-2007 23:08:57 EDT  Run: 1 Event: 1
invalid trajectory state on surface:  iSurf = 3 tan theta = -0.399993 pz = -1.65683
%MSG
%MSG-e PFProducer:  GoodSeedProducer:elecpreid 03-Aug-2007 23:08:57 EDT  Run: 1 Event: 1
invalid trajectory state on surface:  iSurf = 4 tan theta = -1.34808 pz = -0.750364
%MSG
%MSG-e PFProducer:  GoodSeedProducer:elecpreid 03-Aug-2007 23:08:58 EDT  Run: 1 Event: 1
invalid trajectory state on surface:  iSurf = 3 tan theta = -0.943537 pz = -0.903669
%MSG
%MSG-e PFProducer:  GoodSeedProducer:elecpreid 03-Aug-2007 23:08:58 EDT  Run: 1 Event: 1
invalid trajectory state on surface:  iSurf = 3 tan theta = -0.943537 pz = -0.903669
%MSG
%MSG-e PFProducer:  GoodSeedProducer:elecpreid 03-Aug-2007 23:08:58 EDT  Run: 1 Event: 1
invalid trajectory state on surface:  iSurf = 3 tan theta = -0.929455 pz = -0.909529
%MSG
%MSG-e PFProducer:  GoodSeedProducer:elecpreid 03-Aug-2007 23:08:58 EDT  Run: 1 Event: 1
invalid trajectory state on surface:  iSurf = 3 tan theta = -0.929455 pz = -0.909529
%MSG
%MSG-e PFProducer:  GoodSeedProducer:elecpreid 03-Aug-2007 23:08:58 EDT  Run: 1 Event: 1
invalid trajectory state on surface:  iSurf = 4 tan theta = 121.131 pz = 0.00871866
%MSG
%MSG-e PFProducer:  GoodSeedProducer:elecpreid 03-Aug-2007 23:08:58 EDT  Run: 1 Event: 1
invalid trajectory state on surface:  iSurf = 4 tan theta = -2.23263 pz = -0.382409
%MSG
%MSG-e PFProducer:  GoodSeedProducer:elecpreid 03-Aug-2007 23:08:58 EDT  Run: 1 Event: 1
invalid trajectory state on surface:  iSurf = 4 tan theta = 2.47568 pz = 0.36053
%MSG
%MSG-e PFProducer:  GoodSeedProducer:elecpreid 03-Aug-2007 23:08:58 EDT  Run: 1 Event: 1
invalid trajectory state on surface:  iSurf = 3 tan theta = -1.29215 pz = -0.628481
%MSG
%MSG-e Root_Error:  PoolOutputModule:RECO TClass::BuildRealData()  03-Aug-2007 23:09:28 EDT  Run: 1 Event: 1
Cannot find any ShowMembers function for TrackingRecHit!
%MSG
%MSG-e CSCRecHitBProducer:  CSCRecHitBProducer:csc2DRecHits  03-Aug-2007 23:09:38 EDT  Run: 1 Event: 2
Warning: L1 trigger info not available 
%MSG
%MSG-e RecoVertex/SequentialVertexFitter:   ConvertedPhotonProducer:convertedPhotons  03-Aug-2007 23:10:27 EDT  Run: 1 Event: 2
Fitted position is out of tracker bounds.

%MSG
%MSG-e RecoVertex/SequentialVertexFitter:   ConvertedPhotonProducer:convertedPhotons  03-Aug-2007 23:10:27 EDT  Run: 1 Event: 2
The maximum number of steps has been exceeded. Returned vertex is invalid

%MSG
%MSG-e PFProducer:  GoodSeedProducer:elecpreid 03-Aug-2007 23:10:27 EDT  Run: 1 Event: 2
invalid trajectory state on surface:  iSurf = 4 tan theta = -0.836535 pz = -1.02853
%MSG
%MSG-e CSCRecHitBProducer:  CSCRecHitBProducer:csc2DRecHits  03-Aug-2007 23:10:35 EDT  Run: 1 Event: 3
Warning: L1 trigger info not available 
%MSG
%MSG-e RecoVertex/SequentialVertexFitter:   ConvertedPhotonProducer:convertedPhotons  03-Aug-2007 23:11:08 EDT  Run: 1 Event: 3
Fitted position is out of tracker bounds.

%MSG
%MSG-e RecoVertex/SequentialVertexFitter:   ConvertedPhotonProducer:convertedPhotons  03-Aug-2007 23:11:08 EDT  Run: 1 Event: 3
Fitted position is invalid (out of tracker bounds or has NaN). Returned vertex is invalid

%MSG
%MSG-e CSCRecHitBProducer:  CSCRecHitBProducer:csc2DRecHits  03-Aug-2007 23:11:16 EDT  Run: 1 Event: 4
Warning: L1 trigger info not available 
%MSG
%MSG-e RecoVertex/SequentialVertexFitter:   ConvertedPhotonProducer:convertedPhotons  03-Aug-2007 23:11:59 EDT  Run: 1 Event: 4
Fitted position is out of tracker bounds.

%MSG
%MSG-e PFProducer:  GoodSeedProducer:elecpreid 03-Aug-2007 23:11:59 EDT  Run: 1 Event: 4
invalid trajectory state on surface:  iSurf = 3 tan theta = 0.479801 pz = 1.56568
%MSG
%MSG-e CSCRecHitBProducer:  CSCRecHitBProducer:csc2DRecHits  03-Aug-2007 23:12:06 EDT  Run: 1 Event: 5
Warning: L1 trigger info not available 
%MSG
%MSG-e RecoVertex/SequentialVertexFitter:   ConvertedPhotonProducer:convertedPhotons  03-Aug-2007 23:13:07 EDT  Run: 1 Event: 5
Fitted position is out of tracker bounds.

%MSG
%MSG-e CSCRecHitBProducer:  CSCRecHitBProducer:csc2DRecHits  03-Aug-2007 23:13:16 EDT  Run: 1 Event: 6
Warning: L1 trigger info not available 
%MSG
%MSG-e PFProducer:  GoodSeedProducer:elecpreid 03-Aug-2007 23:14:47 EDT  Run: 1 Event: 6
invalid trajectory state on surface:  iSurf = 4 tan theta = -3.79716 pz = -0.255816
%MSG
%MSG-e CSCRecHitBProducer:  CSCRecHitBProducer:csc2DRecHits  03-Aug-2007 23:14:58 EDT  Run: 1 Event: 7
Warning: L1 trigger info not available 
%MSG
%MSG-e PFProducer:  GoodSeedProducer:elecpreid 03-Aug-2007 23:15:51 EDT  Run: 1 Event: 7
invalid trajectory state on surface:  iSurf = 3 tan theta = 10.805 pz = 0.0557947
%MSG
%MSG-e CSCRecHitBProducer:  CSCRecHitBProducer:csc2DRecHits  03-Aug-2007 23:15:59 EDT  Run: 1 Event: 8
Warning: L1 trigger info not available 
%MSG
%MSG-e RecoVertex/SequentialVertexFitter:   ConvertedPhotonProducer:convertedPhotons  03-Aug-2007 23:17:10 EDT  Run: 1 Event: 8
Fitted position is out of tracker bounds.

%MSG
PFClusterAlgo Warning: more than 50 iterations in pfcluster finding: 1.374332832e-06
%MSG-e CSCRecHitBProducer:  CSCRecHitBProducer:csc2DRecHits  03-Aug-2007 23:17:17 EDT  Run: 1 Event: 9
Warning: L1 trigger info not available 
%MSG
HelixArbitraryPlaneCrossing::pathLength : no convergence
%MSG-e CSCRecHitBProducer:  CSCRecHitBProducer:csc2DRecHits  03-Aug-2007 23:17:44 EDT  Run: 1 Event: 10
Warning: L1 trigger info not available 
%MSG
PFClusterAlgo Warning: more than 50 iterations in pfcluster finding: 1.674299933e-08
%MSG-e RecoVertex/SequentialVertexFitter:   ConvertedPhotonProducer:convertedPhotons  03-Aug-2007 23:23:00 EDT  Run: 1 Event: 14
Fitted position is out of tracker bounds.

%MSG
PFClusterAlgo Warning: more than 50 iterations in pfcluster finding: 1.391487197e-08
HelixArbitraryPlaneCrossing::pathLength : no convergence
HelixArbitraryPlaneCrossing::pathLength : no convergence
%MSG-e PFProducer:  GoodSeedProducer:elecpreid 03-Aug-2007 23:26:55 EDT  Run: 1 Event: 17
invalid trajectory state on surface:  iSurf = 3 tan theta = -1.75241 pz = -0.477948
%MSG
HelixArbitraryPlaneCrossing::pathLength : no convergence
HelixArbitraryPlaneCrossing::pathLength : no convergence
[AdaptiveVertexReconstructor] warning: all tracks (2) would be recycled for next fit.
                              breaking after reconstruction of 1 vertices.
PFClusterAlgo Warning: more than 50 iterations in pfcluster finding: 4.224385629e-05
%MSG-e CSCRecHitBProducer:  CSCRecHitBProducer:csc2DRecHits  03-Aug-2007 23:28:47 EDT  Run: 1 Event: 20
Warning: L1 trigger info not available 
%MSG
%MSG-e RecoVertex/SequentialVertexFitter:   ConvertedPhotonProducer:convertedPhotons  03-Aug-2007 23:31:43 EDT  Run: 1 Event: 23
Fitted position is out of tracker bounds.

%MSG
[AdaptiveVertexReconstructor] warning: all tracks (3) would be recycled for next fit.
                              breaking after reconstruction of 2 vertices.
PFClusterAlgo Warning: more than 50 iterations in pfcluster finding: 1.438009385e-08
%MSG-e CSCRecHitBProducer:  CSCRecHitBProducer:csc2DRecHits  03-Aug-2007 23:38:28 EDT  Run: 1 Event: 30
Warning: L1 trigger info not available 
%MSG
PFClusterAlgo Warning: more than 50 iterations in pfcluster finding: 0.0005508491277
%MSG-e PFProducer:  GoodSeedProducer:elecpreid 03-Aug-2007 23:44:59 EDT  Run: 1 Event: 31
invalid trajectory state on surface:  iSurf = 3 tan theta = -0.547121 pz = -1.37976
%MSG
PFClusterAlgo Warning: more than 50 iterations in pfcluster finding: 1.201285922
PFClusterAlgo Warning: more than 50 iterations in pfcluster finding: 2.186837374e-07
HelixArbitraryPlaneCrossing::pathLength : no convergence
PFClusterAlgo Warning: more than 50 iterations in pfcluster finding: 4.746627341e-05
HelixArbitraryPlaneCrossing::pathLength : no convergence
%MSG-e RecoVertex/SequentialVertexFitter:   ConvertedPhotonProducer:convertedPhotons  04-Aug-2007 00:03:58 EDT  Run: 1 Event: 47
The maximum number of steps has been exceeded. Returned vertex is invalid

%MSG
%MSG-e CSCRecHitBProducer:  CSCRecHitBProducer:csc2DRecHits  04-Aug-2007 00:06:40 EDT  Run: 1 Event: 50
Warning: L1 trigger info not available 
%MSG
PFClusterAlgo Warning: more than 50 iterations in pfcluster finding: 3.809990134e-08
PFClusterAlgo Warning: more than 50 iterations in pfcluster finding: 1.723277328e-07
%MSG-e PFProducer:  GoodSeedProducer:elecpreid 04-Aug-2007 00:11:27 EDT  Run: 1 Event: 54
invalid trajectory state on surface:  iSurf = 3 tan theta = 1.01591 pz = 0.367132
%MSG
PFClusterAlgo Warning: more than 50 iterations in pfcluster finding: 8.948326665e-07
PFClusterAlgo Warning: more than 50 iterations in pfcluster finding: 1.68109486e-05
PFClusterAlgo Warning: more than 50 iterations in pfcluster finding: 3.16906795e-08
PFClusterAlgo Warning: more than 50 iterations in pfcluster finding: 3.71294046e-05
PFClusterAlgo Warning: more than 50 iterations in pfcluster finding: 9.584322085e-08
PFClusterAlgo Warning: more than 50 iterations in pfcluster finding: 7.536627525e-08
PFClusterAlgo Warning: more than 50 iterations in pfcluster finding: 9.408524795e-07
JetMaker::makeSpecific (CaloJet)-> ERROR: constituent tower energy is 0, Em/Had contributions are 0/0
. THIS SHOULD NEVER HAPPEN - please inform ratnikov@fnal.gov. Thank you!
%MSG-e CSCGasCollisions:  CSCDigiProducer:muonCSCDigis 04-Aug-2007 00:42:03 EDT  Run: 1 Event: 82
Cannot find particle of type -99 in the PDT
%MSG
PFClusterAlgo Warning: more than 50 iterations in pfcluster finding: 1.226182225e-06
JetMaker::makeSpecific (CaloJet)-> ERROR: constituent tower energy is 0, Em/Had contributions are 0/0
. THIS SHOULD NEVER HAPPEN - please inform ratnikov@fnal.gov. Thank you!
PFClusterAlgo Warning: more than 50 iterations in pfcluster finding: 7.403693286e-06
%MSG-e CSCRecHitBProducer:  CSCRecHitBProducer:csc2DRecHits  04-Aug-2007 00:48:06 EDT  Run: 1 Event: 90
Warning: L1 trigger info not available 
%MSG
PFClusterAlgo Warning: more than 50 iterations in pfcluster finding: 6.753547363e-07
PFClusterAlgo Warning: more than 50 iterations in pfcluster finding: 0.001979829986
PFClusterAlgo Warning: more than 50 iterations in pfcluster finding: 2.173695223e-07
PFClusterAlgo Warning: more than 50 iterations in pfcluster finding: 8.737710912e-09
PFClusterAlgo Warning: more than 50 iterations in pfcluster finding: 0.002103407003

=============================================

MessageLogger Summary

 type     category        sev    module        subroutine        count    total
 ---- -------------------- -- ---------------- ----------------  -----    -----
    1 CSCGasCollisions     -e CSCDigiProducer:                       1        1
    2 CSCRecHitBProducer   -e CSCRecHitBProduc                     100*     100
    3 PFProducer           -e GoodSeedProducer                    2235*    2235
    4 RecoVertex/Sequentia -e ConvertedPhotonP                    2188*    2188
    5 Root_Error           -e PoolOutputModule TClass::BuildRea      1        1

* Some occurrences of this message were suppressed in all logs, due to limits.

 type    category    Examples: run/evt        run/evt          run/evt
 ---- -------------------- ---------------- ---------------- ----------------
    1 CSCGasCollisions     1/82                              
    2 CSCRecHitBProducer   1/1              1/2              1/100
    3 PFProducer           1/1              1/1              1/100
    4 RecoVertex/SequentialVertexFitter 1/1              1/1              1/100
    5 Root_Error           1/1                               

Severity    # Occurrences   Total Occurrences
--------    -------------   -----------------
Error                4525                4525

Timing Report  (in seconds)

CSCBaseEl:loop                                                                                              1630        1.442 (real)        0.020 (cpu)
CSCBaseEl:simulate                                                                                          1630        2.022 (real)        0.030 (cpu)
CSCStripEl:filldigi                                                                                          815        1.242 (real)        0.010 (cpu)
CSCStripEl:init                                                                                              815        0.000 (real)        0.000 (cpu)
CSCStripElectronicsSim                                                                                       815        2.851 (real)        0.030 (cpu)
CSCStripHitSim                                                                                               814        0.688 (real)        0.000 (cpu)
CSCWireElectronicsSim                                                                                        815        0.452 (real)        0.010 (cpu)
CSCWireHitSim                                                                                                815        0.599 (real)        0.010 (cpu)
CachedTrajectory::propagate                                                                               756258       15.751 (real)        0.000 (cpu)
CachedTrajectory::propagate::findClosestPoint                                                             756258        0.656 (real)        0.000 (cpu)
CachedTrajectory::propagate::localPropagation                                                             478319       12.796 (real)        0.000 (cpu)
MuonIdProducer::produce                                                                                      199       90.603 (real)        0.000 (cpu)
MuonIdProducer::produce::fillArbitration                                                                     199        0.018 (real)        0.000 (cpu)
MuonIdProducer::produce::fillCaloCompatibility                                                              2583        0.070 (real)        0.000 (cpu)
MuonIdProducer::produce::fillIsolation                                                                      2583       22.452 (real)        0.000 (cpu)
MuonIdProducer::produce::fillMuonId                                                                        12155       68.171 (real)        0.000 (cpu)
MuonIdProducer::produce::init                                                                                199        0.133 (real)        0.000 (cpu)
MuonIdProducer::produce::init::getInputCollections                                                           199        0.128 (real)        0.000 (cpu)
MuonIdProducer::produce::init::getPropagator                                                                 199        0.003 (real)        0.000 (cpu)
MuonIdProducer::produce::init::misc                                                                          199        0.000 (real)        0.000 (cpu)
Muon|RecoMuon|GlobalMuonTrajectoryBuilder|addTraj                                                           3302        0.000 (real)        0.000 (cpu)
Muon|RecoMuon|GlobalMuonTrajectoryBuilder|makeTkCandCollection                                                88        0.061 (real)        0.000 (cpu)
Muon|RecoMuon|GlobalMuonTrajectoryBuilder|makeTkCandCollection::chooseRegionalTrackerTracks                   88        0.034 (real)        0.000 (cpu)
Muon|RecoMuon|GlobalMuonTrajectoryBuilder|makeTkCandCollection::trackCollection                               88        0.061 (real)        0.000 (cpu)
Muon|RecoMuon|GlobalMuonTrajectoryBuilder|trajectories::Total                                                 92        4.602 (real)        0.000 (cpu)
Muon|RecoMuon|GlobalMuonTrajectoryBuilder|trajectories::build                                                 88        4.226 (real)        0.000 (cpu)
Muon|RecoMuon|GlobalMuonTrajectoryBuilder|trajectories::makeTkCandCollection                                  88        0.068 (real)        0.000 (cpu)
Muon|RecoMuon|GlobalMuonTrajectoryBuilder|trajectories::trackMatcher                                          88        0.306 (real)        0.000 (cpu)
RPCSim                                                                                                       471        0.004 (real)        0.000 (cpu)
TrackDetectorAssociator::associate                                                                         34830      133.119 (real)        1.400 (cpu)
TrackDetectorAssociator::associate::fillInfo                                                               34830       63.664 (real)        0.000 (cpu)
TrackDetectorAssociator::associate::getTrajectories                                                        34830       68.867 (real)        0.000 (cpu)
TrackDetectorAssociator::fillCaloTowers                                                                     2668       16.476 (real)        0.000 (cpu)
TrackDetectorAssociator::fillCaloTowers::access::CaloTowers                                                 2668        0.038 (real)        0.000 (cpu)
TrackDetectorAssociator::fillCaloTowers::addCrossedTowers                                                   2668        0.020 (real)        0.000 (cpu)
TrackDetectorAssociator::fillCaloTowers::addTowersInTheRegion                                               2668        1.446 (real)        0.000 (cpu)
TrackDetectorAssociator::fillCaloTowers::matching                                                           2668       14.930 (real)        0.000 (cpu)
TrackDetectorAssociator::fillEcal                                                                          32161       15.132 (real)        0.000 (cpu)
TrackDetectorAssociator::fillEcal::access::EcalBarrel                                                      31869        0.353 (real)        0.000 (cpu)
TrackDetectorAssociator::fillEcal::access::EcalEndcaps                                                     31869        0.150 (real)        0.000 (cpu)
TrackDetectorAssociator::fillEcal::addCrossedHits                                                          31869        0.085 (real)        0.000 (cpu)
TrackDetectorAssociator::fillEcal::addHitsInTheRegion                                                      31869        1.539 (real)        0.000 (cpu)
TrackDetectorAssociator::fillEcal::matching                                                                31869       12.572 (real)        0.000 (cpu)
TrackDetectorAssociator::fillEcal::matching::cone                                                          31869        0.021 (real)        0.000 (cpu)
TrackDetectorAssociator::fillEcal::matching::crossed                                                       31869        8.683 (real)        0.000 (cpu)
TrackDetectorAssociator::fillEcal::matching::region                                                        31869        3.584 (real)        0.000 (cpu)
TrackDetectorAssociator::fillHO                                                                            12155        1.959 (real)        0.000 (cpu)
TrackDetectorAssociator::fillHO::access::HO                                                                 6667        0.061 (real)        0.000 (cpu)
TrackDetectorAssociator::fillHO::addCrossedHits                                                             6667        0.020 (real)        0.000 (cpu)
TrackDetectorAssociator::fillHO::addHitsInTheRegion                                                         6667        0.360 (real)        0.000 (cpu)
TrackDetectorAssociator::fillHO::matching                                                                   6667        1.420 (real)        0.000 (cpu)
TrackDetectorAssociator::fillHcal                                                                          12155        7.118 (real)        0.000 (cpu)
TrackDetectorAssociator::fillHcal::access::Hcal                                                            12075        0.118 (real)        0.000 (cpu)
TrackDetectorAssociator::fillHcal::addCrossedHits                                                          12075        1.189 (real)        0.000 (cpu)
TrackDetectorAssociator::fillHcal::addHcal                                                                 12075        0.046 (real)        0.000 (cpu)
TrackDetectorAssociator::fillHcal::addHitsInTheRegion                                                      12075        1.081 (real)        0.000 (cpu)
TrackDetectorAssociator::fillHcal::matching                                                                12075        5.697 (real)        0.000 (cpu)
TrackDetectorAssociator::fillMuon                                                                          12155       22.227 (real)        0.000 (cpu)
TrackDetectorAssociator::fillMuon::access                                                                  12155        0.200 (real)        0.000 (cpu)
TrackDetectorAssociator::fillMuon::findSemgents                                                            12155        0.087 (real)        0.000 (cpu)
TrackDetectorAssociator::fillMuon::matchChembers                                                           12155       21.842 (real)        0.000 (cpu)
firstcall_CachedTrajectory::propagate                                                                          1        0.000 (real)        0.000 (cpu)
firstcall_CachedTrajectory::propagate::findClosestPoint                                                        1        0.000 (real)        0.000 (cpu)
firstcall_CachedTrajectory::propagate::localPropagation                                                        1        0.000 (real)        0.000 (cpu)
firstcall_MuonIdProducer::produce                                                                              1        2.531 (real)        0.000 (cpu)
firstcall_MuonIdProducer::produce::fillArbitration                                                             1        0.002 (real)        0.000 (cpu)
firstcall_MuonIdProducer::produce::fillCaloCompatibility                                                       1        0.001 (real)        0.000 (cpu)
firstcall_MuonIdProducer::produce::fillIsolation                                                               1        0.952 (real)        0.000 (cpu)
firstcall_MuonIdProducer::produce::fillMuonId                                                                  1        0.948 (real)        0.000 (cpu)
firstcall_MuonIdProducer::produce::init                                                                        1        0.003 (real)        0.000 (cpu)
firstcall_MuonIdProducer::produce::init::getInputCollections                                                   1        0.003 (real)        0.000 (cpu)
firstcall_MuonIdProducer::produce::init::getPropagator                                                         1        0.000 (real)        0.000 (cpu)
firstcall_MuonIdProducer::produce::init::misc                                                                  1        0.000 (real)        0.000 (cpu)
firstcall_Muon|RecoMuon|GlobalMuonTrajectoryBuilder|addTraj                                                    1        0.000 (real)        0.000 (cpu)
firstcall_Muon|RecoMuon|GlobalMuonTrajectoryBuilder|makeTkCandCollection                                       1        0.003 (real)        0.000 (cpu)
firstcall_Muon|RecoMuon|GlobalMuonTrajectoryBuilder|makeTkCandCollection::chooseRegionalTrackerTracks          1        0.002 (real)        0.000 (cpu)
firstcall_Muon|RecoMuon|GlobalMuonTrajectoryBuilder|makeTkCandCollection::trackCollection                      1        0.003 (real)        0.000 (cpu)
firstcall_Muon|RecoMuon|GlobalMuonTrajectoryBuilder|trajectories::Total                                        1        0.019 (real)        0.000 (cpu)
firstcall_Muon|RecoMuon|GlobalMuonTrajectoryBuilder|trajectories::build                                        1        0.008 (real)        0.000 (cpu)
firstcall_Muon|RecoMuon|GlobalMuonTrajectoryBuilder|trajectories::makeTkCandCollection                         1        0.004 (real)        0.000 (cpu)
firstcall_Muon|RecoMuon|GlobalMuonTrajectoryBuilder|trajectories::trackMatcher                                 1        0.007 (real)        0.000 (cpu)
firstcall_TrackDetectorAssociator::associate                                                                   1        0.946 (real)        0.010 (cpu)
firstcall_TrackDetectorAssociator::associate::fillInfo                                                         1        0.010 (real)        0.000 (cpu)
firstcall_TrackDetectorAssociator::associate::getTrajectories                                                  1        0.935 (real)        0.000 (cpu)
firstcall_TrackDetectorAssociator::fillCaloTowers                                                              1        0.059 (real)        0.000 (cpu)
firstcall_TrackDetectorAssociator::fillCaloTowers::access::CaloTowers                                          1        0.000 (real)        0.000 (cpu)
firstcall_TrackDetectorAssociator::fillCaloTowers::addCrossedTowers                                            1        0.000 (real)        0.000 (cpu)
firstcall_TrackDetectorAssociator::fillCaloTowers::addTowersInTheRegion                                        1        0.000 (real)        0.000 (cpu)
firstcall_TrackDetectorAssociator::fillCaloTowers::matching                                                    1        0.057 (real)        0.000 (cpu)
firstcall_TrackDetectorAssociator::fillEcal                                                                    1        0.002 (real)        0.000 (cpu)
firstcall_TrackDetectorAssociator::fillEcal::access::EcalBarrel                                                1        0.000 (real)        0.000 (cpu)
firstcall_TrackDetectorAssociator::fillEcal::access::EcalEndcaps                                               1        0.000 (real)        0.000 (cpu)
firstcall_TrackDetectorAssociator::fillEcal::addCrossedHits                                                    1        0.000 (real)        0.000 (cpu)
firstcall_TrackDetectorAssociator::fillEcal::addHitsInTheRegion                                                1        0.000 (real)        0.000 (cpu)
firstcall_TrackDetectorAssociator::fillEcal::matching                                                          1        0.001 (real)        0.000 (cpu)
firstcall_TrackDetectorAssociator::fillEcal::matching::cone                                                    1        0.000 (real)        0.000 (cpu)
firstcall_TrackDetectorAssociator::fillEcal::matching::crossed                                                 1        0.001 (real)        0.000 (cpu)
firstcall_TrackDetectorAssociator::fillEcal::matching::region                                                  1        0.001 (real)        0.000 (cpu)
firstcall_TrackDetectorAssociator::fillHO                                                                      1        0.000 (real)        0.000 (cpu)
firstcall_TrackDetectorAssociator::fillHO::access::HO                                                          1        0.001 (real)        0.000 (cpu)
firstcall_TrackDetectorAssociator::fillHO::addCrossedHits                                                      1        0.000 (real)        0.000 (cpu)
firstcall_TrackDetectorAssociator::fillHO::addHitsInTheRegion                                                  1        0.000 (real)        0.000 (cpu)
firstcall_TrackDetectorAssociator::fillHO::matching                                                            1        0.000 (real)        0.000 (cpu)
firstcall_TrackDetectorAssociator::fillHcal                                                                    1        0.002 (real)        0.000 (cpu)
firstcall_TrackDetectorAssociator::fillHcal::access::Hcal                                                      1        0.000 (real)        0.000 (cpu)
firstcall_TrackDetectorAssociator::fillHcal::addCrossedHits                                                    1        0.001 (real)        0.000 (cpu)
firstcall_TrackDetectorAssociator::fillHcal::addHcal                                                           1        0.000 (real)        0.000 (cpu)
firstcall_TrackDetectorAssociator::fillHcal::addHitsInTheRegion                                                1        0.000 (real)        0.000 (cpu)
firstcall_TrackDetectorAssociator::fillHcal::matching                                                          1        0.001 (real)        0.000 (cpu)
firstcall_TrackDetectorAssociator::fillMuon                                                                    1        0.006 (real)        0.000 (cpu)
firstcall_TrackDetectorAssociator::fillMuon::access                                                            1        0.001 (real)        0.000 (cpu)
firstcall_TrackDetectorAssociator::fillMuon::findSemgents                                                      1        0.000 (real)        0.000 (cpu)
firstcall_TrackDetectorAssociator::fillMuon::matchChembers                                                     1        0.004 (real)        0.000 (cpu)



Timing Report  (in seconds)

CSCBaseEl:loop                                                                                              1630        1.442 (real)        0.020 (cpu)
CSCBaseEl:simulate                                                                                          1630        2.022 (real)        0.030 (cpu)
CSCStripEl:filldigi                                                                                          815        1.242 (real)        0.010 (cpu)
CSCStripEl:init                                                                                              815        0.000 (real)        0.000 (cpu)
CSCStripElectronicsSim                                                                                       815        2.851 (real)        0.030 (cpu)
CSCStripHitSim                                                                                               814        0.688 (real)        0.000 (cpu)
CSCWireElectronicsSim                                                                                        815        0.452 (real)        0.010 (cpu)
CSCWireHitSim                                                                                                815        0.599 (real)        0.010 (cpu)
CachedTrajectory::propagate                                                                               756258       15.751 (real)        0.000 (cpu)
CachedTrajectory::propagate::findClosestPoint                                                             756258        0.656 (real)        0.000 (cpu)
CachedTrajectory::propagate::localPropagation                                                             478319       12.796 (real)        0.000 (cpu)
MuonIdProducer::produce                                                                                      199       90.603 (real)        0.000 (cpu)
MuonIdProducer::produce::fillArbitration                                                                     199        0.018 (real)        0.000 (cpu)
MuonIdProducer::produce::fillCaloCompatibility                                                              2583        0.070 (real)        0.000 (cpu)
MuonIdProducer::produce::fillIsolation                                                                      2583       22.452 (real)        0.000 (cpu)
MuonIdProducer::produce::fillMuonId                                                                        12155       68.171 (real)        0.000 (cpu)
MuonIdProducer::produce::init                                                                                199        0.133 (real)        0.000 (cpu)
MuonIdProducer::produce::init::getInputCollections                                                           199        0.128 (real)        0.000 (cpu)
MuonIdProducer::produce::init::getPropagator                                                                 199        0.003 (real)        0.000 (cpu)
MuonIdProducer::produce::init::misc                                                                          199        0.000 (real)        0.000 (cpu)
Muon|RecoMuon|GlobalMuonTrajectoryBuilder|addTraj                                                           3302        0.000 (real)        0.000 (cpu)
Muon|RecoMuon|GlobalMuonTrajectoryBuilder|makeTkCandCollection                                                88        0.061 (real)        0.000 (cpu)
Muon|RecoMuon|GlobalMuonTrajectoryBuilder|makeTkCandCollection::chooseRegionalTrackerTracks                   88        0.034 (real)        0.000 (cpu)
Muon|RecoMuon|GlobalMuonTrajectoryBuilder|makeTkCandCollection::trackCollection                               88        0.061 (real)        0.000 (cpu)
Muon|RecoMuon|GlobalMuonTrajectoryBuilder|trajectories::Total                                                 92        4.602 (real)        0.000 (cpu)
Muon|RecoMuon|GlobalMuonTrajectoryBuilder|trajectories::build                                                 88        4.226 (real)        0.000 (cpu)
Muon|RecoMuon|GlobalMuonTrajectoryBuilder|trajectories::makeTkCandCollection                                  88        0.068 (real)        0.000 (cpu)
Muon|RecoMuon|GlobalMuonTrajectoryBuilder|trajectories::trackMatcher                                          88        0.306 (real)        0.000 (cpu)
RPCSim                                                                                                       471        0.004 (real)        0.000 (cpu)
TrackDetectorAssociator::associate                                                                         34830      133.119 (real)        1.400 (cpu)
TrackDetectorAssociator::associate::fillInfo                                                               34830       63.664 (real)        0.000 (cpu)
TrackDetectorAssociator::associate::getTrajectories                                                        34830       68.867 (real)        0.000 (cpu)
TrackDetectorAssociator::fillCaloTowers                                                                     2668       16.476 (real)        0.000 (cpu)
TrackDetectorAssociator::fillCaloTowers::access::CaloTowers                                                 2668        0.038 (real)        0.000 (cpu)
TrackDetectorAssociator::fillCaloTowers::addCrossedTowers                                                   2668        0.020 (real)        0.000 (cpu)
TrackDetectorAssociator::fillCaloTowers::addTowersInTheRegion                                               2668        1.446 (real)        0.000 (cpu)
TrackDetectorAssociator::fillCaloTowers::matching                                                           2668       14.930 (real)        0.000 (cpu)
TrackDetectorAssociator::fillEcal                                                                          32161       15.132 (real)        0.000 (cpu)
TrackDetectorAssociator::fillEcal::access::EcalBarrel                                                      31869        0.353 (real)        0.000 (cpu)
TrackDetectorAssociator::fillEcal::access::EcalEndcaps                                                     31869        0.150 (real)        0.000 (cpu)
TrackDetectorAssociator::fillEcal::addCrossedHits                                                          31869        0.085 (real)        0.000 (cpu)
TrackDetectorAssociator::fillEcal::addHitsInTheRegion                                                      31869        1.539 (real)        0.000 (cpu)
TrackDetectorAssociator::fillEcal::matching                                                                31869       12.572 (real)        0.000 (cpu)
TrackDetectorAssociator::fillEcal::matching::cone                                                          31869        0.021 (real)        0.000 (cpu)
TrackDetectorAssociator::fillEcal::matching::crossed                                                       31869        8.683 (real)        0.000 (cpu)
TrackDetectorAssociator::fillEcal::matching::region                                                        31869        3.584 (real)        0.000 (cpu)
TrackDetectorAssociator::fillHO                                                                            12155        1.959 (real)        0.000 (cpu)
TrackDetectorAssociator::fillHO::access::HO                                                                 6667        0.061 (real)        0.000 (cpu)
TrackDetectorAssociator::fillHO::addCrossedHits                                                             6667        0.020 (real)        0.000 (cpu)
TrackDetectorAssociator::fillHO::addHitsInTheRegion                                                         6667        0.360 (real)        0.000 (cpu)
TrackDetectorAssociator::fillHO::matching                                                                   6667        1.420 (real)        0.000 (cpu)
TrackDetectorAssociator::fillHcal                                                                          12155        7.118 (real)        0.000 (cpu)
TrackDetectorAssociator::fillHcal::access::Hcal                                                            12075        0.118 (real)        0.000 (cpu)
TrackDetectorAssociator::fillHcal::addCrossedHits                                                          12075        1.189 (real)        0.000 (cpu)
TrackDetectorAssociator::fillHcal::addHcal                                                                 12075        0.046 (real)        0.000 (cpu)
TrackDetectorAssociator::fillHcal::addHitsInTheRegion                                                      12075        1.081 (real)        0.000 (cpu)
TrackDetectorAssociator::fillHcal::matching                                                                12075        5.697 (real)        0.000 (cpu)
TrackDetectorAssociator::fillMuon                                                                          12155       22.227 (real)        0.000 (cpu)
TrackDetectorAssociator::fillMuon::access                                                                  12155        0.200 (real)        0.000 (cpu)
TrackDetectorAssociator::fillMuon::findSemgents                                                            12155        0.087 (real)        0.000 (cpu)
TrackDetectorAssociator::fillMuon::matchChembers                                                           12155       21.842 (real)        0.000 (cpu)
firstcall_CachedTrajectory::propagate                                                                          1        0.000 (real)        0.000 (cpu)
firstcall_CachedTrajectory::propagate::findClosestPoint                                                        1        0.000 (real)        0.000 (cpu)
firstcall_CachedTrajectory::propagate::localPropagation                                                        1        0.000 (real)        0.000 (cpu)
firstcall_MuonIdProducer::produce                                                                              1        2.531 (real)        0.000 (cpu)
firstcall_MuonIdProducer::produce::fillArbitration                                                             1        0.002 (real)        0.000 (cpu)
firstcall_MuonIdProducer::produce::fillCaloCompatibility                                                       1        0.001 (real)        0.000 (cpu)
firstcall_MuonIdProducer::produce::fillIsolation                                                               1        0.952 (real)        0.000 (cpu)
firstcall_MuonIdProducer::produce::fillMuonId                                                                  1        0.948 (real)        0.000 (cpu)
firstcall_MuonIdProducer::produce::init                                                                        1        0.003 (real)        0.000 (cpu)
firstcall_MuonIdProducer::produce::init::getInputCollections                                                   1        0.003 (real)        0.000 (cpu)
firstcall_MuonIdProducer::produce::init::getPropagator                                                         1        0.000 (real)        0.000 (cpu)
firstcall_MuonIdProducer::produce::init::misc                                                                  1        0.000 (real)        0.000 (cpu)
firstcall_Muon|RecoMuon|GlobalMuonTrajectoryBuilder|addTraj                                                    1        0.000 (real)        0.000 (cpu)
firstcall_Muon|RecoMuon|GlobalMuonTrajectoryBuilder|makeTkCandCollection                                       1        0.003 (real)        0.000 (cpu)
firstcall_Muon|RecoMuon|GlobalMuonTrajectoryBuilder|makeTkCandCollection::chooseRegionalTrackerTracks          1        0.002 (real)        0.000 (cpu)
firstcall_Muon|RecoMuon|GlobalMuonTrajectoryBuilder|makeTkCandCollection::trackCollection                      1        0.003 (real)        0.000 (cpu)
firstcall_Muon|RecoMuon|GlobalMuonTrajectoryBuilder|trajectories::Total                                        1        0.019 (real)        0.000 (cpu)
firstcall_Muon|RecoMuon|GlobalMuonTrajectoryBuilder|trajectories::build                                        1        0.008 (real)        0.000 (cpu)
firstcall_Muon|RecoMuon|GlobalMuonTrajectoryBuilder|trajectories::makeTkCandCollection                         1        0.004 (real)        0.000 (cpu)
firstcall_Muon|RecoMuon|GlobalMuonTrajectoryBuilder|trajectories::trackMatcher                                 1        0.007 (real)        0.000 (cpu)
firstcall_TrackDetectorAssociator::associate                                                                   1        0.946 (real)        0.010 (cpu)
firstcall_TrackDetectorAssociator::associate::fillInfo                                                         1        0.010 (real)        0.000 (cpu)
firstcall_TrackDetectorAssociator::associate::getTrajectories                                                  1        0.935 (real)        0.000 (cpu)
firstcall_TrackDetectorAssociator::fillCaloTowers                                                              1        0.059 (real)        0.000 (cpu)
firstcall_TrackDetectorAssociator::fillCaloTowers::access::CaloTowers                                          1        0.000 (real)        0.000 (cpu)
firstcall_TrackDetectorAssociator::fillCaloTowers::addCrossedTowers                                            1        0.000 (real)        0.000 (cpu)
firstcall_TrackDetectorAssociator::fillCaloTowers::addTowersInTheRegion                                        1        0.000 (real)        0.000 (cpu)
firstcall_TrackDetectorAssociator::fillCaloTowers::matching                                                    1        0.057 (real)        0.000 (cpu)
firstcall_TrackDetectorAssociator::fillEcal                                                                    1        0.002 (real)        0.000 (cpu)
firstcall_TrackDetectorAssociator::fillEcal::access::EcalBarrel                                                1        0.000 (real)        0.000 (cpu)
firstcall_TrackDetectorAssociator::fillEcal::access::EcalEndcaps                                               1        0.000 (real)        0.000 (cpu)
firstcall_TrackDetectorAssociator::fillEcal::addCrossedHits                                                    1        0.000 (real)        0.000 (cpu)
firstcall_TrackDetectorAssociator::fillEcal::addHitsInTheRegion                                                1        0.000 (real)        0.000 (cpu)
firstcall_TrackDetectorAssociator::fillEcal::matching                                                          1        0.001 (real)        0.000 (cpu)
firstcall_TrackDetectorAssociator::fillEcal::matching::cone                                                    1        0.000 (real)        0.000 (cpu)
firstcall_TrackDetectorAssociator::fillEcal::matching::crossed                                                 1        0.001 (real)        0.000 (cpu)
firstcall_TrackDetectorAssociator::fillEcal::matching::region                                                  1        0.001 (real)        0.000 (cpu)
firstcall_TrackDetectorAssociator::fillHO                                                                      1        0.000 (real)        0.000 (cpu)
firstcall_TrackDetectorAssociator::fillHO::access::HO                                                          1        0.001 (real)        0.000 (cpu)
firstcall_TrackDetectorAssociator::fillHO::addCrossedHits                                                      1        0.000 (real)        0.000 (cpu)
firstcall_TrackDetectorAssociator::fillHO::addHitsInTheRegion                                                  1        0.000 (real)        0.000 (cpu)
firstcall_TrackDetectorAssociator::fillHO::matching                                                            1        0.000 (real)        0.000 (cpu)
firstcall_TrackDetectorAssociator::fillHcal                                                                    1        0.002 (real)        0.000 (cpu)
firstcall_TrackDetectorAssociator::fillHcal::access::Hcal                                                      1        0.000 (real)        0.000 (cpu)
firstcall_TrackDetectorAssociator::fillHcal::addCrossedHits                                                    1        0.001 (real)        0.000 (cpu)
firstcall_TrackDetectorAssociator::fillHcal::addHcal                                                           1        0.000 (real)        0.000 (cpu)
firstcall_TrackDetectorAssociator::fillHcal::addHitsInTheRegion                                                1        0.000 (real)        0.000 (cpu)
firstcall_TrackDetectorAssociator::fillHcal::matching                                                          1        0.001 (real)        0.000 (cpu)
firstcall_TrackDetectorAssociator::fillMuon                                                                    1        0.006 (real)        0.000 (cpu)
firstcall_TrackDetectorAssociator::fillMuon::access                                                            1        0.001 (real)        0.000 (cpu)
firstcall_TrackDetectorAssociator::fillMuon::findSemgents                                                      1        0.000 (real)        0.000 (cpu)
firstcall_TrackDetectorAssociator::fillMuon::matchChembers                                                     1        0.004 (real)        0.000 (cpu)


DDCompare stat 10300099 134453958
Sib rot stats same/diff 18060626 46036797

Main Thread CPU elapsed time -1864
